TN:
SF:src/cli.ts
FN:70,parseArgs
FN:105,formatDiagnostic
FN:109,defaultOutput
FN:124,selectedView
FN:141,main
FNF:5
FNH:5
FNDA:25,parseArgs
FNDA:9,formatDiagnostic
FNDA:1,defaultOutput
FNDA:8,selectedView
FNDA:17,main
DA:20,1
DA:21,1
DA:22,1
DA:23,1
DA:24,1
DA:25,1
DA:26,1
DA:27,1
DA:46,1
DA:70,1
DA:71,25
DA:72,25
DA:74,25
DA:75,65
DA:76,65
DA:77,65
DA:78,65
DA:79,65
DA:80,65
DA:81,65
DA:82,65
DA:83,65
DA:84,65
DA:85,65
DA:86,65
DA:87,65
DA:88,65
DA:89,65
DA:90,43
DA:91,42
DA:92,65
DA:93,65
DA:95,21
DA:96,25
DA:97,19
DA:98,19
DA:99,25
DA:100,1
DA:101,1
DA:102,20
DA:103,20
DA:105,9
DA:106,9
DA:107,9
DA:109,1
DA:110,1
DA:111,1
DA:112,1
DA:124,8
DA:125,8
DA:126,8
DA:127,8
DA:128,8
DA:129,8
DA:131,2
DA:132,8
DA:133,1
DA:134,1
DA:135,1
DA:136,1
DA:137,1
DA:138,1
DA:139,1
DA:141,17
DA:142,17
DA:143,17
DA:144,17
DA:145,17
DA:146,2
DA:147,2
DA:148,2
DA:149,2
DA:151,17
DA:152,2
DA:153,2
DA:154,2
DA:155,17
DA:156,0
DA:157,0
DA:158,0
DA:159,0
DA:161,13
DA:162,13
DA:163,13
DA:164,13
DA:165,17
DA:166,1
DA:167,1
DA:168,1
DA:170,12
DA:174,17
DA:175,2
DA:176,2
DA:177,17
DA:178,0
DA:179,0
DA:180,0
DA:182,17
DA:183,9
DA:184,9
DA:185,9
DA:186,9
DA:188,12
DA:189,12
DA:190,10
DA:192,17
DA:193,3
DA:194,3
DA:195,3
DA:197,17
DA:198,1
DA:199,1
DA:200,1
DA:215,8
DA:216,8
DA:217,8
DA:218,17
DA:219,1
DA:220,1
DA:221,1
DA:223,7
DA:224,0
DA:225,7
DA:226,17
DA:228,17
DA:229,17
DA:230,7
DA:231,17
DA:232,0
DA:233,0
DA:234,0
DA:235,0
DA:236,0
DA:237,0
DA:238,0
DA:239,0
DA:240,0
DA:241,0
DA:242,0
DA:243,17
DA:244,0
DA:245,0
DA:246,0
DA:248,7
DA:249,7
DA:250,7
DA:251,7
DA:253,17
DA:254,17
DA:264,1
DA:265,1
DA:267,1
DA:268,0
DA:269,0
DA:270,0
DA:271,0
DA:272,0
DA:273,0
DA:274,0
LF:159
LH:130
BRDA:267,0,0,0
BRDA:70,1,0,25
BRDA:74,2,0,65
BRDA:77,3,0,1
BRDA:77,4,0,3
BRDA:78,5,0,0
BRDA:79,6,0,1
BRDA:80,7,0,1
BRDA:81,8,0,1
BRDA:82,9,0,0
BRDA:83,10,0,1
BRDA:83,11,0,2
BRDA:84,12,0,8
BRDA:84,13,0,8
BRDA:85,14,0,1
BRDA:86,15,0,1
BRDA:87,16,0,1
BRDA:88,17,0,3
BRDA:89,18,0,43
BRDA:90,19,0,1
BRDA:90,20,0,42
BRDA:93,21,0,21
BRDA:96,22,0,8
BRDA:96,23,0,6
BRDA:96,24,0,19
BRDA:99,25,0,2
BRDA:99,26,0,1
BRDA:101,27,0,20
BRDA:105,28,0,9
BRDA:109,29,0,1
BRDA:124,30,0,8
BRDA:128,31,0,0
BRDA:129,32,0,6
BRDA:129,33,0,2
BRDA:132,34,0,1
BRDA:135,35,0,0
BRDA:131,36,0,4
BRDA:131,37,0,0
BRDA:133,38,0,2
BRDA:133,39,0,0
BRDA:135,40,0,2
BRDA:141,41,0,17
BRDA:145,42,0,2
BRDA:149,43,0,15
BRDA:151,44,0,2
BRDA:154,45,0,13
BRDA:155,46,0,0
BRDA:159,47,0,13
BRDA:164,48,0,12
BRDA:165,49,0,1
BRDA:168,50,0,12
BRDA:174,51,0,2
BRDA:176,52,0,12
BRDA:177,53,0,0
BRDA:180,54,0,12
BRDA:182,55,0,9
BRDA:184,56,0,0
BRDA:185,57,0,8
BRDA:186,58,0,12
BRDA:189,59,0,10
BRDA:192,60,0,3
BRDA:193,61,0,2
BRDA:193,62,0,1
BRDA:194,63,0,1
BRDA:194,64,0,2
BRDA:195,65,0,9
BRDA:197,66,0,1
BRDA:199,67,0,0
BRDA:200,68,0,8
BRDA:218,69,0,1
BRDA:221,70,0,7
BRDA:223,71,0,0
BRDA:224,72,0,7
BRDA:226,73,0,1
BRDA:229,74,0,7
BRDA:231,75,0,0
BRDA:243,76,0,0
BRDA:246,77,0,7
BRDA:250,78,0,5
BRDA:253,79,0,1
BRDA:253,80,0,6
BRDA:189,81,0,2
BRDA:190,82,0,9
BRF:83
BRH:69
end_of_record
TN:
SF:src/index.ts
FN:45,process
FN:65,parseAndRender
FN:75,renderStudy
FNF:3
FNH:3
FNDA:605,process
FNDA:194,parseAndRender
FNDA:275,renderStudy
DA:10,1
DA:11,1
DA:12,1
DA:13,1
DA:14,1
DA:16,1
DA:17,1
DA:18,1
DA:19,1
DA:20,1
DA:22,1
DA:24,1
DA:45,1
DA:46,605
DA:47,605
DA:48,0
DA:49,0
DA:50,605
DA:51,605
DA:52,605
DA:53,605
DA:54,605
DA:55,605
DA:56,605
DA:57,605
DA:58,605
DA:59,605
DA:65,1
DA:66,194
DA:67,194
DA:68,194
DA:69,194
DA:70,194
DA:71,194
DA:72,194
DA:75,1
DA:76,275
DA:77,275
DA:78,275
DA:79,275
DA:80,275
DA:81,275
DA:92,275
DA:94,275
DA:95,275
DA:96,275
DA:97,275
DA:98,275
DA:100,275
DA:101,275
DA:102,275
DA:103,275
DA:104,275
DA:105,275
LF:54
LH:52
BRDA:45,0,0,605
BRDA:47,1,0,0
BRDA:65,2,0,194
BRDA:75,3,0,275
BRDA:80,4,0,63
BRDA:81,5,0,1
BRDA:92,6,0,193
BRDA:95,7,0,193
BRDA:96,8,0,1
BRDA:97,9,0,63
BRDA:98,10,0,85
BRDA:100,11,0,0
BRDA:80,12,0,820
BRDA:81,13,0,347
BRF:14
BRH:12
end_of_record
TN:
SF:src/components/tc-app.ts
FN:57,TcApp
FN:184,TcApp.boundOnChange
FN:185,TcApp.boundOnSave
FN:186,TcApp.boundOnOpen
FN:187,TcApp.boundOnHelp
FN:188,TcApp.boundOnSelectionMove
FN:94,handleSplitterMove
FN:103,handleSplitterEnd
FN:115,handleSplitterReset
FN:205,cursorKey
FN:208,rememberCursor
FN:215,get boundShortcuts
FN:221,restoreCursorForExample
FN:238,connectedCallback
FN:317,disconnectedCallback
FN:331,parseSource
FN:496,handleSourceChange
FN:502,showPane
FN:534,measureNarrow
FN:542,loadExample
FN:561,pick
FN:589,saveToBrowser
FN:608,suggestedName
FN:615,deleteSaved
FN:633,copyShareLink
FN:645,resetDraft
FN:661,exportStem
FN:673,saveSource
FN:688,openSourceViaPicker
FN:722,createRenderRoot
FN:742,visibleErrors
FN:748,renderDiagnostics
FN:777,gotoLine
FN:784,viewer
FN:795,formatSource
FN:808,applyTheme
FN:812,toggleTheme
FN:828,issueSummary
FN:847,gradeVerdict
FN:856,render
FN:1026,__vite_ssr_import_0__.html.showGuide
FN:1037,__vite_ssr_import_0__.html.showGuide
FN:1042,__vite_ssr_import_0__.html.showGuide
FN:1067,studyName
FN:1090,readStoredTheme
FN:1109,lineAtOffset
FNF:46
FNH:45
FNDA:15,TcApp
FNDA:10,TcApp.boundOnChange
FNDA:1,TcApp.boundOnSave
FNDA:1,TcApp.boundOnOpen
FNDA:22,TcApp.boundOnHelp
FNDA:22,TcApp.boundOnSelectionMove
FNDA:1,handleSplitterMove
FNDA:1,handleSplitterEnd
FNDA:1,handleSplitterReset
FNDA:39,cursorKey
FNDA:1,rememberCursor
FNDA:62,get boundShortcuts
FNDA:17,restoreCursorForExample
FNDA:15,connectedCallback
FNDA:15,disconnectedCallback
FNDA:35,parseSource
FNDA:17,handleSourceChange
FNDA:1,showPane
FNDA:15,measureNarrow
FNDA:3,loadExample
FNDA:1,pick
FNDA:1,saveToBrowser
FNDA:1,suggestedName
FNDA:1,deleteSaved
FNDA:1,copyShareLink
FNDA:1,resetDraft
FNDA:1,exportStem
FNDA:1,saveSource
FNDA:1,openSourceViaPicker
FNDA:15,createRenderRoot
FNDA:124,visibleErrors
FNDA:62,renderDiagnostics
FNDA:1,gotoLine
FNDA:1,viewer
FNDA:1,formatSource
FNDA:16,applyTheme
FNDA:1,toggleTheme
FNDA:62,issueSummary
FNDA:9,gradeVerdict
FNDA:62,render
FNDA:1,__vite_ssr_import_0__.html.showGuide
FNDA:1,__vite_ssr_import_0__.html.showGuide
FNDA:1,__vite_ssr_import_0__.html.showGuide
FNDA:0,studyName
FNDA:15,readStoredTheme
FNDA:22,lineAtOffset
DA:12,1
DA:13,1
DA:14,1
DA:15,1
DA:16,1
DA:17,1
DA:18,1
DA:19,1
DA:20,1
DA:21,1
DA:36,1
DA:37,1
DA:38,1
DA:44,1
DA:46,1
DA:54,1
DA:56,1
DA:57,1
DA:58,15
DA:67,15
DA:70,15
DA:71,15
DA:73,15
DA:79,15
DA:81,15
DA:82,15
DA:83,15
DA:84,15
DA:85,15
DA:86,15
DA:87,15
DA:88,15
DA:89,15
DA:90,15
DA:91,15
DA:92,15
DA:93,15
DA:94,15
DA:95,1
DA:96,1
DA:97,1
DA:98,1
DA:99,1
DA:100,1
DA:101,1
DA:102,1
DA:103,15
DA:104,1
DA:105,1
DA:106,1
DA:107,1
DA:108,1
DA:109,1
DA:110,1
DA:111,1
DA:112,1
DA:113,1
DA:114,1
DA:115,15
DA:116,0
DA:117,0
DA:118,0
DA:120,15
DA:121,15
DA:123,15
DA:125,15
DA:127,15
DA:129,15
DA:132,15
DA:135,15
DA:138,15
DA:141,15
DA:151,15
DA:160,15
DA:169,15
DA:171,15
DA:176,15
DA:184,15
DA:185,15
DA:186,15
DA:187,15
DA:188,15
DA:189,22
DA:190,22
DA:191,22
DA:201,15
DA:205,15
DA:206,39
DA:207,39
DA:208,15
DA:211,0
DA:215,15
DA:216,62
DA:217,62
DA:221,15
DA:222,17
DA:223,17
DA:224,17
DA:225,17
DA:228,15
DA:229,12
DA:230,12
DA:231,12
DA:232,12
DA:233,12
DA:234,15
DA:235,17
DA:236,17
DA:238,15
DA:239,15
DA:240,15
DA:243,15
DA:244,15
DA:245,15
DA:246,0
DA:247,0
DA:248,0
DA:249,0
DA:250,0
DA:251,15
DA:257,15
DA:259,15
DA:260,15
DA:261,1
DA:262,1
DA:263,1
DA:264,1
DA:265,1
DA:266,1
DA:268,15
DA:269,15
DA:270,15
DA:271,15
DA:273,15
DA:274,15
DA:275,0
DA:276,0
DA:292,0
DA:293,0
DA:294,0
DA:295,0
DA:296,0
DA:297,15
DA:298,15
DA:299,15
DA:300,0
DA:301,0
DA:302,0
DA:303,0
DA:304,0
DA:305,0
DA:306,0
DA:307,0
DA:308,15
DA:312,15
DA:314,15
DA:315,15
DA:317,15
DA:318,15
DA:319,15
DA:320,15
DA:329,15
DA:330,15
DA:331,1
DA:332,35
DA:333,35
DA:334,18
DA:335,18
DA:336,18
DA:337,35
DA:338,17
DA:341,17
DA:342,17
DA:343,17
DA:344,17
DA:345,17
DA:346,17
DA:354,17
DA:355,17
DA:356,17
DA:357,17
DA:358,17
DA:359,17
DA:360,0
DA:361,0
DA:362,0
DA:363,0
DA:364,17
DA:365,17
DA:368,0
DA:369,0
DA:370,35
DA:371,35
DA:373,1
DA:496,1
DA:497,17
DA:498,17
DA:499,17
DA:500,17
DA:502,1
DA:503,0
DA:504,0
DA:507,0
DA:508,0
DA:520,1
DA:521,1
DA:534,1
DA:535,15
DA:536,1
DA:537,15
DA:538,15
DA:539,15
DA:540,15
DA:542,1
DA:543,3
DA:544,3
DA:545,2
DA:546,2
DA:547,2
DA:548,2
DA:549,2
DA:552,2
DA:553,3
DA:561,1
DA:563,1
DA:565,1
DA:566,0
DA:567,0
DA:568,0
DA:569,0
DA:570,0
DA:571,0
DA:572,0
DA:573,0
DA:574,0
DA:575,0
DA:576,0
DA:577,1
DA:578,1
DA:579,1
DA:580,1
DA:589,1
DA:590,1
DA:591,1
DA:592,1
DA:594,0
DA:595,0
DA:597,0
DA:598,0
DA:599,0
DA:600,0
DA:601,0
DA:602,1
DA:608,1
DA:609,1
DA:610,1
DA:611,1
DA:612,1
DA:613,1
DA:615,1
DA:616,0
DA:617,0
DA:619,0
DA:620,0
DA:621,0
DA:622,0
DA:623,0
DA:633,1
DA:634,1
DA:635,1
DA:636,1
DA:637,1
DA:638,1
DA:639,1
DA:640,0
DA:641,0
DA:642,1
DA:645,1
DA:646,1
DA:647,1
DA:648,1
DA:649,1
DA:650,1
DA:651,1
DA:661,1
DA:662,1
DA:663,1
DA:664,1
DA:665,1
DA:666,0
DA:667,0
DA:668,1
DA:669,0
DA:670,1
DA:673,1
DA:674,1
DA:675,1
DA:676,1
DA:677,1
DA:678,1
DA:679,1
DA:680,1
DA:681,1
DA:682,1
DA:683,1
DA:684,1
DA:685,1
DA:688,1
DA:689,0
DA:690,0
DA:691,0
DA:692,0
DA:693,0
DA:694,0
DA:695,0
DA:696,0
DA:697,0
DA:698,0
DA:699,0
DA:700,0
DA:701,0
DA:702,0
DA:703,0
DA:704,0
DA:705,0
DA:706,0
DA:707,0
DA:709,0
DA:711,0
DA:712,0
DA:713,0
DA:714,0
DA:715,0
DA:716,0
DA:717,0
DA:718,0
DA:719,0
DA:720,0
DA:722,1
DA:723,15
DA:724,15
DA:742,1
DA:743,124
DA:744,124
DA:745,124
DA:746,124
DA:748,1
DA:750,62
DA:751,62
DA:752,1
DA:753,62
DA:754,62
DA:755,25
DA:756,62
DA:757,62
DA:758,62
DA:759,62
DA:761,62
DA:763,1
DA:765,1
DA:766,2
DA:767,2
DA:768,2
DA:769,2
DA:770,2
DA:771,2
DA:772,1
DA:774,62
DA:777,1
DA:778,0
DA:780,0
DA:781,0
DA:784,1
DA:785,1
DA:786,1
DA:795,1
DA:796,1
DA:797,1
DA:798,1
DA:799,1
DA:800,1
DA:801,1
DA:808,1
DA:809,16
DA:810,16
DA:812,1
DA:813,1
DA:814,1
DA:815,1
DA:816,1
DA:817,1
DA:820,0
DA:821,1
DA:828,1
DA:829,62
DA:830,62
DA:831,62
DA:832,62
DA:834,62
DA:835,1
DA:836,1
DA:837,1
DA:838,62
DA:839,62
DA:840,62
DA:841,1
DA:842,62
DA:844,62
DA:847,1
DA:848,9
DA:849,9
DA:850,1
DA:851,1
DA:852,1
DA:853,1
DA:854,9
DA:856,1
DA:869,62
DA:870,0
DA:871,62
DA:873,62
DA:874,62
DA:875,1
DA:876,62
DA:877,62
DA:880,0
DA:881,0
DA:882,0
DA:884,0
DA:885,0
DA:886,0
DA:887,62
DA:888,62
DA:889,62
DA:890,62
DA:891,62
DA:893,62
DA:894,62
DA:895,59
DA:896,62
DA:901,62
DA:910,62
DA:911,62
DA:913,0
DA:915,0
DA:916,62
DA:917,62
DA:919,0
DA:920,0
DA:921,0
DA:922,0
DA:923,62
DA:925,62
DA:926,1054
DA:927,1054
DA:928,1054
DA:929,62
DA:933,62
DA:935,62
DA:937,62
DA:939,62
DA:940,62
DA:941,0
DA:942,62
DA:944,62
DA:947,62
DA:948,62
DA:952,62
DA:953,62
DA:955,62
DA:956,62
DA:957,62
DA:958,62
DA:962,62
DA:963,62
DA:964,62
DA:965,62
DA:966,62
DA:967,62
DA:970,22
DA:971,22
DA:973,22
DA:974,22
DA:975,62
DA:977,62
DA:979,62
DA:984,59
DA:985,59
DA:987,62
DA:989,62
DA:990,62
DA:991,59
DA:992,62
DA:999,62
DA:1000,62
DA:1003,1
DA:1004,0
DA:1005,1
DA:1006,1
DA:1007,1
DA:1008,1
DA:1009,62
DA:1011,62
DA:1012,9
DA:1013,9
DA:1014,9
DA:1016,62
DA:1018,62
DA:1020,62
DA:1022,62
DA:1024,62
DA:1026,62
DA:1028,62
DA:1029,62
DA:1031,62
DA:1032,62
DA:1033,62
DA:1034,62
DA:1036,62
DA:1037,62
DA:1038,62
DA:1042,62
DA:1043,62
DA:1044,62
DA:1045,62
DA:1046,62
DA:1047,62
DA:1051,62
DA:1052,62
DA:1054,62
DA:1055,1
DA:1067,0
DA:1068,0
DA:1069,0
DA:1070,0
DA:1071,0
DA:1072,0
DA:1073,0
DA:1074,0
DA:1075,0
DA:1076,0
DA:1077,0
DA:1078,0
DA:1081,1
DA:1084,1
DA:1090,15
DA:1091,15
DA:1092,15
DA:1093,15
DA:1094,15
DA:1096,1
DA:1097,15
DA:1098,1
DA:1099,15
DA:1100,15
DA:1109,22
DA:1110,22
DA:1111,22
DA:1112,22
DA:1113,22
DA:1114,22
LF:561
LH:436
BRDA:57,0,0,15
BRDA:184,1,0,10
BRDA:187,2,0,22
BRDA:188,3,0,22
BRDA:189,4,0,0
BRDA:205,5,0,39
BRDA:206,6,0,0
BRDA:215,7,0,62
BRDA:221,8,0,17
BRDA:224,9,0,2
BRDA:224,10,0,15
BRDA:225,11,0,15
BRDA:225,12,0,2
BRDA:225,13,0,15
BRDA:235,14,0,0
BRDA:228,15,0,15
BRDA:228,16,0,12
BRDA:238,17,0,15
BRDA:245,18,0,0
BRDA:251,19,0,0
BRDA:260,20,0,0
BRDA:270,21,0,0
BRDA:271,22,0,0
BRDA:274,23,0,0
BRDA:299,24,0,0
BRDA:314,25,0,15
BRDA:317,26,0,15
BRDA:319,27,0,0
BRDA:331,28,0,35
BRDA:333,29,0,18
BRDA:337,30,0,17
BRDA:359,31,0,0
BRDA:365,32,0,0
BRDA:496,33,0,17
BRDA:534,34,0,15
BRDA:535,35,0,0
BRDA:538,36,0,0
BRDA:542,37,0,3
BRDA:544,38,0,1
BRDA:544,39,0,2
BRDA:545,40,0,0
BRDA:545,41,0,2
BRDA:543,42,0,29
BRDA:552,43,0,2
BRDA:589,44,0,1
BRDA:592,45,0,0
BRDA:608,46,0,1
BRDA:609,47,0,0
BRDA:611,48,0,0
BRDA:611,49,0,0
BRDA:645,50,0,1
BRDA:722,51,0,15
BRDA:742,52,0,124
BRDA:744,53,0,4
BRDA:744,54,0,2
BRDA:748,55,0,62
BRDA:761,56,0,61
BRDA:761,57,0,1
BRDA:751,58,0,1
BRDA:754,59,0,25
BRDA:758,60,0,26
BRDA:758,61,0,24
BRDA:759,62,0,1
BRDA:765,63,0,2
BRDA:767,64,0,0
BRDA:795,65,0,1
BRDA:796,66,0,0
BRDA:797,67,0,0
BRDA:808,68,0,16
BRDA:812,69,0,1
BRDA:813,70,0,0
BRDA:817,71,0,0
BRDA:828,72,0,62
BRDA:834,73,0,61
BRDA:834,74,0,61
BRDA:834,75,0,1
BRDA:837,76,0,0
BRDA:837,77,0,0
BRDA:839,78,0,1
BRDA:839,79,0,0
BRDA:839,80,0,1
BRDA:840,81,0,0
BRDA:841,82,0,1
BRDA:829,83,0,1
BRDA:830,84,0,25
BRDA:831,85,0,25
BRDA:847,86,0,9
BRDA:849,87,0,8
BRDA:849,88,0,1
BRDA:851,89,0,0
BRDA:852,90,0,1
BRDA:848,91,0,12
BRDA:850,92,0,4
BRDA:856,93,0,62
BRDA:869,94,0,0
BRDA:874,95,0,1
BRDA:874,96,0,0
BRDA:877,97,0,0
BRDA:894,98,0,59
BRDA:895,99,0,3
BRDA:911,100,0,0
BRDA:911,101,0,0
BRDA:917,102,0,0
BRDA:940,103,0,0
BRDA:948,104,0,0
BRDA:955,105,0,1
BRDA:955,106,0,61
BRDA:957,107,0,1
BRDA:957,108,0,61
BRDA:957,109,0,0
BRDA:967,110,0,22
BRDA:971,111,0,0
BRDA:974,112,0,0
BRDA:974,113,0,40
BRDA:979,114,0,59
BRDA:985,115,0,3
BRDA:990,116,0,59
BRDA:991,117,0,3
BRDA:1000,118,0,25
BRDA:1000,119,0,0
BRDA:1011,120,0,9
BRDA:1014,121,0,0
BRDA:1014,122,0,53
BRDA:1031,123,0,2
BRDA:1031,124,0,60
BRDA:1033,125,0,2
BRDA:1033,126,0,60
BRDA:1033,127,0,0
BRDA:1036,128,0,60
BRDA:1036,129,0,2
BRDA:1038,130,0,60
BRDA:1038,131,0,2
BRDA:925,132,0,1054
BRDA:927,133,0,62
BRDA:927,134,0,62
BRDA:1090,135,0,15
BRDA:1093,136,0,0
BRDA:1094,137,0,0
BRDA:1097,138,0,0
BRDA:1097,139,0,0
BRDA:1109,140,0,22
BRDA:1112,141,0,0
BRF:142
BRH:93
end_of_record
TN:
SF:src/components/tc-editor.ts
FN:37,TcEditor
FN:137,updated
FN:168,mountEditor
FN:195,run
FN:206,run
FN:211,run
FN:221,exts.hoverTime
FN:232,mousedown
FN:236,auxclick
FN:261,gotoPosition
FN:274,createRenderRoot
FN:278,render
FN:294,inStringOrComment
FNF:13
FNH:12
FNDA:17,TcEditor
FNDA:64,updated
FNDA:17,mountEditor
FNDA:1,run
FNDA:1,run
FNDA:1,run
FNDA:1,exts.hoverTime
FNDA:1,mousedown
FNDA:1,auxclick
FNDA:1,gotoPosition
FNDA:17,createRenderRoot
FNDA:64,render
FNDA:0,inStringOrComment
DA:10,1
DA:11,1
DA:12,1
DA:13,1
DA:14,1
DA:15,1
DA:16,1
DA:23,1
DA:24,1
DA:25,1
DA:26,1
DA:36,1
DA:37,1
DA:39,17
DA:41,1
DA:44,1
DA:48,1
DA:54,1
DA:59,1
DA:137,1
DA:138,64
DA:139,17
DA:140,17
DA:141,17
DA:142,47
DA:157,10
DA:158,10
DA:161,10
DA:162,10
DA:163,10
DA:164,10
DA:165,10
DA:166,64
DA:168,1
DA:169,17
DA:170,17
DA:171,17
DA:172,17
DA:173,17
DA:174,17
DA:175,17
DA:176,17
DA:184,17
DA:185,17
DA:186,17
DA:194,17
DA:195,17
DA:196,0
DA:197,0
DA:198,0
DA:199,0
DA:200,0
DA:201,0
DA:202,17
DA:203,17
DA:204,17
DA:205,17
DA:206,17
DA:207,17
DA:208,17
DA:209,17
DA:210,17
DA:211,17
DA:212,17
DA:213,17
DA:214,17
DA:215,17
DA:216,17
DA:217,17
DA:218,17
DA:219,17
DA:220,17
DA:221,17
DA:231,17
DA:232,17
DA:233,0
DA:234,0
DA:235,0
DA:236,17
DA:237,0
DA:238,0
DA:239,0
DA:240,17
DA:241,17
DA:242,17
DA:243,22
DA:244,10
DA:245,10
DA:246,10
DA:247,22
DA:248,22
DA:249,22
DA:250,22
DA:251,22
DA:252,22
DA:253,22
DA:254,17
DA:255,17
DA:256,17
DA:257,17
DA:258,17
DA:261,1
DA:262,0
DA:263,0
DA:264,0
DA:265,0
DA:266,0
DA:267,0
DA:268,0
DA:269,0
DA:270,0
DA:271,0
DA:272,0
DA:274,1
DA:275,17
DA:276,17
DA:278,1
DA:282,64
DA:283,64
DA:284,1
DA:294,0
DA:295,0
DA:296,0
DA:297,0
DA:299,0
DA:300,0
DA:301,0
DA:303,0
DA:304,0
DA:305,0
DA:306,0
DA:307,0
DA:308,0
DA:309,0
DA:310,0
DA:311,0
DA:312,0
DA:313,0
DA:314,0
DA:315,0
DA:317,0
DA:318,0
DA:319,0
DA:320,0
DA:321,0
DA:323,0
DA:324,0
LF:147
LH:97
BRDA:37,0,0,17
BRDA:137,1,0,64
BRDA:138,2,0,17
BRDA:141,3,0,62
BRDA:141,4,0,47
BRDA:142,5,0,37
BRDA:142,6,0,10
BRDA:158,7,0,0
BRDA:158,8,0,10
BRDA:168,9,0,17
BRDA:242,10,0,22
BRDA:243,11,0,10
BRDA:274,12,0,17
BRDA:278,13,0,64
BRF:14
BRH:13
end_of_record
TN:
SF:src/components/tc-guide.ts
FN:20,TcGuide
FN:36,get guide
FN:265,updated
FN:275,connectedCallback
FN:281,disconnectedCallback
FN:287,onKeyDown
FN:294,close
FN:304,ensureLoaded
FN:323,show
FN:342,watchHeadings
FN:348,observer.IntersectionObserver.root.root
FN:360,focusSearch
FN:367,goto
FN:374,visibleToc
FN:381,render
FN:421,renderToc
FNF:16
FNH:16
FNDA:18,TcGuide
FNDA:86,get guide
FNDA:21,updated
FNDA:18,connectedCallback
FNDA:18,disconnectedCallback
FNDA:1,onKeyDown
FNDA:1,close
FNDA:3,ensureLoaded
FNDA:1,show
FNDA:1,watchHeadings
FNDA:1,observer.IntersectionObserver.root.root
FNDA:3,focusSearch
FNDA:1,goto
FNDA:2,visibleToc
FNDA:21,render
FNDA:21,renderToc
DA:14,1
DA:15,1
DA:16,1
DA:19,1
DA:20,1
DA:22,18
DA:26,18
DA:27,18
DA:28,18
DA:29,18
DA:31,18
DA:33,18
DA:36,1
DA:37,86
DA:38,86
DA:40,1
DA:265,1
DA:266,21
DA:268,19
DA:269,21
DA:270,3
DA:271,3
DA:272,3
DA:273,21
DA:275,1
DA:276,18
DA:277,18
DA:278,18
DA:279,18
DA:281,1
DA:282,18
DA:283,18
DA:284,18
DA:285,18
DA:287,1
DA:288,0
DA:289,0
DA:290,0
DA:291,0
DA:292,0
DA:294,1
DA:295,0
DA:296,0
DA:304,1
DA:305,3
DA:306,3
DA:307,3
DA:308,1
DA:309,1
DA:310,1
DA:311,1
DA:312,1
DA:313,1
DA:314,3
DA:323,1
DA:324,1
DA:325,1
DA:326,1
DA:327,1
DA:328,1
DA:329,1
DA:330,1
DA:331,1
DA:332,1
DA:333,1
DA:342,1
DA:343,1
DA:344,1
DA:345,1
DA:347,1
DA:348,1
DA:349,1
DA:350,1
DA:351,1
DA:352,1
DA:353,1
DA:354,1
DA:355,1
DA:356,1
DA:357,1
DA:358,1
DA:360,1
DA:361,3
DA:362,3
DA:363,3
DA:364,3
DA:367,1
DA:368,0
DA:369,0
DA:370,0
DA:371,0
DA:372,0
DA:374,1
DA:375,2
DA:376,2
DA:377,2
DA:378,0
DA:379,2
DA:381,1
DA:382,21
DA:383,21
DA:386,21
DA:387,21
DA:388,0
DA:389,21
DA:391,21
DA:393,42
DA:394,42
DA:395,42
DA:396,42
DA:397,21
DA:403,21
DA:404,21
DA:405,21
DA:408,21
DA:411,21
DA:412,1
DA:413,20
DA:414,1
DA:415,21
DA:419,21
DA:421,1
DA:422,21
DA:423,2
DA:424,18
DA:425,2
DA:426,28
DA:427,28
DA:428,28
DA:429,2
DA:430,21
DA:431,1
LF:132
LH:118
BRDA:20,0,0,18
BRDA:36,1,0,86
BRDA:37,2,0,10
BRDA:37,3,0,76
BRDA:265,4,0,21
BRDA:266,5,0,2
BRDA:266,6,0,19
BRDA:269,7,0,3
BRDA:275,8,0,18
BRDA:281,9,0,18
BRDA:283,10,0,0
BRDA:304,11,0,3
BRDA:305,12,0,0
BRDA:307,13,0,1
BRDA:342,14,0,1
BRDA:343,15,0,0
BRDA:345,16,0,0
BRDA:355,17,0,0
BRDA:360,18,0,3
BRDA:361,19,0,3
BRDA:374,20,0,2
BRDA:375,21,0,0
BRDA:377,22,0,0
BRDA:381,23,0,21
BRDA:386,24,0,2
BRDA:386,25,0,19
BRDA:387,26,0,2
BRDA:387,27,0,0
BRDA:411,28,0,1
BRDA:412,29,0,20
BRDA:413,30,0,1
BRDA:414,31,0,19
BRDA:391,32,0,42
BRDA:393,33,0,21
BRDA:393,34,0,21
BRDA:396,35,0,21
BRDA:396,36,0,21
BRDA:421,37,0,21
BRDA:422,38,0,19
BRDA:422,39,0,18
BRDA:422,40,0,2
BRDA:424,41,0,0
BRDA:424,42,0,2
BRDA:425,43,0,28
BRDA:427,44,0,0
BRF:45
BRH:35
end_of_record
TN:
SF:src/components/tc-viewer.ts
FN:68,toUserSpace
FN:113,TcViewer
FN:249,firstUpdated
FN:266,disconnectedCallback
FN:272,handleMouseMove
FN:421,handleMouseLeave
FN:437,setOverPlot
FN:478,handleMouseDown
FN:504,move
FN:505,up
FN:518,handlePanMove
FN:534,endPan
FN:556,handleWheel
FN:619,touchGeometry
FN:623,toSvg
FN:633,handleTouchStart
FN:655,handleTouchMove
FN:709,handleTouchEnd
FN:714,toggleHelp
FN:724,openGuide
FN:729,resetZoom
FN:746,exportSize
FN:755,saveSvg
FN:803,savePdf
FN:859,currentView
FN:872,exportStem
FN:883,copyPngToClipboard
FN:920,render
FN:994,renderWithOverlay
FN:1076,renderCached
FN:1106,willUpdate
FN:1133,selectedView
FN:1140,dropZoomIfBoundsEdited
FN:1155,readoutBg
FN:1160,readoutFg
FN:1181,navFromPath
FN:1198,projectDomain
FN:1217,prettyNum
FN:1223,prettyTime
FN:1231,escapeXmlAttr
FNF:40
FNH:38
FNDA:26,toUserSpace
FNDA:34,TcViewer
FNDA:34,firstUpdated
FNDA:34,disconnectedCallback
FNDA:4,handleMouseMove
FNDA:1,handleMouseLeave
FNDA:5,setOverPlot
FNDA:1,handleMouseDown
FNDA:0,move
FNDA:0,up
FNDA:1,handlePanMove
FNDA:34,endPan
FNDA:16,handleWheel
FNDA:4,touchGeometry
FNDA:6,toSvg
FNDA:2,handleTouchStart
FNDA:2,handleTouchMove
FNDA:2,handleTouchEnd
FNDA:1,toggleHelp
FNDA:1,openGuide
FNDA:1,resetZoom
FNDA:1,exportSize
FNDA:1,saveSvg
FNDA:1,savePdf
FNDA:1,currentView
FNDA:1,exportStem
FNDA:1,copyPngToClipboard
FNDA:65,render
FNDA:48,renderWithOverlay
FNDA:48,renderCached
FNDA:65,willUpdate
FNDA:83,selectedView
FNDA:35,dropZoomIfBoundsEdited
FNDA:1,readoutBg
FNDA:1,readoutFg
FNDA:4,navFromPath
FNDA:26,projectDomain
FNDA:1,prettyNum
FNDA:1,prettyTime
FNDA:1,escapeXmlAttr
DA:23,1
DA:24,1
DA:25,1
DA:27,1
DA:30,1
DA:31,1
DA:38,1
DA:39,1
DA:68,26
DA:69,26
DA:70,26
DA:71,26
DA:72,26
DA:73,26
DA:74,26
DA:75,26
DA:76,26
DA:77,26
DA:79,0
DA:80,0
DA:81,26
DA:82,26
DA:83,26
DA:84,26
DA:85,26
DA:86,26
DA:112,1
DA:113,1
DA:114,34
DA:120,34
DA:126,34
DA:127,34
DA:135,34
DA:136,34
DA:137,34
DA:140,34
DA:142,34
DA:144,34
DA:146,34
DA:148,34
DA:149,34
DA:154,34
DA:159,34
DA:161,34
DA:162,34
DA:164,34
DA:168,34
DA:170,34
DA:241,34
DA:242,34
DA:243,34
DA:249,34
DA:250,34
DA:251,34
DA:252,0
DA:253,0
DA:254,0
DA:255,0
DA:256,0
DA:257,0
DA:258,0
DA:259,0
DA:260,0
DA:261,0
DA:262,0
DA:263,0
DA:264,0
DA:265,34
DA:266,34
DA:267,34
DA:268,34
DA:269,34
DA:270,34
DA:272,34
DA:274,4
DA:275,0
DA:276,0
DA:277,0
DA:279,4
DA:280,4
DA:282,4
DA:283,4
DA:285,4
DA:286,4
DA:287,4
DA:289,4
DA:293,4
DA:294,4
DA:295,4
DA:296,0
DA:298,4
DA:299,4
DA:300,4
DA:301,4
DA:302,4
DA:303,596
DA:304,596
DA:305,596
DA:306,596
DA:307,596
DA:308,596
DA:309,592
DA:310,4
DA:311,596
DA:312,596
DA:313,596
DA:314,596
DA:315,251
DA:316,251
DA:317,251
DA:318,251
DA:319,251
DA:320,251
DA:321,251
DA:322,251
DA:323,251
DA:324,251
DA:325,251
DA:326,251
DA:327,251
DA:328,251
DA:329,596
DA:330,4
DA:332,4
DA:335,0
DA:336,0
DA:337,0
DA:338,0
DA:350,4
DA:351,4
DA:352,4
DA:353,4
DA:356,4
DA:357,4
DA:358,4
DA:360,2
DA:361,2
DA:362,2
DA:363,2
DA:364,2
DA:365,2
DA:366,2
DA:367,2
DA:368,2
DA:369,2
DA:370,2
DA:371,2
DA:372,2
DA:373,2
DA:374,2
DA:375,2
DA:376,4
DA:378,4
DA:379,0
DA:380,0
DA:381,0
DA:383,0
DA:384,0
DA:385,0
DA:386,0
DA:387,0
DA:388,0
DA:389,0
DA:390,0
DA:391,0
DA:392,0
DA:393,0
DA:394,0
DA:395,0
DA:396,0
DA:397,0
DA:398,0
DA:406,4
DA:407,4
DA:408,4
DA:410,4
DA:411,4
DA:412,4
DA:413,4
DA:414,4
DA:415,1
DA:417,1
DA:418,1
DA:419,4
DA:421,34
DA:422,1
DA:423,1
DA:424,1
DA:430,1
DA:437,34
DA:438,5
DA:439,5
DA:440,5
DA:452,34
DA:460,34
DA:473,34
DA:476,34
DA:478,34
DA:481,1
DA:483,0
DA:484,1
DA:485,1
DA:487,0
DA:488,0
DA:489,0
DA:490,1
DA:493,0
DA:495,0
DA:496,0
DA:497,0
DA:498,0
DA:499,0
DA:500,0
DA:501,0
DA:504,0
DA:505,0
DA:508,0
DA:509,0
DA:510,0
DA:511,0
DA:512,0
DA:513,0
DA:515,1
DA:516,1
DA:518,34
DA:519,1
DA:520,1
DA:522,0
DA:523,0
DA:526,0
DA:529,0
DA:530,0
DA:531,0
DA:532,1
DA:534,34
DA:535,34
DA:536,0
DA:537,0
DA:538,0
DA:539,0
DA:540,34
DA:541,0
DA:542,34
DA:543,34
DA:556,34
DA:557,16
DA:558,16
DA:559,16
DA:561,16
DA:564,16
DA:566,16
DA:567,16
DA:568,16
DA:571,16
DA:572,16
DA:574,16
DA:575,16
DA:576,16
DA:579,16
DA:580,16
DA:581,0
DA:582,0
DA:583,0
DA:584,16
DA:585,0
DA:586,0
DA:587,0
DA:588,0
DA:590,16
DA:591,16
DA:592,16
DA:604,34
DA:616,34
DA:619,34
DA:620,4
DA:621,4
DA:623,4
DA:625,4
DA:626,2
DA:627,2
DA:628,2
DA:629,2
DA:630,2
DA:631,4
DA:633,34
DA:634,2
DA:635,2
DA:636,2
DA:637,2
DA:639,2
DA:640,2
DA:641,2
DA:642,2
DA:644,2
DA:645,2
DA:646,2
DA:647,2
DA:648,2
DA:649,2
DA:650,2
DA:651,2
DA:652,2
DA:653,2
DA:655,34
DA:656,2
DA:657,2
DA:658,2
DA:661,2
DA:663,2
DA:671,2
DA:672,2
DA:673,2
DA:679,1
DA:680,1
DA:681,1
DA:683,1
DA:684,1
DA:685,1
DA:686,1
DA:689,2
DA:690,2
DA:691,2
DA:694,2
DA:695,2
DA:696,0
DA:697,0
DA:698,0
DA:699,2
DA:700,0
DA:701,0
DA:702,0
DA:703,0
DA:705,2
DA:706,2
DA:707,2
DA:709,34
DA:710,2
DA:711,2
DA:714,34
DA:715,1
DA:716,1
DA:724,34
DA:725,0
DA:726,0
DA:727,0
DA:729,34
DA:730,1
DA:731,1
DA:732,1
DA:746,34
DA:747,1
DA:748,1
DA:749,0
DA:750,0
DA:751,1
DA:752,1
DA:755,34
DA:756,1
DA:757,1
DA:764,1
DA:765,1
DA:766,1
DA:767,1
DA:768,1
DA:769,1
DA:770,1
DA:771,1
DA:772,1
DA:773,1
DA:774,1
DA:775,1
DA:776,1
DA:777,1
DA:778,0
DA:779,1
DA:780,1
DA:781,1
DA:782,1
DA:783,1
DA:784,1
DA:785,1
DA:786,1
DA:787,1
DA:788,1
DA:789,1
DA:790,1
DA:803,34
DA:804,1
DA:805,1
DA:807,1
DA:808,1
DA:809,1
DA:818,1
DA:819,1
DA:820,1
DA:821,1
DA:822,1
DA:823,1
DA:824,1
DA:825,1
DA:826,1
DA:827,1
DA:828,1
DA:830,1
DA:831,1
DA:832,1
DA:833,1
DA:834,1
DA:836,1
DA:837,1
DA:838,1
DA:839,1
DA:840,1
DA:841,1
DA:842,1
DA:843,1
DA:844,1
DA:845,1
DA:846,0
DA:848,0
DA:849,1
DA:850,1
DA:851,1
DA:852,1
DA:859,34
DA:860,1
DA:861,1
DA:862,0
DA:863,1
DA:864,0
DA:865,0
DA:866,1
DA:867,1
DA:868,1
DA:869,1
DA:872,34
DA:873,1
DA:874,1
DA:875,1
DA:876,1
DA:883,34
DA:884,1
DA:885,1
DA:886,1
DA:887,1
DA:888,1
DA:889,1
DA:890,1
DA:891,1
DA:892,1
DA:893,1
DA:894,1
DA:895,1
DA:896,1
DA:897,1
DA:898,1
DA:899,1
DA:900,1
DA:901,1
DA:902,1
DA:903,1
DA:904,1
DA:905,1
DA:906,1
DA:907,1
DA:909,1
DA:910,1
DA:911,1
DA:912,0
DA:913,0
DA:914,0
DA:915,1
DA:916,0
DA:917,0
DA:918,1
DA:920,65
DA:921,65
DA:922,17
DA:923,17
DA:924,64
DA:925,65
DA:926,65
DA:931,65
DA:939,65
DA:940,65
DA:941,6
DA:942,6
DA:943,6
DA:944,6
DA:945,6
DA:946,6
DA:947,48
DA:948,65
DA:949,65
DA:950,65
DA:951,65
DA:952,65
DA:953,65
DA:954,65
DA:955,65
DA:956,65
DA:958,65
DA:959,65
DA:963,1
DA:970,1
DA:971,65
DA:973,65
DA:974,65
DA:975,65
DA:976,65
DA:977,65
DA:978,65
DA:979,65
DA:980,65
DA:981,65
DA:982,65
DA:983,65
DA:986,65
DA:994,34
DA:995,48
DA:996,1
DA:997,1
DA:998,1
DA:1001,1
DA:1002,48
DA:1003,48
DA:1004,48
DA:1005,48
DA:1007,48
DA:1008,48
DA:1015,48
DA:1016,48
DA:1017,1
DA:1019,1
DA:1020,1
DA:1024,0
DA:1025,0
DA:1026,48
DA:1028,1
DA:1029,1
DA:1030,1
DA:1031,1
DA:1032,1
DA:1033,1
DA:1036,1
DA:1037,1
DA:1038,48
DA:1039,48
DA:1041,48
DA:1042,48
DA:1043,1
DA:1044,1
DA:1045,1
DA:1046,48
DA:1047,48
DA:1049,48
DA:1051,48
DA:1052,48
DA:1053,48
DA:1054,48
DA:1055,48
DA:1056,48
DA:1059,48
DA:1060,48
DA:1074,34
DA:1076,34
DA:1077,48
DA:1078,48
DA:1086,48
DA:1087,48
DA:1088,48
DA:1089,48
DA:1090,48
DA:1091,48
DA:1092,48
DA:1093,46
DA:1094,46
DA:1095,46
DA:1096,48
DA:1102,34
DA:1106,1
DA:1107,65
DA:1108,35
DA:1109,35
DA:1110,35
DA:1111,35
DA:1112,35
DA:1113,65
DA:1133,1
DA:1134,83
DA:1135,83
DA:1136,83
DA:1137,65
DA:1138,83
DA:1140,1
DA:1141,35
DA:1142,35
DA:1143,26
DA:1144,26
DA:1145,9
DA:1147,35
DA:1148,1
DA:1149,1
DA:1150,1
DA:1151,35
DA:1152,35
DA:1155,1
DA:1156,1
DA:1157,1
DA:1160,1
DA:1161,1
DA:1162,1
DA:1163,1
DA:1181,4
DA:1182,4
DA:1183,4
DA:1184,4
DA:1185,4
DA:1186,596
DA:1187,596
DA:1188,596
DA:1189,596
DA:1190,4
DA:1191,4
DA:1198,26
DA:1199,26
DA:1200,26
DA:1201,26
DA:1202,26
DA:1203,26
DA:1204,26
DA:1205,26
DA:1206,26
DA:1207,26
DA:1208,26
DA:1209,26
DA:1210,26
DA:1211,26
DA:1212,26
DA:1213,26
DA:1214,26
DA:1215,26
DA:1217,1
DA:1218,1
DA:1219,1
DA:1220,1
DA:1221,0
DA:1222,0
DA:1223,1
DA:1224,1
DA:1225,1
DA:1226,0
DA:1227,0
DA:1228,0
DA:1231,1
DA:1232,1
DA:1233,0
DA:1234,1
DA:1235,1
LF:659
LH:548
BRDA:68,0,0,26
BRDA:77,1,0,0
BRDA:81,2,0,0
BRDA:83,3,0,0
BRDA:83,4,0,0
BRDA:84,5,0,0
BRDA:84,6,0,0
BRDA:113,7,0,34
BRDA:249,8,0,34
BRDA:251,9,0,18
BRDA:251,10,0,0
BRDA:266,11,0,34
BRDA:268,12,0,0
BRDA:272,13,0,4
BRDA:274,14,0,0
BRDA:274,15,0,0
BRDA:280,16,0,0
BRDA:283,17,0,0
BRDA:295,18,0,0
BRDA:301,19,0,0
BRDA:302,20,0,596
BRDA:304,21,0,4
BRDA:308,22,0,592
BRDA:309,23,0,4
BRDA:314,24,0,251
BRDA:322,25,0,0
BRDA:323,26,0,0
BRDA:332,27,0,0
BRDA:353,28,0,0
BRDA:358,29,0,3
BRDA:358,30,0,2
BRDA:368,31,0,0
BRDA:373,32,0,0
BRDA:378,33,0,0
BRDA:407,34,0,3
BRDA:407,35,0,2
BRDA:408,36,0,2
BRDA:410,37,0,0
BRDA:414,38,0,0
BRDA:421,39,0,1
BRDA:437,40,0,5
BRDA:478,41,0,1
BRDA:481,42,0,0
BRDA:484,43,0,0
BRDA:485,44,0,0
BRDA:485,45,0,0
BRDA:490,46,0,0
BRDA:518,47,0,1
BRDA:520,48,0,0
BRDA:520,49,0,0
BRDA:534,50,0,34
BRDA:535,51,0,0
BRDA:540,52,0,0
BRDA:556,53,0,16
BRDA:558,54,0,0
BRDA:559,55,0,0
BRDA:574,56,0,15
BRDA:574,57,0,1
BRDA:580,58,0,0
BRDA:584,59,0,0
BRDA:619,60,0,4
BRDA:621,61,0,0
BRDA:625,62,0,2
BRDA:623,63,0,6
BRDA:633,64,0,2
BRDA:635,65,0,0
BRDA:637,66,0,0
BRDA:642,67,0,0
BRDA:655,68,0,2
BRDA:658,69,0,0
BRDA:673,70,0,1
BRDA:673,71,0,1
BRDA:695,72,0,0
BRDA:699,73,0,0
BRDA:709,74,0,2
BRDA:920,75,0,65
BRDA:921,76,0,17
BRDA:923,77,0,64
BRDA:923,78,0,48
BRDA:924,79,0,39
BRDA:925,80,0,2
BRDA:926,81,0,10
BRDA:931,82,0,9
BRDA:940,83,0,42
BRDA:940,84,0,6
BRDA:942,85,0,0
BRDA:943,86,0,0
BRDA:944,87,0,0
BRDA:946,88,0,48
BRDA:948,89,0,9
BRDA:949,90,0,0
BRDA:953,91,0,0
BRDA:953,92,0,0
BRDA:953,93,0,48
BRDA:954,94,0,0
BRDA:954,95,0,0
BRDA:954,96,0,48
BRDA:959,97,0,1
BRDA:970,98,0,47
BRDA:924,99,0,245
BRDA:925,100,0,67
BRDA:926,101,0,122
BRDA:994,102,0,48
BRDA:995,103,0,0
BRDA:1002,104,0,0
BRDA:1003,105,0,0
BRDA:1003,106,0,0
BRDA:1004,107,0,0
BRDA:1004,108,0,0
BRDA:1005,109,0,0
BRDA:1005,110,0,0
BRDA:1008,111,0,0
BRDA:1008,112,0,0
BRDA:1016,113,0,0
BRDA:1016,114,0,0
BRDA:1026,115,0,0
BRDA:1038,116,0,0
BRDA:1039,117,0,0
BRDA:1039,118,0,0
BRDA:1053,119,0,0
BRDA:1053,120,0,0
BRDA:1076,121,0,48
BRDA:1088,122,0,39
BRDA:1088,123,0,39
BRDA:1089,124,0,39
BRDA:1089,125,0,39
BRDA:1092,126,0,15
BRDA:1092,127,0,2
BRDA:1092,128,0,46
BRDA:1106,129,0,65
BRDA:1107,130,0,30
BRDA:1107,131,0,35
BRDA:1133,132,0,83
BRDA:1134,133,0,0
BRDA:1136,134,0,18
BRDA:1136,135,0,65
BRDA:1135,136,0,436
BRDA:1140,137,0,35
BRDA:1142,138,0,26
BRDA:1143,139,0,6
BRDA:1143,140,0,6
BRDA:1144,141,0,6
BRDA:1144,142,0,6
BRDA:1144,143,0,9
BRDA:1147,144,0,2
BRDA:1147,145,0,1
BRDA:1181,146,0,4
BRDA:1182,147,0,0
BRDA:1185,148,0,596
BRDA:1198,149,0,26
BRDA:1199,150,0,0
BRDA:1201,151,0,0
BRDA:1203,152,0,0
BRDA:1204,153,0,0
BRDA:1205,154,0,0
BRDA:1206,155,0,0
BRDA:1210,156,0,0
BRF:157
BRH:79
end_of_record
TN:
SF:src/constants/catalog.ts
FN:28,pts
FN:122,isKnownShorthand
FN:126,lookupCatalog
FNF:3
FNH:1
FNDA:429,pts
FNDA:0,isKnownShorthand
FNDA:0,lookupCatalog
DA:28,429
DA:29,429
DA:30,429
DA:32,1
DA:34,1
DA:35,1
DA:36,1
DA:37,1
DA:38,1
DA:39,1
DA:40,1
DA:41,1
DA:42,1
DA:43,1
DA:44,1
DA:45,1
DA:46,1
DA:47,1
DA:48,1
DA:49,1
DA:50,1
DA:51,1
DA:52,1
DA:53,1
DA:54,1
DA:55,1
DA:56,1
DA:57,1
DA:58,1
DA:59,1
DA:60,1
DA:63,1
DA:64,1
DA:65,1
DA:66,1
DA:67,1
DA:68,1
DA:69,1
DA:70,1
DA:71,1
DA:72,1
DA:73,1
DA:76,1
DA:77,1
DA:78,1
DA:79,1
DA:80,1
DA:81,1
DA:82,1
DA:83,1
DA:84,1
DA:85,1
DA:86,1
DA:87,1
DA:90,1
DA:91,1
DA:92,1
DA:93,1
DA:94,1
DA:95,1
DA:96,1
DA:97,1
DA:98,1
DA:99,1
DA:100,1
DA:101,1
DA:102,1
DA:103,1
DA:104,1
DA:105,1
DA:106,1
DA:107,1
DA:110,1
DA:111,1
DA:112,1
DA:113,1
DA:114,1
DA:115,1
DA:116,1
DA:117,1
DA:118,1
DA:119,1
DA:120,1
DA:122,1
DA:123,0
DA:124,0
DA:126,1
DA:127,0
DA:128,0
LF:89
LH:85
BRDA:28,0,0,429
BRDA:29,1,0,2262
BRF:2
BRH:2
end_of_record
TN:
SF:src/constants/curves.ts
FN:194,tmsRangeFor
FN:199,lookupCurve
FN:203,isKnownCurveId
FN:212,allCurveIds
FN:224,suggestCurveId
FN:234,levenshtein
FNF:6
FNH:6
FNDA:989,tmsRangeFor
FNDA:1975,lookupCurve
FNDA:926,isKnownCurveId
FNDA:9,allCurveIds
FNDA:6,suggestCurveId
FNDA:211,levenshtein
DA:73,1
DA:74,1
DA:75,1
DA:76,1
DA:77,1
DA:78,1
DA:79,1
DA:85,1
DA:86,1
DA:87,1
DA:88,1
DA:89,1
DA:98,1
DA:99,1
DA:100,1
DA:101,1
DA:102,1
DA:103,1
DA:104,1
DA:105,1
DA:106,1
DA:107,1
DA:108,1
DA:109,1
DA:118,1
DA:119,1
DA:120,1
DA:121,1
DA:122,1
DA:123,1
DA:132,1
DA:133,1
DA:134,1
DA:135,1
DA:136,1
DA:137,1
DA:149,1
DA:154,1
DA:155,1
DA:156,1
DA:167,1
DA:168,1
DA:169,1
DA:170,1
DA:171,1
DA:177,1
DA:178,1
DA:179,1
DA:182,1
DA:188,1
DA:189,1
DA:192,1
DA:194,1
DA:195,989
DA:196,989
DA:197,989
DA:199,1
DA:200,1975
DA:201,1975
DA:203,1
DA:204,926
DA:205,926
DA:206,926
DA:207,926
DA:208,926
DA:209,926
DA:212,1
DA:213,9
DA:214,9
DA:215,63
DA:216,63
DA:217,9
DA:218,9
DA:224,1
DA:225,6
DA:226,6
DA:227,6
DA:228,186
DA:229,186
DA:230,186
DA:231,6
DA:232,6
DA:234,1
DA:235,211
DA:236,211
DA:237,211
DA:238,211
DA:239,211
DA:240,1715
DA:241,1715
DA:242,13884
DA:243,13884
DA:244,13884
DA:245,13884
DA:246,13884
DA:247,13884
DA:248,1715
DA:249,1715
DA:250,211
DA:251,211
LF:100
LH:100
BRDA:194,0,0,989
BRDA:196,1,0,40
BRDA:196,2,0,949
BRDA:199,3,0,1975
BRDA:203,4,0,926
BRDA:205,5,0,0
BRDA:208,6,0,923
BRDA:208,7,0,3
BRDA:212,8,0,9
BRDA:214,9,0,63
BRDA:215,10,0,279
BRDA:224,11,0,6
BRDA:227,12,0,186
BRDA:229,13,0,7
BRDA:231,14,0,4
BRDA:231,15,0,2
BRDA:234,16,0,211
BRDA:235,17,0,0
BRDA:236,18,0,0
BRDA:237,19,0,0
BRDA:239,20,0,1715
BRDA:241,21,0,13884
BRDA:245,22,0,1144
BRDA:245,23,0,12740
BRDA:238,24,0,1861
BRF:25
BRH:21
end_of_record
TN:
SF:src/constants/index.ts
FNF:0
FNH:0
DA:1,1
DA:2,1
LF:2
LH:2
BRF:0
BRH:0
end_of_record
TN:
SF:src/constants/sequence.ts
FN:44,isFaultType
FN:89,ratiosFor
FN:101,ratioFor
FN:124,quantityIsAbsent
FN:132,faultTypeLabel
FNF:5
FNH:5
FNDA:1547,isFaultType
FNDA:109,ratiosFor
FNDA:131,ratioFor
FNDA:47,quantityIsAbsent
FNDA:78,faultTypeLabel
DA:41,1
DA:42,1
DA:44,1
DA:45,1547
DA:46,1547
DA:60,1
DA:62,1
DA:64,1
DA:71,1
DA:78,1
DA:85,1
DA:86,1
DA:89,1
DA:90,109
DA:91,109
DA:101,1
DA:102,131
DA:103,131
DA:104,131
DA:105,131
DA:107,109
DA:108,109
DA:109,131
DA:110,131
DA:111,131
DA:112,131
DA:113,131
DA:114,131
DA:115,131
DA:124,1
DA:125,47
DA:126,47
DA:127,47
DA:128,47
DA:129,47
DA:132,1
DA:133,78
DA:134,78
DA:135,78
DA:136,78
DA:137,78
DA:138,78
DA:139,78
LF:43
LH:43
BRDA:44,0,0,1547
BRDA:45,1,0,385
BRDA:89,2,0,109
BRDA:90,3,0,95
BRDA:90,4,0,14
BRDA:101,5,0,131
BRDA:105,6,0,128
BRDA:105,7,0,22
BRDA:105,8,0,109
BRDA:109,9,0,7
BRDA:110,10,0,67
BRDA:111,11,0,5
BRDA:112,12,0,3
BRDA:112,13,0,1
BRDA:112,14,0,2
BRDA:113,15,0,27
BRDA:113,16,0,3
BRDA:113,17,0,24
BRDA:124,18,0,47
BRDA:132,19,0,78
BRDA:134,20,0,12
BRDA:135,21,0,14
BRDA:136,22,0,0
BRDA:137,23,0,52
BRF:24
BRH:23
end_of_record
TN:
SF:src/editor/completions.ts
FN:43,blockKeywordAt
FN:65,detectActiveBlock
FN:104,helpPanel
FN:130,makeCompletion
FN:146,curveCompletions
FN:171,refCompletions
FN:213,faultCompletions
FN:235,voltageCompletions
FN:250,assignmentTarget
FN:265,unitContext
FN:282,unitCompletions
FN:300,valueCompletions
FN:319,tcCompletionSource
FNF:13
FNH:13
FNDA:83,blockKeywordAt
FNDA:36,detectActiveBlock
FNDA:261,helpPanel
FNDA:328,makeCompletion
FNDA:2,curveCompletions
FNDA:1,refCompletions
FNDA:3,faultCompletions
FNDA:1,voltageCompletions
FNDA:38,assignmentTarget
FNDA:39,unitContext
FNDA:1,unitCompletions
FNDA:4,valueCompletions
FNDA:39,tcCompletionSource
DA:15,1
DA:26,1
DA:27,1
DA:28,1
DA:43,83
DA:44,83
DA:45,83
DA:47,83
DA:48,83
DA:49,83
DA:50,83
DA:65,36
DA:66,36
DA:67,36
DA:68,1481
DA:69,1398
DA:70,1481
DA:72,36
DA:73,36
DA:77,33
DA:84,36
DA:85,46
DA:86,46
DA:87,46
DA:88,0
DA:89,0
DA:90,0
DA:91,0
DA:92,36
DA:104,261
DA:105,261
DA:106,0
DA:107,0
DA:109,0
DA:110,0
DA:111,0
DA:112,0
DA:113,0
DA:114,0
DA:115,0
DA:117,0
DA:118,0
DA:119,0
DA:121,0
DA:122,0
DA:123,0
DA:124,0
DA:125,0
DA:126,0
DA:127,0
DA:128,261
DA:130,328
DA:131,328
DA:132,328
DA:133,328
DA:134,328
DA:135,328
DA:136,328
DA:137,328
DA:138,328
DA:139,328
DA:146,2
DA:147,2
DA:148,62
DA:149,62
DA:150,62
DA:151,62
DA:152,62
DA:153,62
DA:154,62
DA:155,62
DA:156,2
DA:157,2
DA:158,2
DA:159,2
DA:160,2
DA:161,2
DA:162,2
DA:163,2
DA:171,1
DA:172,1
DA:174,1
DA:175,1
DA:176,1
DA:178,1
DA:179,1
DA:180,1
DA:181,1
DA:182,34
DA:183,32
DA:184,34
DA:185,1
DA:186,1
DA:187,1
DA:188,1
DA:189,1
DA:190,1
DA:191,1
DA:192,1
DA:193,1
DA:194,1
DA:195,1
DA:197,1
DA:198,1
DA:199,0
DA:200,0
DA:202,1
DA:203,1
DA:213,3
DA:214,3
DA:216,3
DA:217,3
DA:218,3
DA:219,3
DA:220,3
DA:221,3
DA:222,3
DA:226,3
DA:227,3
DA:228,3
DA:229,3
DA:231,3
DA:232,3
DA:235,1
DA:236,1
DA:237,1
DA:238,1
DA:239,1
DA:240,1
DA:241,1
DA:242,1
DA:243,1
DA:244,1
DA:250,38
DA:251,38
DA:252,38
DA:253,38
DA:254,38
DA:255,38
DA:265,39
DA:266,39
DA:267,39
DA:268,39
DA:269,39
DA:270,39
DA:273,39
DA:274,39
DA:276,1
DA:277,9
DA:278,1
DA:279,1
DA:282,1
DA:283,1
DA:284,1
DA:285,3
DA:286,3
DA:287,3
DA:288,3
DA:289,1
DA:290,1
DA:300,4
DA:301,4
DA:302,4
DA:303,4
DA:304,20
DA:305,20
DA:306,20
DA:307,20
DA:308,4
DA:309,4
DA:310,0
DA:311,0
DA:312,0
DA:313,0
DA:314,0
DA:315,0
DA:316,0
DA:317,0
DA:319,1
DA:320,39
DA:321,39
DA:322,39
DA:329,39
DA:330,39
DA:331,1
DA:332,1
DA:333,1
DA:334,1
DA:335,1
DA:338,38
DA:339,39
DA:345,11
DA:346,11
DA:350,11
DA:352,11
DA:353,11
DA:354,9
DA:355,9
DA:357,8
DA:358,8
DA:359,3
DA:360,3
DA:361,5
DA:365,1
DA:366,1
DA:367,5
DA:368,4
DA:369,4
DA:370,4
DA:372,11
DA:373,11
DA:374,11
DA:375,11
DA:387,39
DA:388,39
DA:390,25
DA:392,39
DA:393,39
DA:394,39
DA:396,3
DA:397,3
DA:398,3
DA:399,3
DA:400,32
DA:401,22
DA:402,22
DA:404,22
DA:405,21
DA:406,21
DA:408,22
DA:409,2
DA:410,2
DA:411,2
DA:412,22
DA:414,25
DA:415,25
DA:416,25
DA:417,25
DA:418,25
DA:419,25
LF:240
LH:207
BRDA:43,0,0,83
BRDA:45,1,0,866
BRDA:45,2,0,816
BRDA:49,3,0,72
BRDA:49,4,0,11
BRDA:65,5,0,36
BRDA:67,6,0,1481
BRDA:67,7,0,1481
BRDA:68,8,0,83
BRDA:68,9,0,1398
BRDA:69,10,0,32
BRDA:73,11,0,3
BRDA:73,12,0,33
BRDA:84,13,0,46
BRDA:86,14,0,33
BRDA:87,15,0,0
BRDA:77,16,0,48
BRDA:77,17,0,1
BRDA:77,18,0,47
BRDA:104,19,0,261
BRDA:130,20,0,328
BRDA:135,21,0,261
BRDA:135,22,0,67
BRDA:135,23,0,67
BRDA:136,24,0,261
BRDA:136,25,0,67
BRDA:137,26,0,261
BRDA:137,27,0,56
BRDA:137,28,0,272
BRDA:146,29,0,2
BRDA:147,30,0,62
BRDA:152,31,0,0
BRDA:154,32,0,52
BRDA:154,33,0,16
BRDA:154,34,0,46
BRDA:171,35,0,1
BRDA:181,36,0,34
BRDA:182,37,0,2
BRDA:182,38,0,32
BRDA:183,39,0,2
BRDA:183,40,0,1
BRDA:198,41,0,0
BRDA:213,42,0,3
BRDA:235,43,0,1
BRDA:238,44,0,0
BRDA:250,45,0,38
BRDA:254,46,0,11
BRDA:254,47,0,27
BRDA:265,48,0,39
BRDA:274,49,0,38
BRDA:274,50,0,9
BRDA:274,51,0,1
BRDA:277,52,0,0
BRDA:277,53,0,1
BRDA:282,54,0,1
BRDA:283,55,0,0
BRDA:284,56,0,3
BRDA:300,57,0,4
BRDA:301,58,0,0
BRDA:309,59,0,0
BRDA:303,60,0,20
BRDA:319,61,0,39
BRDA:330,62,0,1
BRDA:335,63,0,38
BRDA:339,64,0,11
BRDA:345,65,0,1
BRDA:345,66,0,10
BRDA:346,67,0,0
BRDA:350,68,0,0
BRDA:353,69,0,2
BRDA:353,70,0,9
BRDA:354,71,0,8
BRDA:354,72,0,8
BRDA:354,73,0,8
BRDA:355,74,0,8
BRDA:355,75,0,1
BRDA:355,76,0,8
BRDA:357,77,0,7
BRDA:357,78,0,7
BRDA:357,79,0,6
BRDA:358,80,0,6
BRDA:358,81,0,3
BRDA:360,82,0,5
BRDA:361,83,0,1
BRDA:366,84,0,0
BRDA:367,85,0,4
BRDA:375,86,0,35
BRDA:375,87,0,27
BRDA:387,88,0,26
BRDA:387,89,0,2
BRDA:387,90,0,25
BRDA:388,91,0,1
BRDA:388,92,0,0
BRDA:388,93,0,0
BRDA:388,94,0,25
BRDA:392,95,0,1
BRDA:392,96,0,24
BRDA:394,97,0,32
BRDA:394,98,0,3
BRDA:400,99,0,22
BRDA:401,100,0,0
BRDA:404,101,0,21
BRDA:408,102,0,2
BRDA:412,103,0,25
BRDA:397,104,0,45
BRDA:402,105,0,262
BRDA:409,106,0,28
BRF:107
BRH:93
end_of_record
TN:
SF:src/editor/hover.ts
FN:24,HelpTooltipView
FN:29,update
FN:34,wordAt
FN:50,relFrom
FN:51,relTo
FN:87,helpAt
FN:105,tcHoverSource
FN:127,escapeHtml
FNF:8
FNH:7
FNDA:1,HelpTooltipView
FNDA:1,update
FNDA:53,wordAt
FNDA:75,relFrom
FNDA:47,relTo
FNDA:54,helpAt
FNDA:1,tcHoverSource
FNDA:0,escapeHtml
DA:14,1
DA:21,1
DA:24,1
DA:25,0
DA:26,0
DA:27,0
DA:28,0
DA:29,1
DA:30,0
DA:31,0
DA:32,1
DA:34,53
DA:35,53
DA:36,53
DA:46,43
DA:47,43
DA:48,43
DA:49,43
DA:50,43
DA:51,43
DA:52,43
DA:53,4
DA:54,4
DA:55,4
DA:56,43
DA:57,3
DA:58,3
DA:59,3
DA:60,43
DA:61,43
DA:63,10
DA:64,10
DA:65,10
DA:67,10
DA:68,10
DA:69,10
DA:70,10
DA:71,53
DA:72,0
DA:73,0
DA:74,0
DA:75,0
DA:76,0
DA:77,0
DA:87,1
DA:92,54
DA:95,54
DA:96,53
DA:97,54
DA:98,54
DA:99,54
DA:100,41
DA:101,7
DA:102,34
DA:103,54
DA:105,1
DA:108,0
DA:109,0
DA:110,0
DA:111,0
DA:112,0
DA:114,0
DA:115,0
DA:116,0
DA:117,0
DA:118,0
DA:119,0
DA:120,0
DA:121,0
DA:122,0
DA:123,0
DA:124,0
DA:125,0
DA:127,0
DA:128,0
DA:129,0
DA:130,0
DA:131,0
LF:78
LH:44
BRDA:34,0,0,53
BRDA:36,1,0,43
BRDA:36,2,0,43
BRDA:52,3,0,4
BRDA:56,4,0,29
BRDA:56,5,0,3
BRDA:61,6,0,29
BRDA:61,7,0,10
BRDA:71,8,0,0
BRDA:71,9,0,29
BRDA:71,10,0,10
BRDA:71,11,0,0
BRDA:50,12,0,75
BRDA:51,13,0,47
BRDA:87,14,0,54
BRDA:95,15,0,1
BRDA:95,16,0,53
BRDA:97,17,0,10
BRDA:97,18,0,43
BRDA:98,19,0,9
BRDA:99,20,0,2
BRDA:99,21,0,41
BRDA:100,22,0,7
BRDA:101,23,0,34
BRF:24
BRH:22
end_of_record
TN:
SF:src/editor/share.ts
FN:37,encodeSource
FN:45,decodeSource
FN:68,shareLink
FN:75,sourceFromLink
FN:97,urlWithoutStudy
FN:118,saveDraft
FN:127,loadDraft
FN:142,clearDraft
FN:166,readStudies
FN:177,writeStudies
FN:184,listStudies
FN:194,saveStudy
FN:206,studySource
FN:211,deleteStudy
FNF:14
FNH:13
FNDA:18,encodeSource
FNDA:15,decodeSource
FNDA:8,shareLink
FNDA:22,sourceFromLink
FNDA:7,urlWithoutStudy
FNDA:25,saveDraft
FNDA:20,loadDraft
FNDA:6,clearDraft
FNDA:15,readStudies
FNDA:0,writeStudies
FNDA:15,listStudies
FNDA:1,saveStudy
FNDA:1,studySource
FNDA:1,deleteStudy
DA:17,1
DA:19,1
DA:37,1
DA:38,18
DA:39,18
DA:40,18
DA:41,18
DA:42,18
DA:45,1
DA:46,15
DA:47,15
DA:48,15
DA:49,15
DA:56,15
DA:57,15
DA:58,5
DA:59,5
DA:60,15
DA:68,1
DA:69,8
DA:70,8
DA:71,8
DA:72,8
DA:75,1
DA:76,22
DA:77,22
DA:79,4
DA:80,4
DA:81,22
DA:82,22
DA:97,1
DA:98,7
DA:99,7
DA:100,7
DA:102,6
DA:103,7
DA:105,5
DA:106,5
DA:107,7
DA:109,7
DA:110,7
DA:118,1
DA:119,25
DA:120,25
DA:121,25
DA:122,3
DA:123,25
DA:124,25
DA:127,1
DA:128,20
DA:129,20
DA:130,20
DA:131,2
DA:132,2
DA:133,2
DA:134,2
DA:135,2
DA:136,5
DA:137,0
DA:138,0
DA:139,20
DA:142,1
DA:143,6
DA:144,6
DA:145,6
DA:146,6
DA:147,6
DA:154,1
DA:157,1
DA:166,15
DA:167,15
DA:168,15
DA:169,15
DA:170,0
DA:171,15
DA:172,15
DA:173,0
DA:174,0
DA:175,15
DA:177,0
DA:178,0
DA:179,0
DA:180,0
DA:181,0
DA:184,1
DA:185,15
DA:186,15
DA:194,1
DA:195,0
DA:196,0
DA:198,0
DA:199,0
DA:200,0
DA:201,0
DA:202,0
DA:203,0
DA:206,1
DA:207,0
DA:208,0
DA:211,1
DA:212,0
DA:213,0
DA:214,0
DA:215,0
LF:104
LH:80
BRDA:37,0,0,18
BRDA:40,1,0,22428
BRDA:45,2,0,15
BRDA:57,3,0,5
BRDA:49,4,0,18168
BRDA:68,5,0,8
BRDA:75,6,0,22
BRDA:76,7,0,4
BRDA:76,8,0,18
BRDA:77,9,0,20
BRDA:77,10,0,18
BRDA:77,11,0,4
BRDA:81,12,0,2
BRDA:81,13,0,2
BRDA:97,14,0,7
BRDA:99,15,0,6
BRDA:99,16,0,1
BRDA:100,17,0,1
BRDA:100,18,0,6
BRDA:103,19,0,1
BRDA:103,20,0,5
BRDA:107,21,0,1
BRDA:107,22,0,4
BRDA:109,23,0,1
BRDA:109,24,0,4
BRDA:118,25,0,25
BRDA:121,26,0,22
BRDA:121,27,0,3
BRDA:123,28,0,0
BRDA:127,29,0,20
BRDA:130,30,0,3
BRDA:130,31,0,18
BRDA:130,32,0,5
BRDA:130,33,0,2
BRDA:136,34,0,0
BRDA:142,35,0,6
BRDA:146,36,0,0
BRDA:166,37,0,15
BRDA:169,38,0,0
BRDA:171,39,0,0
BRDA:171,40,0,0
BRDA:172,41,0,0
BRDA:184,42,0,15
BRF:43
BRH:36
end_of_record
TN:
SF:src/editor/snippets.ts
FNF:0
FNH:0
DA:14,1
DA:25,1
DA:26,1
DA:27,1
DA:28,1
DA:29,1
DA:36,1
DA:37,1
DA:38,1
DA:39,1
DA:40,1
DA:47,1
DA:48,1
DA:49,1
DA:50,1
DA:51,1
DA:55,1
DA:56,1
DA:57,1
DA:58,1
DA:59,1
DA:72,1
DA:73,1
DA:74,1
DA:75,1
DA:76,1
DA:83,1
DA:84,1
DA:85,1
DA:86,1
DA:87,1
DA:93,1
DA:94,1
DA:95,1
DA:96,1
DA:97,1
DA:112,1
DA:113,1
DA:114,1
DA:115,1
DA:116,1
DA:122,1
DA:123,1
DA:124,1
DA:125,1
DA:126,1
DA:137,1
DA:138,1
DA:139,1
DA:140,1
DA:141,1
DA:147,1
DA:148,1
DA:149,1
DA:150,1
DA:151,1
DA:157,1
DA:158,1
DA:159,1
DA:160,1
DA:161,1
DA:166,1
DA:167,1
DA:168,1
DA:169,1
DA:170,1
DA:176,1
DA:177,1
DA:178,1
DA:179,1
DA:180,1
DA:186,1
DA:187,1
DA:190,1
DA:191,56
DA:192,56
DA:193,56
DA:194,56
DA:195,56
DA:196,56
DA:197,1
LF:81
LH:81
BRDA:190,0,0,56
BRF:1
BRH:1
end_of_record
TN:
SF:src/export/export-pdf.ts
FN:51,resolveMarginsMm
FN:116,toPdfSafeText
FN:127,resolvePageMm
FN:150,exportPdf
FN:232,normaliseFontWeights
FN:252,parseSvgElement
FN:336,restoreGlobals
FN:363,installSvgGeometryShim
FN:377,patchGeometry
FN:433,rect
FN:441,finishParse
FNF:11
FNH:7
FNDA:11,resolveMarginsMm
FNDA:14,toPdfSafeText
FNDA:34,resolvePageMm
FNDA:4,exportPdf
FNDA:4,normaliseFontWeights
FNDA:4,parseSvgElement
FNDA:0,restoreGlobals
FNDA:0,installSvgGeometryShim
FNDA:0,patchGeometry
FNDA:0,rect
FNDA:4,finishParse
DA:13,1
DA:16,1
DA:17,1
DA:18,1
DA:19,1
DA:20,1
DA:21,1
DA:22,1
DA:23,1
DA:24,1
DA:25,1
DA:26,1
DA:29,1
DA:51,1
DA:52,11
DA:53,11
DA:54,11
DA:55,11
DA:67,1
DA:82,1
DA:83,1
DA:84,1
DA:85,1
DA:86,1
DA:87,1
DA:88,1
DA:89,1
DA:90,1
DA:91,1
DA:101,1
DA:102,1
DA:103,1
DA:104,1
DA:105,1
DA:106,1
DA:116,1
DA:117,14
DA:118,14
DA:119,129722
DA:120,129722
DA:121,90400
DA:122,129722
DA:123,14
DA:124,14
DA:127,1
DA:128,34
DA:130,34
DA:131,34
DA:132,0
DA:133,34
DA:134,34
DA:135,34
DA:136,34
DA:137,34
DA:139,34
DA:140,34
DA:141,34
DA:150,4
DA:151,4
DA:152,4
DA:153,4
DA:154,4
DA:155,4
DA:164,4
DA:165,4
DA:166,4
DA:168,4
DA:169,0
DA:170,0
DA:171,4
DA:172,0
DA:173,0
DA:175,0
DA:176,0
DA:177,0
DA:179,4
DA:180,4
DA:190,4
DA:191,4
DA:192,4
DA:193,4
DA:195,4
DA:196,4
DA:197,4
DA:198,4
DA:199,4
DA:201,4
DA:202,4
DA:203,4
DA:204,4
DA:205,4
DA:207,4
DA:208,4
DA:211,4
DA:212,4
DA:213,4
DA:214,4
DA:215,4
DA:216,4
DA:217,4
DA:219,4
DA:220,4
DA:221,4
DA:232,4
DA:233,4
DA:234,75
DA:235,75
DA:236,71
DA:237,4
DA:238,4
DA:239,4
DA:252,4
DA:253,4
DA:254,4
DA:255,4
DA:257,0
DA:258,0
DA:270,0
DA:271,0
DA:272,0
DA:273,0
DA:274,0
DA:276,0
DA:277,0
DA:278,0
DA:280,0
DA:281,0
DA:288,0
DA:289,0
DA:290,0
DA:303,0
DA:304,0
DA:305,0
DA:306,0
DA:307,0
DA:308,0
DA:309,0
DA:310,0
DA:311,0
DA:312,0
DA:313,0
DA:315,0
DA:316,0
DA:320,0
DA:321,0
DA:322,0
DA:323,0
DA:324,0
DA:325,0
DA:326,0
DA:327,0
DA:328,0
DA:329,0
DA:331,0
DA:332,0
DA:334,0
DA:336,0
DA:337,0
DA:338,0
DA:339,0
DA:340,0
DA:341,0
DA:343,0
DA:344,0
DA:347,1
DA:363,0
DA:371,0
DA:372,0
DA:373,0
DA:374,0
DA:375,0
DA:377,0
DA:378,0
DA:379,0
DA:380,0
DA:381,0
DA:382,0
DA:383,0
DA:384,0
DA:386,0
DA:387,0
DA:389,0
DA:390,0
DA:391,0
DA:392,0
DA:393,0
DA:394,0
DA:395,0
DA:397,0
DA:398,0
DA:399,0
DA:400,0
DA:401,0
DA:402,0
DA:403,0
DA:404,0
DA:405,0
DA:406,0
DA:407,0
DA:408,0
DA:410,0
DA:411,0
DA:412,0
DA:414,0
DA:415,0
DA:416,0
DA:417,0
DA:418,0
DA:419,0
DA:421,0
DA:422,0
DA:423,0
DA:424,0
DA:426,0
DA:427,0
DA:428,0
DA:429,0
DA:430,0
DA:433,0
DA:434,0
DA:435,0
DA:436,0
DA:437,0
DA:438,0
DA:439,0
DA:441,4
DA:442,4
DA:443,4
DA:444,0
DA:445,0
DA:446,4
DA:447,4
LF:232
LH:113
BRDA:51,0,0,11
BRDA:52,1,0,10
BRDA:54,2,0,4
BRDA:54,3,0,7
BRDA:54,4,0,4
BRDA:54,5,0,8
BRDA:54,6,0,4
BRDA:54,7,0,8
BRDA:54,8,0,4
BRDA:54,9,0,8
BRDA:116,10,0,14
BRDA:118,11,0,129722
BRDA:120,12,0,14
BRDA:120,13,0,129711
BRDA:120,14,0,90400
BRDA:120,15,0,11
BRDA:121,16,0,2
BRDA:127,17,0,34
BRDA:128,18,0,3
BRDA:131,19,0,33
BRDA:131,20,0,0
BRDA:134,21,0,33
BRDA:134,22,0,1
BRDA:136,23,0,2
BRDA:139,24,0,0
BRDA:140,25,0,17
BRDA:140,26,0,17
BRDA:135,27,0,177
BRDA:150,28,0,4
BRDA:155,29,0,0
BRDA:166,30,0,0
BRDA:166,31,0,0
BRDA:168,32,0,0
BRDA:171,33,0,0
BRDA:202,34,0,3
BRDA:202,35,0,1
BRDA:219,36,0,0
BRDA:232,37,0,4
BRDA:233,38,0,75
BRDA:235,39,0,71
BRDA:236,40,0,0
BRDA:236,41,0,4
BRDA:237,42,0,0
BRDA:252,43,0,4
BRDA:255,44,0,0
BRDA:441,45,0,4
BRDA:443,46,0,0
BRF:47
BRH:35
end_of_record
TN:
SF:src/export/export-png.ts
FN:37,exportPng
FN:45,renderWithResvg
FN:71,renderWithCanvas
FN:93,out
FN:101,loadImage
FNF:5
FNH:2
FNDA:1,exportPng
FNDA:0,renderWithResvg
FNDA:1,renderWithCanvas
FNDA:0,out
FNDA:0,loadImage
DA:14,1
DA:25,1
DA:26,1
DA:27,1
DA:28,1
DA:37,1
DA:38,1
DA:39,1
DA:40,1
DA:41,1
DA:42,1
DA:45,0
DA:46,0
DA:47,0
DA:48,0
DA:49,0
DA:50,0
DA:51,0
DA:53,0
DA:54,0
DA:55,0
DA:57,0
DA:58,0
DA:59,0
DA:60,0
DA:62,0
DA:63,0
DA:64,0
DA:65,0
DA:66,0
DA:67,0
DA:68,0
DA:71,1
DA:72,1
DA:73,1
DA:74,1
DA:75,1
DA:77,1
DA:78,1
DA:79,1
DA:80,1
DA:81,0
DA:82,0
DA:83,0
DA:84,0
DA:85,0
DA:87,0
DA:88,0
DA:89,0
DA:90,0
DA:91,0
DA:93,0
DA:94,0
DA:95,0
DA:96,0
DA:97,0
DA:98,0
DA:99,1
DA:101,0
DA:102,0
DA:103,0
DA:104,0
DA:105,0
DA:106,0
DA:107,0
DA:108,0
LF:66
LH:21
BRDA:37,0,0,1
BRDA:41,1,0,0
BRDA:71,2,0,1
BRDA:73,3,0,0
BRDA:80,4,0,0
BRF:5
BRH:2
end_of_record
TN:
SF:src/export/exportable-svg.ts
FN:37,resolveCssVars
FN:49,toExportableSvg
FN:93,svgDimensions
FN:103,escapeAttr
FNF:4
FNH:4
FNDA:13,resolveCssVars
FNDA:13,toExportableSvg
FNDA:7,svgDimensions
FNDA:19,escapeAttr
DA:30,1
DA:31,1
DA:37,13
DA:38,13
DA:39,13
DA:41,13
DA:42,13
DA:43,13
DA:44,13
DA:45,13
DA:46,13
DA:49,1
DA:50,13
DA:51,13
DA:53,13
DA:54,13
DA:55,13
DA:56,13
DA:57,0
DA:58,0
DA:59,13
DA:60,13
DA:61,13
DA:62,13
DA:63,13
DA:64,0
DA:66,13
DA:67,0
DA:68,0
DA:69,0
DA:70,0
DA:71,13
DA:72,0
DA:73,0
DA:74,0
DA:75,0
DA:77,13
DA:79,13
DA:82,6
DA:83,6
DA:84,6
DA:85,6
DA:86,6
DA:87,13
DA:89,13
DA:90,13
DA:93,1
DA:94,7
DA:95,7
DA:96,7
DA:98,1
DA:99,7
DA:100,1
DA:101,1
DA:103,19
DA:104,19
DA:105,19
LF:57
LH:46
BRDA:37,0,0,13
BRDA:49,1,0,13
BRDA:50,2,0,9
BRDA:56,3,0,0
BRDA:63,4,0,0
BRDA:66,5,0,0
BRDA:71,6,0,0
BRDA:79,7,0,6
BRDA:89,8,0,7
BRDA:89,9,0,6
BRDA:93,10,0,7
BRDA:96,11,0,6
BRDA:96,12,0,6
BRDA:96,13,0,1
BRDA:99,14,0,0
BRDA:99,15,0,1
BRDA:103,16,0,19
BRF:17
BRH:12
end_of_record
TN:
SF:src/export/index.ts
FNF:0
FNH:0
DA:9,1
DA:10,1
DA:11,1
LF:3
LH:3
BRF:0
BRH:0
end_of_record
TN:
SF:src/format/format.ts
FN:34,scanLine
FN:74,splitAssignment
FN:95,stripStringsAndComments
FN:139,explodeLine
FN:146,flush
FN:223,formatSource
FN:292,flushRun
FNF:7
FNH:7
FNDA:8297,scanLine
FNDA:8297,splitAssignment
FNDA:6580,stripStringsAndComments
FNDA:7435,explodeLine
FNDA:14003,flush
FNDA:64,formatSource
FNDA:5222,flushRun
DA:18,1
DA:34,8297
DA:35,8297
DA:36,8297
DA:37,8297
DA:38,8297
DA:39,8297
DA:41,8297
DA:42,110549
DA:43,110549
DA:45,110549
DA:46,0
DA:47,0
DA:48,0
DA:49,110549
DA:50,29013
DA:51,29013
DA:52,29007
DA:53,29007
DA:55,110549
DA:56,110549
DA:57,110549
DA:59,110549
DA:60,76093
DA:61,1318
DA:62,1318
DA:63,1318
DA:64,110549
DA:66,8297
DA:67,8297
DA:74,8297
DA:75,8297
DA:82,8297
DA:84,4016
DA:85,8297
DA:87,4016
DA:89,8297
DA:91,4013
DA:92,4013
DA:95,6580
DA:96,6580
DA:97,6580
DA:98,6580
DA:99,108832
DA:100,108832
DA:101,108832
DA:102,29013
DA:103,29013
DA:104,29007
DA:105,29007
DA:106,29007
DA:107,108832
DA:108,108832
DA:109,77411
DA:110,77411
DA:111,6580
DA:112,6580
DA:139,7435
DA:140,7435
DA:142,7435
DA:143,7435
DA:144,7435
DA:146,7435
DA:147,14003
DA:148,14003
DA:149,14003
DA:151,7435
DA:152,112145
DA:153,112145
DA:155,112145
DA:156,29011
DA:157,29011
DA:158,29011
DA:159,29005
DA:160,29005
DA:162,112145
DA:171,112145
DA:172,1827
DA:173,1827
DA:174,110
DA:175,110
DA:176,1827
DA:177,1717
DA:178,1717
DA:179,1827
DA:180,1827
DA:182,112145
DA:183,112145
DA:185,1241
DA:193,1241
DA:194,1241
DA:195,1241
DA:196,1241
DA:197,1241
DA:198,112145
DA:200,72442
DA:201,72442
DA:202,7435
DA:204,7435
DA:205,7435
DA:223,1
DA:224,64
DA:225,64
DA:226,64
DA:229,64
DA:231,64
DA:232,64
DA:233,64
DA:235,64
DA:236,8379
DA:238,8379
DA:240,941
DA:241,941
DA:242,941
DA:243,8379
DA:244,874
DA:245,874
DA:246,874
DA:248,7438
DA:256,8379
DA:257,0
DA:258,0
DA:259,0
DA:260,0
DA:267,8379
DA:269,8379
DA:270,8297
DA:271,8297
DA:273,8297
DA:274,8297
DA:276,8297
DA:277,8297
DA:278,8297
DA:279,8297
DA:280,8297
DA:281,8297
DA:282,7438
DA:290,64
DA:291,64
DA:292,64
DA:293,5222
DA:294,5222
DA:295,972
DA:296,972
DA:297,3820
DA:298,3820
DA:299,5222
DA:300,193
DA:301,193
DA:302,193
DA:303,5222
DA:304,5222
DA:306,64
DA:307,9171
DA:308,9171
DA:309,9171
DA:310,9171
DA:311,4013
DA:312,4013
DA:313,9171
DA:314,5158
DA:315,5158
DA:316,5158
DA:317,9171
DA:318,64
DA:319,64
DA:321,64
DA:322,64
DA:323,64
DA:324,64
DA:326,64
DA:327,64
LF:172
LH:165
BRDA:34,0,0,8297
BRDA:41,1,0,110549
BRDA:45,2,0,0
BRDA:49,3,0,29013
BRDA:50,4,0,6
BRDA:50,5,0,29007
BRDA:51,6,0,2298
BRDA:51,7,0,29007
BRDA:53,8,0,81536
BRDA:55,9,0,2298
BRDA:55,10,0,79238
BRDA:56,11,0,112
BRDA:56,12,0,0
BRDA:56,13,0,110545
BRDA:56,14,0,79238
BRDA:57,15,0,77412
BRDA:57,16,0,112
BRDA:57,17,0,1827
BRDA:57,18,0,77411
BRDA:59,19,0,76168
BRDA:59,20,0,1318
BRDA:59,21,0,76093
BRDA:60,22,0,74850
BRDA:60,23,0,1318
BRDA:62,24,0,1248
BRDA:74,25,0,8297
BRDA:75,26,0,1717
BRDA:75,27,0,6580
BRDA:82,28,0,2564
BRDA:82,29,0,4016
BRDA:85,30,0,0
BRDA:85,31,0,4016
BRDA:89,32,0,3
BRDA:89,33,0,4013
BRDA:95,34,0,6580
BRDA:98,35,0,108832
BRDA:101,36,0,29013
BRDA:102,37,0,6
BRDA:102,38,0,29007
BRDA:103,39,0,2298
BRDA:103,40,0,29007
BRDA:106,41,0,79819
BRDA:107,42,0,2298
BRDA:107,43,0,108828
BRDA:107,44,0,77521
BRDA:108,45,0,77412
BRDA:108,46,0,112
BRDA:108,47,0,111
BRDA:108,48,0,110
BRDA:108,49,0,77411
BRDA:139,50,0,7435
BRDA:140,51,0,0
BRDA:151,52,0,112145
BRDA:155,53,0,29011
BRDA:157,54,0,6
BRDA:157,55,0,6
BRDA:157,56,0,29005
BRDA:158,57,0,2297
BRDA:158,58,0,29005
BRDA:160,59,0,83134
BRDA:162,60,0,2297
BRDA:162,61,0,112141
BRDA:162,62,0,80837
BRDA:171,63,0,79011
BRDA:171,64,0,112
BRDA:171,65,0,111
BRDA:171,66,0,1827
BRDA:173,67,0,110
BRDA:176,68,0,1717
BRDA:180,69,0,79010
BRDA:182,70,0,1241
BRDA:182,71,0,77769
BRDA:183,72,0,1241
BRDA:194,73,0,192
BRDA:194,74,0,52
BRDA:195,75,0,116
BRDA:195,76,0,1125
BRDA:197,77,0,76528
BRDA:198,78,0,4086
BRDA:198,79,0,72442
BRDA:204,80,0,0
BRDA:146,81,0,14003
BRDA:147,82,0,7053
BRDA:223,83,0,64
BRDA:235,84,0,8379
BRDA:238,85,0,941
BRDA:240,86,0,939
BRDA:242,87,0,7438
BRDA:243,88,0,874
BRDA:246,89,0,7438
BRDA:256,90,0,0
BRDA:260,91,0,7438
BRDA:267,92,0,7435
BRDA:267,93,0,3
BRDA:269,94,0,8297
BRDA:279,95,0,0
BRDA:281,96,0,7438
BRDA:306,97,0,9171
BRDA:310,98,0,4013
BRDA:311,99,0,4013
BRDA:313,100,0,5158
BRDA:292,101,0,5222
BRDA:294,102,0,972
BRDA:296,103,0,3820
BRDA:299,104,0,4250
BRDA:299,105,0,193
BRDA:293,106,0,4013
BRDA:295,107,0,3820
BRDA:322,108,0,9171
BRDA:322,109,0,874
BRDA:322,110,0,8297
BRF:111
BRH:104
end_of_record
TN:
SF:src/help/help-data.ts
FN:28,M
FN:290,V
FNF:2
FNH:2
FNDA:618,M
FNDA:756,V
DA:15,1
DA:28,1
DA:29,618
DA:34,1
DA:36,1
DA:37,1
DA:38,1
DA:39,1
DA:40,1
DA:41,1
DA:42,1
DA:43,1
DA:44,1
DA:45,1
DA:46,1
DA:47,1
DA:48,1
DA:49,1
DA:50,1
DA:53,1
DA:54,1
DA:55,1
DA:58,1
DA:59,1
DA:62,1
DA:63,1
DA:64,1
DA:65,1
DA:66,1
DA:67,1
DA:70,1
DA:71,1
DA:72,1
DA:73,1
DA:74,1
DA:75,1
DA:76,1
DA:79,1
DA:80,1
DA:81,1
DA:82,1
DA:83,1
DA:84,1
DA:85,1
DA:86,1
DA:87,1
DA:88,1
DA:89,1
DA:90,1
DA:93,1
DA:96,1
DA:97,1
DA:98,1
DA:99,1
DA:100,1
DA:101,1
DA:104,1
DA:105,1
DA:106,1
DA:109,1
DA:110,1
DA:111,1
DA:112,1
DA:113,1
DA:116,1
DA:117,1
DA:120,1
DA:121,1
DA:124,1
DA:125,1
DA:126,1
DA:127,1
DA:128,1
DA:129,1
DA:132,1
DA:133,1
DA:134,1
DA:135,1
DA:138,1
DA:139,1
DA:140,1
DA:141,1
DA:144,1
DA:145,1
DA:148,1
DA:149,1
DA:150,1
DA:151,1
DA:152,1
DA:153,1
DA:154,1
DA:155,1
DA:156,1
DA:157,1
DA:158,1
DA:159,1
DA:160,1
DA:161,1
DA:162,1
DA:163,1
DA:166,1
DA:167,1
DA:168,1
DA:169,1
DA:170,1
DA:171,1
DA:172,1
DA:175,1
DA:182,1
DA:183,6
DA:184,6
DA:185,6
DA:186,6
DA:187,42
DA:188,186
DA:189,186
DA:190,180
DA:191,174
DA:192,186
DA:193,186
DA:194,42
DA:195,6
DA:196,1
DA:202,1
DA:203,1
DA:204,1
DA:205,1
DA:215,1
DA:216,1
DA:217,1
DA:218,1
DA:219,1
DA:220,1
DA:221,1
DA:222,1
DA:223,1
DA:224,1
DA:225,1
DA:226,1
DA:227,1
DA:228,1
DA:229,1
DA:230,1
DA:231,1
DA:232,1
DA:233,1
DA:234,1
DA:235,1
DA:236,1
DA:237,1
DA:238,1
DA:239,1
DA:240,1
DA:241,1
DA:242,1
DA:243,1
DA:244,1
DA:245,1
DA:246,1
DA:247,1
DA:250,1
DA:251,1
DA:252,1
DA:253,1
DA:254,1
DA:255,1
DA:256,1
DA:257,1
DA:258,1
DA:259,1
DA:262,1
DA:263,1
DA:264,1
DA:265,1
DA:266,1
DA:267,1
DA:268,1
DA:269,1
DA:270,1
DA:290,1
DA:299,1
DA:300,1
DA:301,1
DA:302,1
DA:303,1
DA:304,1
DA:305,1
DA:306,1
DA:307,1
DA:308,1
DA:309,1
DA:310,1
DA:311,1
DA:312,1
DA:313,1
DA:314,1
DA:315,1
DA:316,1
DA:317,1
DA:318,1
DA:319,1
DA:320,1
DA:321,1
DA:322,1
DA:323,1
DA:324,1
DA:325,1
DA:326,1
DA:327,1
DA:328,1
DA:329,1
DA:330,1
DA:331,1
DA:332,1
DA:333,1
DA:334,1
DA:335,1
DA:336,1
DA:337,1
DA:338,1
DA:339,1
DA:340,1
DA:341,1
DA:342,1
DA:343,1
DA:344,1
DA:345,1
DA:347,1
DA:348,1
DA:349,1
DA:350,1
DA:351,1
DA:352,1
DA:353,1
DA:354,1
DA:355,1
DA:357,1
DA:358,1
DA:359,1
DA:360,1
DA:361,1
DA:362,1
DA:363,1
DA:364,1
DA:366,1
DA:367,1
DA:368,1
DA:369,1
DA:370,1
DA:371,1
DA:372,1
DA:373,1
DA:374,1
DA:375,1
DA:376,1
DA:377,1
DA:378,1
DA:379,1
DA:380,1
DA:381,1
DA:382,1
DA:383,1
DA:392,1
DA:393,1
DA:394,1
DA:395,1
DA:396,1
DA:397,1
DA:398,1
DA:399,1
DA:400,1
DA:401,1
DA:402,1
DA:403,1
DA:404,1
DA:405,1
DA:406,1
DA:407,1
DA:408,1
DA:409,1
DA:410,1
DA:411,1
DA:412,1
DA:413,1
DA:414,1
DA:415,1
DA:416,1
DA:417,1
DA:418,1
DA:419,1
DA:420,1
DA:421,1
DA:422,1
DA:423,1
DA:424,1
DA:425,1
DA:426,1
DA:427,1
DA:428,1
DA:429,1
DA:430,1
DA:431,1
DA:433,1
DA:434,1
DA:435,1
DA:436,1
DA:437,1
DA:438,1
DA:439,1
DA:440,1
DA:441,1
DA:442,1
DA:443,1
DA:444,1
DA:445,1
DA:446,1
DA:447,1
DA:448,1
DA:449,1
DA:450,1
DA:451,1
DA:454,1
DA:455,1
DA:456,1
DA:457,1
DA:466,1
DA:468,1
DA:469,1
DA:470,1
DA:472,1
DA:473,1
DA:474,1
DA:475,1
DA:476,1
DA:477,1
DA:478,1
DA:479,1
DA:480,1
DA:481,1
DA:482,1
DA:483,1
DA:484,1
DA:485,1
DA:488,1
DA:489,1
DA:490,1
DA:491,1
DA:492,1
DA:493,1
DA:494,1
DA:495,1
DA:496,1
DA:497,1
DA:498,1
DA:499,1
DA:500,1
LF:356
LH:356
BRDA:28,0,0,618
BRDA:182,1,0,6
BRDA:186,2,0,42
BRDA:187,3,0,186
BRDA:189,4,0,6
BRDA:189,5,0,180
BRDA:190,6,0,6
BRDA:190,7,0,174
BRDA:290,8,0,756
BRF:9
BRH:9
end_of_record
TN:
SF:src/highlight/tc-highlight-style.ts
FNF:0
FNH:0
DA:12,1
DA:13,1
DA:14,1
DA:16,1
DA:17,1
DA:18,1
DA:19,1
DA:20,1
DA:21,1
DA:22,1
DA:23,1
DA:24,1
DA:25,1
DA:26,1
DA:27,1
DA:28,1
DA:36,1
DA:37,1
DA:38,1
DA:39,1
DA:40,1
DA:41,1
DA:42,1
DA:43,1
DA:44,1
DA:45,1
DA:46,1
DA:47,1
DA:48,1
DA:49,1
DA:50,1
DA:51,1
DA:52,1
DA:53,1
DA:54,1
DA:55,1
DA:56,1
DA:57,1
DA:58,1
DA:59,1
DA:60,1
DA:61,1
DA:62,1
DA:63,1
DA:64,1
DA:65,1
DA:66,1
DA:67,1
DA:68,1
DA:69,1
DA:70,1
DA:71,1
DA:72,1
DA:73,1
DA:74,1
DA:75,1
DA:76,1
DA:77,1
DA:78,1
DA:79,1
DA:82,1
DA:83,1
DA:84,1
DA:85,1
LF:64
LH:64
BRF:0
BRH:0
end_of_record
TN:
SF:src/highlight/tc-language.ts
FN:71,startState
FN:75,copyState
FN:79,token
FN:158,indent
FNF:4
FNH:4
FNDA:27,startState
FNDA:111,copyState
FNDA:9217,token
FNDA:1,indent
DA:21,1
DA:22,1
DA:25,1
DA:26,1
DA:27,1
DA:28,1
DA:29,1
DA:32,1
DA:33,1
DA:34,1
DA:37,1
DA:38,1
DA:39,1
DA:40,1
DA:41,1
DA:42,1
DA:43,1
DA:44,1
DA:45,1
DA:46,1
DA:47,1
DA:50,1
DA:51,1
DA:52,1
DA:53,1
DA:54,1
DA:55,1
DA:56,1
DA:57,1
DA:68,1
DA:69,1
DA:71,1
DA:72,27
DA:73,27
DA:75,1
DA:76,111
DA:77,111
DA:79,1
DA:81,9217
DA:82,0
DA:83,0
DA:84,0
DA:85,0
DA:86,0
DA:87,0
DA:89,9217
DA:92,9217
DA:93,9217
DA:96,9217
DA:99,9217
DA:101,518
DA:102,518
DA:103,287
DA:104,287
DA:105,287
DA:106,287
DA:107,287
DA:108,2
DA:109,287
DA:110,0
DA:111,0
DA:112,287
DA:113,233
DA:114,233
DA:117,9217
DA:118,9217
DA:119,9217
DA:120,9217
DA:121,9217
DA:122,9217
DA:123,9217
DA:124,9217
DA:127,1351
DA:128,9217
DA:129,1350
DA:132,1350
DA:134,1350
DA:135,67
DA:136,67
DA:137,67
DA:138,1350
DA:139,1350
DA:140,43
DA:141,43
DA:143,1
DA:144,1
DA:145,9217
DA:147,1
DA:148,1
DA:149,1
DA:150,1
DA:151,1
DA:158,1
DA:159,0
DA:160,0
DA:161,0
DA:162,1
DA:165,1
LF:98
LH:87
BRDA:71,0,0,27
BRDA:75,1,0,111
BRDA:79,2,0,9217
BRDA:81,3,0,0
BRDA:89,4,0,3712
BRDA:89,5,0,5505
BRDA:92,6,0,0
BRDA:92,7,0,5505
BRDA:93,8,0,385
BRDA:93,9,0,5120
BRDA:96,10,0,555
BRDA:96,11,0,4565
BRDA:99,12,0,518
BRDA:102,13,0,287
BRDA:107,14,0,285
BRDA:107,15,0,2
BRDA:109,16,0,0
BRDA:112,17,0,233
BRDA:114,18,0,4047
BRDA:117,19,0,946
BRDA:117,20,0,3101
BRDA:118,21,0,346
BRDA:118,22,0,2755
BRDA:119,23,0,346
BRDA:119,24,0,2409
BRDA:120,25,0,16
BRDA:120,26,0,2393
BRDA:121,27,0,16
BRDA:121,28,0,2377
BRDA:122,29,0,945
BRDA:122,30,0,1432
BRDA:123,31,0,0
BRDA:123,32,0,1432
BRDA:124,33,0,81
BRDA:124,34,0,1351
BRDA:128,35,0,1350
BRDA:132,36,0,39
BRDA:132,37,0,1311
BRDA:134,38,0,67
BRDA:136,39,0,19
BRDA:136,40,0,48
BRDA:137,41,0,1244
BRDA:138,42,0,276
BRDA:138,43,0,968
BRDA:139,44,0,925
BRDA:139,45,0,43
BRDA:141,46,0,1
BRF:47
BRH:43
end_of_record
TN:
SF:src/parser/ast.ts
FNF:0
FNH:0
LF:0
LH:0
BRF:0
BRH:0
end_of_record
TN:
SF:src/parser/index.ts
FNF:0
FNH:0
DA:1,1
DA:2,1
LF:2
LH:2
BRF:0
BRH:0
end_of_record
TN:
SF:src/parser/parser.ts
FN:180,isDigit
FN:181,isNameStart
FN:182,isNameCont
FN:184,tokenize
FN:191,emit
FN:381,Parser
FN:386,peek
FN:389,at
FN:390,eat
FN:395,expect
FN:413,matchKeyword
FN:437,parseNameList
FN:467,noteUnknownKey
FN:528,expectKeyword
FN:539,loc
FN:543,recoverySync
FN:557,parseDocument
FN:580,parseTopLevel
FN:627,parseBlock
FN:643,parseMeta
FN:659,parsePoint
FN:719,parseNotes
FN:735,parseSystem
FN:839,parseScenario
FN:961,parseFaults
FN:1014,parseTimes
FN:1050,parseElement
FN:1069,parseElementBody
FN:1155,skipBracedGroup
FN:1166,noteUnknownElementSetting
FN:1179,parseStageBody
FN:1235,parseQuantityValue
FN:1246,parseDeviceNumberId
FN:1264,parseCurveOrDefinite
FN:1273,parseDottedIdent
FN:1285,parseFlexList
FN:1299,parseFlexPoint
FN:1312,parseElementScalar
FN:1356,parseRelay
FN:1428,parseDevice
FN:1504,parseGrade
FN:1591,parseSolveInner
FN:1636,parseAnnotate
FN:1763,parseCombine
FN:1825,parseView
FN:1954,peekAt
FN:1965,parsePageSubBlock
FN:1990,parseNumberWithUnit_any
FN:2006,parsePageTitle
FN:2032,parsePage
FN:2178,parseNumber
FN:2204,parseNumberWithUnit
FN:2251,parseNumberWithUnit_A
FN:2255,parseNumberWithUnit_kV
FN:2259,parseNumberWithUnit_s
FN:2263,parseBool
FN:2267,parseStringOrIdent
FN:2271,parseScalarValue
FN:2298,parseRef
FN:2343,parseRefList
FN:2357,tokenDescribe
FN:2363,unquote
FN:2391,structuralErrors
FN:2439,parse
FN:2450,lex
FN:2461,applyPageSubBlock
FN:2466,str
FN:2468,num
FN:2470,bool
FNF:69
FNH:69
FNDA:95942,isDigit
FNDA:39590,isNameStart
FNDA:230302,isNameCont
FNDA:828,tokenize
FNDA:123433,emit
FNDA:828,Parser
FNDA:226818,peek
FNDA:74966,at
FNDA:73359,eat
FNDA:36240,expect
FNDA:4472,matchKeyword
FNDA:123,parseNameList
FNDA:3598,noteUnknownKey
FNDA:3468,expectKeyword
FNDA:7944,loc
FNDA:6,recoverySync
FNDA:828,parseDocument
FNDA:4206,parseTopLevel
FNDA:2353,parseBlock
FNDA:296,parseMeta
FNDA:147,parsePoint
FNDA:13,parseNotes
FNDA:709,parseSystem
FNDA:138,parseScenario
FNDA:554,parseFaults
FNDA:27,parseTimes
FNDA:1382,parseElement
FNDA:1382,parseElementBody
FNDA:1,skipBracedGroup
FNDA:15,noteUnknownElementSetting
FNDA:73,parseStageBody
FNDA:603,parseQuantityValue
FNDA:2438,parseDeviceNumberId
FNDA:1372,parseCurveOrDefinite
FNDA:1044,parseDottedIdent
FNDA:110,parseFlexList
FNDA:345,parseFlexPoint
FNDA:4232,parseElementScalar
FNDA:1072,parseRelay
FNDA:68,parseDevice
FNDA:317,parseGrade
FNDA:39,parseSolveInner
FNDA:196,parseAnnotate
FNDA:34,parseCombine
FNDA:408,parseView
FNDA:744,peekAt
FNDA:234,parsePageSubBlock
FNDA:117,parseNumberWithUnit_any
FNDA:70,parsePageTitle
FNDA:207,parsePage
FNDA:143,parseNumber
FNDA:4978,parseNumberWithUnit
FNDA:2865,parseNumberWithUnit_A
FNDA:983,parseNumberWithUnit_kV
FNDA:1099,parseNumberWithUnit_s
FNDA:312,parseBool
FNDA:1125,parseStringOrIdent
FNDA:6087,parseScalarValue
FNDA:990,parseRef
FNDA:34,parseRefList
FNDA:187,tokenDescribe
FNDA:9880,unquote
FNDA:828,structuralErrors
FNDA:828,parse
FNDA:1,lex
FNDA:234,applyPageSubBlock
FNDA:785,str
FNDA:257,num
FNDA:332,bool
DA:11,1
DA:54,1
DA:55,1
DA:56,1
DA:57,1
DA:58,1
DA:59,1
DA:60,1
DA:61,1
DA:62,1
DA:63,1
DA:64,1
DA:76,1
DA:77,1
DA:78,1
DA:79,1
DA:80,1
DA:81,1
DA:82,1
DA:83,1
DA:84,1
DA:85,1
DA:86,1
DA:87,1
DA:88,1
DA:90,1
DA:91,1
DA:92,1
DA:93,1
DA:95,1
DA:97,1
DA:98,1
DA:99,1
DA:101,1
DA:103,1
DA:105,1
DA:107,1
DA:109,1
DA:111,1
DA:113,1
DA:114,1
DA:115,1
DA:117,1
DA:118,1
DA:119,1
DA:120,1
DA:122,1
DA:123,1
DA:124,1
DA:125,1
DA:126,1
DA:127,1
DA:128,1
DA:129,1
DA:130,1
DA:131,1
DA:132,1
DA:134,1
DA:135,1
DA:136,1
DA:137,1
DA:138,1
DA:139,1
DA:140,1
DA:141,1
DA:142,1
DA:143,1
DA:144,1
DA:145,1
DA:146,1
DA:147,1
DA:148,1
DA:149,1
DA:151,1
DA:152,1
DA:153,1
DA:154,1
DA:155,1
DA:156,1
DA:157,1
DA:158,1
DA:159,1
DA:160,1
DA:161,1
DA:162,1
DA:163,1
DA:164,1
DA:180,95942
DA:181,39590
DA:182,230302
DA:184,1
DA:185,828
DA:186,828
DA:187,828
DA:188,828
DA:189,828
DA:191,828
DA:192,123433
DA:193,123433
DA:195,828
DA:196,319100
DA:199,319100
DA:200,169515
DA:201,169515
DA:202,169515
DA:203,319100
DA:204,23152
DA:205,23152
DA:206,23152
DA:209,319100
DA:210,3807
DA:211,3807
DA:212,3807
DA:214,319100
DA:215,3
DA:216,3
DA:217,3
DA:218,47
DA:219,46
DA:220,47
DA:221,47
DA:222,3
DA:223,1
DA:224,1
DA:225,1
DA:226,1
DA:227,1
DA:228,1
DA:229,1
DA:230,3
DA:231,3
DA:234,122623
DA:235,319100
DA:236,61298
DA:237,61298
DA:238,61298
DA:239,61298
DA:240,61298
DA:241,61298
DA:242,61298
DA:243,61298
DA:244,61298
DA:245,61298
DA:246,61298
DA:249,319100
DA:250,9625
DA:251,9625
DA:262,9625
DA:263,9625
DA:264,77097
DA:265,22
DA:266,22
DA:267,22
DA:268,22
DA:269,22
DA:271,22
DA:272,0
DA:273,0
DA:274,0
DA:275,0
DA:276,0
DA:277,0
DA:278,0
DA:279,0
DA:280,0
DA:282,0
DA:284,22
DA:285,22
DA:286,22
DA:289,0
DA:290,0
DA:291,22
DA:292,22
DA:293,22
DA:294,77097
DA:295,77073
DA:296,77075
DA:297,77075
DA:298,77075
DA:299,9625
DA:300,9614
DA:301,9614
DA:302,9625
DA:303,11
DA:304,11
DA:305,11
DA:306,11
DA:307,11
DA:308,11
DA:309,9625
DA:310,9625
DA:313,51700
DA:314,51700
DA:315,39600
DA:316,39600
DA:317,0
DA:318,319100
DA:319,12110
DA:320,12110
DA:322,12110
DA:323,12110
DA:324,44232
DA:325,44232
DA:326,15640
DA:327,15619
DA:328,12104
DA:329,44232
DA:330,12110
DA:331,12110
DA:332,12110
DA:335,62455
DA:336,39583
DA:337,39583
DA:339,190765
DA:340,0
DA:341,0
DA:342,0
DA:343,190765
DA:344,190765
DA:345,39583
DA:346,39583
DA:347,39583
DA:348,39583
DA:349,39583
DA:352,7
DA:353,7
DA:354,7
DA:355,7
DA:356,7
DA:357,7
DA:358,7
DA:360,828
DA:361,828
DA:362,828
DA:366,1
DA:368,1
DA:369,1
DA:370,1
DA:371,1
DA:372,1
DA:381,1
DA:382,828
DA:383,828
DA:384,828
DA:386,1
DA:387,226818
DA:388,226818
DA:389,1
DA:390,1
DA:391,73359
DA:392,63248
DA:393,63248
DA:394,73359
DA:395,1
DA:396,36240
DA:397,181
DA:398,181
DA:399,181
DA:400,181
DA:401,181
DA:402,181
DA:403,181
DA:404,36240
DA:413,1
DA:414,4472
DA:415,4472
DA:416,4114
DA:417,4114
DA:418,4114
DA:419,604
DA:420,356
DA:421,356
DA:422,356
DA:423,356
DA:424,356
DA:425,356
DA:426,2
DA:427,4472
DA:437,1
DA:438,123
DA:439,9
DA:440,9
DA:441,9
DA:442,9
DA:443,9
DA:444,9
DA:445,9
DA:446,9
DA:447,123
DA:448,123
DA:449,123
DA:467,1
DA:468,3598
DA:469,3598
DA:470,3598
DA:471,3598
DA:472,3598
DA:479,3598
DA:481,22
DA:482,296
DA:483,6
DA:484,6
DA:485,6
DA:486,6
DA:487,6
DA:488,6
DA:489,6
DA:490,6
DA:492,16
DA:493,290
DA:494,0
DA:495,0
DA:496,0
DA:497,0
DA:498,0
DA:499,0
DA:500,0
DA:514,16
DA:515,290
DA:517,3598
DA:518,3598
DA:519,0
DA:520,16
DA:521,16
DA:522,3598
DA:523,3598
DA:524,3598
DA:525,3598
DA:526,3598
DA:528,1
DA:529,3468
DA:530,3468
DA:531,0
DA:532,0
DA:533,0
DA:534,0
DA:535,0
DA:536,0
DA:537,0
DA:538,3468
DA:539,1
DA:540,7944
DA:541,7944
DA:543,1
DA:544,6
DA:545,6
DA:546,6
DA:547,0
DA:548,6
DA:549,0
DA:550,0
DA:551,6
DA:552,6
DA:553,6
DA:557,1
DA:558,828
DA:559,828
DA:560,4206
DA:561,4206
DA:562,4206
DA:563,4206
DA:564,4206
DA:565,0
DA:566,0
DA:567,0
DA:568,0
DA:569,0
DA:570,0
DA:571,0
DA:572,4206
DA:574,0
DA:575,0
DA:576,4206
DA:577,828
DA:578,828
DA:580,1
DA:581,4206
DA:582,4206
DA:585,1
DA:586,1
DA:587,1
DA:588,4206
DA:589,6
DA:590,6
DA:591,6
DA:592,6
DA:593,6
DA:594,6
DA:595,6
DA:596,6
DA:597,4199
DA:598,4199
DA:599,4206
DA:600,4206
DA:601,4206
DA:602,4206
DA:603,4206
DA:604,4206
DA:605,4206
DA:606,4206
DA:607,4206
DA:608,4206
DA:609,4206
DA:610,4206
DA:611,4206
DA:612,4206
DA:613,4206
DA:614,4206
DA:615,0
DA:616,0
DA:617,0
DA:618,0
DA:619,0
DA:620,0
DA:621,0
DA:622,4206
DA:623,4206
DA:627,1
DA:628,2353
DA:629,2353
DA:630,1
DA:631,1
DA:632,1
DA:633,1
DA:634,1
DA:635,1
DA:636,1
DA:637,1
DA:638,2352
DA:639,2353
DA:640,2353
DA:641,2353
DA:643,1
DA:644,296
DA:645,296
DA:646,296
DA:647,296
DA:648,976
DA:649,976
DA:650,776
DA:651,776
DA:652,776
DA:653,776
DA:654,776
DA:655,296
DA:656,296
DA:657,296
DA:659,1
DA:660,147
DA:661,147
DA:662,147
DA:663,147
DA:664,147
DA:665,147
DA:666,147
DA:667,147
DA:668,147
DA:669,593
DA:670,593
DA:671,593
DA:672,593
DA:675,593
DA:676,593
DA:677,593
DA:678,593
DA:679,593
DA:680,593
DA:681,2
DA:682,2
DA:683,2
DA:684,2
DA:685,2
DA:686,593
DA:688,593
DA:689,593
DA:690,593
DA:691,593
DA:692,24
DA:693,24
DA:694,24
DA:695,24
DA:696,593
DA:697,593
DA:698,593
DA:699,593
DA:700,593
DA:701,593
DA:702,65
DA:703,65
DA:704,65
DA:705,65
DA:706,593
DA:707,0
DA:708,0
DA:709,0
DA:710,0
DA:711,0
DA:712,593
DA:713,593
DA:714,593
DA:715,147
DA:716,147
DA:717,147
DA:719,1
DA:720,13
DA:721,13
DA:722,13
DA:723,13
DA:724,26
DA:725,26
DA:726,26
DA:727,26
DA:728,26
DA:729,26
DA:730,26
DA:731,13
DA:732,13
DA:733,13
DA:735,1
DA:736,709
DA:737,709
DA:738,709
DA:739,709
DA:740,825
DA:741,825
DA:742,801
DA:743,823
DA:746,707
DA:747,707
DA:748,707
DA:749,707
DA:750,973
DA:751,973
DA:752,973
DA:753,973
DA:754,973
DA:755,973
DA:756,973
DA:757,973
DA:758,973
DA:759,1115
DA:760,1115
DA:761,1115
DA:762,1115
DA:763,143
DA:764,143
DA:765,143
DA:766,0
DA:767,0
DA:768,0
DA:769,1115
DA:770,1115
DA:771,973
DA:772,973
DA:773,973
DA:774,707
DA:775,707
DA:776,707
DA:777,707
DA:778,825
DA:779,46
DA:780,46
DA:781,46
DA:782,46
DA:783,46
DA:784,46
DA:786,46
DA:787,0
DA:788,46
DA:789,46
DA:790,46
DA:791,46
DA:792,46
DA:793,46
DA:794,46
DA:795,46
DA:796,46
DA:797,46
DA:798,46
DA:799,46
DA:800,46
DA:801,46
DA:802,46
DA:803,46
DA:804,46
DA:805,825
DA:806,31
DA:807,31
DA:808,31
DA:809,31
DA:810,825
DA:811,11
DA:812,825
DA:813,6
DA:814,6
DA:815,6
DA:816,6
DA:817,6
DA:818,825
DA:821,0
DA:822,0
DA:823,0
DA:824,0
DA:825,825
DA:826,825
DA:827,709
DA:828,709
DA:829,709
DA:839,1
DA:840,138
DA:841,138
DA:843,138
DA:844,138
DA:845,0
DA:846,0
DA:847,0
DA:848,0
DA:849,0
DA:850,0
DA:851,0
DA:852,0
DA:853,0
DA:855,138
DA:856,138
DA:857,138
DA:858,138
DA:859,138
DA:860,138
DA:861,138
DA:863,138
DA:864,138
DA:865,440
DA:866,440
DA:868,440
DA:869,240
DA:870,240
DA:871,240
DA:872,240
DA:873,240
DA:874,240
DA:875,240
DA:876,240
DA:877,778
DA:878,778
DA:879,778
DA:880,778
DA:881,778
DA:882,778
DA:883,778
DA:884,778
DA:885,778
DA:886,778
DA:887,0
DA:888,0
DA:889,0
DA:890,0
DA:891,778
DA:892,778
DA:893,778
DA:894,240
DA:895,240
DA:896,240
DA:897,240
DA:898,240
DA:900,440
DA:901,19
DA:902,19
DA:903,19
DA:904,19
DA:905,19
DA:906,19
DA:907,19
DA:908,19
DA:909,19
DA:910,27
DA:911,27
DA:912,19
DA:913,19
DA:914,0
DA:915,19
DA:916,19
DA:917,19
DA:918,19
DA:919,19
DA:920,19
DA:921,19
DA:923,372
DA:924,85
DA:925,85
DA:926,85
DA:927,85
DA:928,85
DA:929,85
DA:931,96
DA:932,96
DA:933,96
DA:934,96
DA:936,96
DA:937,96
DA:938,96
DA:943,0
DA:944,0
DA:945,0
DA:946,0
DA:953,0
DA:954,0
DA:955,0
DA:956,440
DA:957,138
DA:958,138
DA:959,138
DA:961,1
DA:962,554
DA:963,554
DA:964,554
DA:965,554
DA:966,860
DA:967,860
DA:968,860
DA:969,860
DA:970,860
DA:971,1996
DA:972,1996
DA:973,1995
DA:974,1995
DA:976,1996
DA:977,254
DA:978,1996
DA:979,1996
DA:980,1996
DA:981,1996
DA:982,1996
DA:983,1996
DA:984,1996
DA:985,1996
DA:986,712
DA:987,712
DA:988,712
DA:989,712
DA:990,1996
DA:991,35
DA:992,35
DA:993,35
DA:994,35
DA:995,1996
DA:996,0
DA:997,1996
DA:998,1995
DA:999,1995
DA:1000,860
DA:1001,860
DA:1002,860
DA:1003,554
DA:1004,554
DA:1005,554
DA:1014,1
DA:1015,27
DA:1016,27
DA:1017,27
DA:1018,27
DA:1019,58
DA:1020,58
DA:1021,58
DA:1022,58
DA:1023,58
DA:1024,58
DA:1025,58
DA:1026,113
DA:1027,113
DA:1028,113
DA:1029,113
DA:1030,113
DA:1031,113
DA:1032,113
DA:1033,30
DA:1034,30
DA:1035,30
DA:1036,30
DA:1037,113
DA:1038,0
DA:1039,0
DA:1040,113
DA:1041,113
DA:1042,113
DA:1043,58
DA:1044,58
DA:1045,58
DA:1046,27
DA:1047,27
DA:1048,27
DA:1050,1
DA:1051,1382
DA:1052,1382
DA:1053,1382
DA:1054,1382
DA:1055,0
DA:1056,0
DA:1057,0
DA:1058,0
DA:1059,0
DA:1060,0
DA:1061,0
DA:1062,0
DA:1063,1382
DA:1064,1382
DA:1065,1382
DA:1066,1382
DA:1067,1382
DA:1069,1
DA:1070,1382
DA:1071,1382
DA:1072,5480
DA:1073,5480
DA:1076,5480
DA:1077,32
DA:1078,32
DA:1079,32
DA:1080,32
DA:1081,73
DA:1082,73
DA:1083,73
DA:1084,73
DA:1085,73
DA:1086,73
DA:1087,73
DA:1088,73
DA:1089,73
DA:1090,32
DA:1091,32
DA:1092,32
DA:1093,32
DA:1094,5480
DA:1095,1332
DA:1096,1332
DA:1097,1332
DA:1099,1301
DA:1100,1301
DA:1101,1301
DA:1102,1301
DA:1103,1301
DA:1104,352
DA:1106,15
DA:1107,15
DA:1108,15
DA:1109,45
DA:1110,45
DA:1111,45
DA:1114,45
DA:1115,45
DA:1116,45
DA:1117,45
DA:1118,15
DA:1119,15
DA:1120,15
DA:1121,15
DA:1122,15
DA:1123,16
DA:1124,16
DA:1125,16
DA:1126,16
DA:1127,16
DA:1128,1332
DA:1130,4086
DA:1131,5480
DA:1132,15
DA:1133,15
DA:1134,15
DA:1135,5480
DA:1136,1382
DA:1137,1382
DA:1155,1
DA:1156,0
DA:1157,0
DA:1158,0
DA:1159,0
DA:1160,0
DA:1161,0
DA:1162,0
DA:1163,0
DA:1164,0
DA:1166,1
DA:1167,15
DA:1168,15
DA:1169,6
DA:1170,6
DA:1173,15
DA:1174,15
DA:1175,15
DA:1176,15
DA:1177,15
DA:1179,1
DA:1180,73
DA:1181,73
DA:1183,217
DA:1184,217
DA:1185,146
DA:1186,146
DA:1187,0
DA:1188,0
DA:1189,0
DA:1190,217
DA:1192,71
DA:1193,71
DA:1194,71
DA:1195,71
DA:1196,71
DA:1197,71
DA:1198,0
DA:1199,0
DA:1200,0
DA:1201,0
DA:1202,0
DA:1203,0
DA:1204,0
DA:1205,0
DA:1206,0
DA:1207,0
DA:1208,0
DA:1209,0
DA:1210,0
DA:1211,71
DA:1212,217
DA:1213,73
DA:1214,73
DA:1235,1
DA:1236,603
DA:1237,603
DA:1238,575
DA:1239,31
DA:1240,31
DA:1241,31
DA:1242,575
DA:1243,603
DA:1244,603
DA:1246,1
DA:1247,2438
DA:1248,2438
DA:1249,2438
DA:1251,2364
DA:1252,2410
DA:1253,2590
DA:1254,2590
DA:1255,2590
DA:1256,226
DA:1257,2590
DA:1258,226
DA:1259,226
DA:1260,226
DA:1261,2364
DA:1262,2438
DA:1264,1
DA:1265,1372
DA:1266,1372
DA:1267,328
DA:1268,328
DA:1269,328
DA:1270,1044
DA:1271,1372
DA:1273,1
DA:1274,1044
DA:1275,1044
DA:1276,2083
DA:1277,2083
DA:1278,2078
DA:1279,2078
DA:1280,1039
DA:1281,1039
DA:1282,1044
DA:1283,1044
DA:1285,1
DA:1286,110
DA:1287,110
DA:1288,110
DA:1289,110
DA:1290,110
DA:1291,235
DA:1292,235
DA:1293,110
DA:1294,110
DA:1295,110
DA:1296,110
DA:1297,110
DA:1299,1
DA:1300,345
DA:1301,345
DA:1302,345
DA:1303,345
DA:1304,345
DA:1305,345
DA:1306,345
DA:1312,1
DA:1313,4232
DA:1314,4232
DA:1315,4217
DA:1316,4217
DA:1317,4232
DA:1318,117
DA:1319,117
DA:1320,117
DA:1321,117
DA:1322,117
DA:1323,4232
DA:1324,4232
DA:1325,4232
DA:1326,4232
DA:1327,4232
DA:1328,1088
DA:1329,1088
DA:1332,1088
DA:1333,1088
DA:1334,1088
DA:1335,4232
DA:1342,3012
DA:1343,3012
DA:1344,3012
DA:1345,3012
DA:1346,3012
DA:1347,3012
DA:1348,3012
DA:1349,3012
DA:1350,3012
DA:1351,3012
DA:1352,3012
DA:1353,4232
DA:1354,4232
DA:1356,1
DA:1357,1072
DA:1358,1072
DA:1359,1072
DA:1360,1072
DA:1361,1071
DA:1362,1071
DA:1363,1072
DA:1364,3836
DA:1365,3836
DA:1366,1369
DA:1367,1369
DA:1368,1369
DA:1369,1369
DA:1370,3836
DA:1371,3836
DA:1372,3836
DA:1373,2467
DA:1374,2467
DA:1375,3836
DA:1376,775
DA:1377,775
DA:1378,775
DA:1379,775
DA:1380,775
DA:1381,775
DA:1382,775
DA:1383,775
DA:1384,775
DA:1385,775
DA:1386,775
DA:1387,775
DA:1388,775
DA:1389,3836
DA:1390,16
DA:1392,16
DA:1393,16
DA:1394,16
DA:1395,16
DA:1396,16
DA:1397,16
DA:1398,16
DA:1399,16
DA:1400,16
DA:1401,16
DA:1402,16
DA:1403,3836
DA:1404,3836
DA:1405,3836
DA:1406,3836
DA:1407,3836
DA:1408,3836
DA:1409,3836
DA:1410,3836
DA:1411,1671
DA:1412,1671
DA:1413,1671
DA:1414,1671
DA:1415,1671
DA:1416,1671
DA:1417,3836
DA:1418,5
DA:1420,5
DA:1421,5
DA:1422,3836
DA:1423,3836
DA:1424,1071
DA:1425,1071
DA:1426,1072
DA:1428,1
DA:1429,68
DA:1430,68
DA:1431,68
DA:1432,68
DA:1433,68
DA:1434,68
DA:1435,68
DA:1436,436
DA:1437,436
DA:1438,436
DA:1439,436
DA:1440,436
DA:1441,436
DA:1442,436
DA:1443,66
DA:1444,66
DA:1445,66
DA:1446,66
DA:1447,66
DA:1448,66
DA:1450,436
DA:1451,58
DA:1452,58
DA:1453,58
DA:1454,436
DA:1455,11
DA:1456,11
DA:1457,11
DA:1458,436
DA:1459,6
DA:1460,6
DA:1461,6
DA:1462,6
DA:1463,436
DA:1464,7
DA:1465,7
DA:1466,7
DA:1467,436
DA:1468,24
DA:1469,24
DA:1470,436
DA:1471,35
DA:1472,35
DA:1473,436
DA:1474,35
DA:1475,35
DA:1476,436
DA:1477,436
DA:1478,194
DA:1484,194
DA:1485,194
DA:1486,194
DA:1487,194
DA:1488,194
DA:1489,194
DA:1490,194
DA:1491,194
DA:1492,194
DA:1493,194
DA:1494,436
DA:1495,0
DA:1496,0
DA:1497,0
DA:1498,436
DA:1499,436
DA:1500,68
DA:1501,68
DA:1502,68
DA:1504,1
DA:1505,317
DA:1506,317
DA:1507,317
DA:1508,317
DA:1509,1386
DA:1510,1386
DA:1511,1386
DA:1512,1386
DA:1514,1386
DA:1517,39
DA:1518,39
DA:1519,39
DA:1520,39
DA:1521,39
DA:1522,1347
DA:1523,1347
DA:1524,1386
DA:1525,1386
DA:1526,627
DA:1529,627
DA:1530,627
DA:1531,627
DA:1532,312
DA:1533,627
DA:1534,627
DA:1535,1386
DA:1536,66
DA:1537,66
DA:1538,66
DA:1539,66
DA:1540,66
DA:1541,66
DA:1542,1386
DA:1543,240
DA:1544,240
DA:1545,240
DA:1546,240
DA:1547,240
DA:1548,240
DA:1549,1386
DA:1550,1386
DA:1551,307
DA:1552,307
DA:1553,307
DA:1554,307
DA:1555,40
DA:1556,307
DA:1557,307
DA:1559,1386
DA:1560,40
DA:1561,40
DA:1562,40
DA:1563,1386
DA:1564,7
DA:1565,7
DA:1566,7
DA:1567,1386
DA:1568,1
DA:1569,1
DA:1570,1
DA:1571,1
DA:1572,1
DA:1573,1
DA:1574,1386
DA:1575,57
DA:1576,57
DA:1577,57
DA:1578,57
DA:1579,57
DA:1580,57
DA:1581,1386
DA:1582,2
DA:1583,2
DA:1584,2
DA:1585,1386
DA:1586,1386
DA:1587,317
DA:1588,317
DA:1589,317
DA:1591,1
DA:1592,39
DA:1593,39
DA:1594,39
DA:1595,98
DA:1596,98
DA:1597,98
DA:1598,98
DA:1599,98
DA:1600,98
DA:1601,98
DA:1602,39
DA:1603,39
DA:1604,39
DA:1605,39
DA:1606,39
DA:1607,39
DA:1608,98
DA:1609,36
DA:1610,98
DA:1611,13
DA:1612,13
DA:1613,13
DA:1614,13
DA:1615,13
DA:1616,13
DA:1617,13
DA:1618,0
DA:1619,0
DA:1620,0
DA:1621,13
DA:1622,13
DA:1623,13
DA:1624,13
DA:1625,13
DA:1626,13
DA:1627,98
DA:1628,10
DA:1629,10
DA:1630,10
DA:1631,98
DA:1632,98
DA:1633,39
DA:1634,39
DA:1636,1
DA:1637,196
DA:1638,196
DA:1639,196
DA:1640,196
DA:1641,793
DA:1642,793
DA:1643,793
DA:1644,793
DA:1645,793
DA:1646,793
DA:1647,793
DA:1648,92
DA:1649,92
DA:1650,92
DA:1651,793
DA:1652,62
DA:1653,62
DA:1654,62
DA:1655,793
DA:1656,6
DA:1657,793
DA:1658,7
DA:1659,793
DA:1660,6
DA:1661,793
DA:1662,6
DA:1663,793
DA:1664,1
DA:1665,1
DA:1666,1
DA:1667,1
DA:1668,1
DA:1669,1
DA:1670,793
DA:1671,16
DA:1672,16
DA:1673,16
DA:1674,793
DA:1675,3
DA:1676,3
DA:1677,3
DA:1678,3
DA:1679,3
DA:1680,3
DA:1681,793
DA:1682,2
DA:1683,2
DA:1684,2
DA:1685,2
DA:1686,2
DA:1687,2
DA:1689,793
DA:1690,104
DA:1691,104
DA:1692,104
DA:1693,793
DA:1694,96
DA:1695,96
DA:1696,96
DA:1703,793
DA:1704,793
DA:1705,793
DA:1706,793
DA:1707,99
DA:1708,99
DA:1709,99
DA:1710,99
DA:1711,99
DA:1712,99
DA:1713,793
DA:1714,190
DA:1715,190
DA:1716,190
DA:1717,190
DA:1718,190
DA:1719,190
DA:1720,793
DA:1721,17
DA:1722,17
DA:1723,17
DA:1724,793
DA:1725,86
DA:1726,86
DA:1727,86
DA:1728,86
DA:1729,86
DA:1730,0
DA:1738,0
DA:1739,0
DA:1740,0
DA:1741,0
DA:1742,0
DA:1743,0
DA:1744,0
DA:1745,86
DA:1746,86
DA:1747,793
DA:1748,0
DA:1749,0
DA:1750,0
DA:1751,0
DA:1752,0
DA:1753,0
DA:1754,793
DA:1755,0
DA:1756,0
DA:1757,793
DA:1758,793
DA:1759,196
DA:1760,196
DA:1761,196
DA:1763,1
DA:1764,34
DA:1765,34
DA:1766,34
DA:1767,34
DA:1768,34
DA:1769,34
DA:1770,34
DA:1771,145
DA:1772,145
DA:1773,145
DA:1774,145
DA:1775,145
DA:1776,145
DA:1777,145
DA:1778,32
DA:1779,32
DA:1780,32
DA:1781,32
DA:1782,32
DA:1783,32
DA:1784,145
DA:1785,34
DA:1786,34
DA:1787,34
DA:1788,145
DA:1789,32
DA:1790,32
DA:1791,32
DA:1792,32
DA:1793,32
DA:1794,32
DA:1795,145
DA:1796,20
DA:1797,20
DA:1798,20
DA:1799,20
DA:1800,20
DA:1801,20
DA:1802,145
DA:1803,1
DA:1804,1
DA:1805,1
DA:1806,1
DA:1807,1
DA:1808,1
DA:1809,145
DA:1810,26
DA:1811,26
DA:1812,26
DA:1813,26
DA:1814,26
DA:1815,26
DA:1816,145
DA:1817,0
DA:1818,0
DA:1819,145
DA:1820,145
DA:1821,34
DA:1822,34
DA:1823,34
DA:1825,1
DA:1826,408
DA:1827,408
DA:1831,408
DA:1833,408
DA:1834,0
DA:1835,0
DA:1836,0
DA:1837,0
DA:1838,0
DA:1839,0
DA:1840,0
DA:1841,0
DA:1843,408
DA:1844,408
DA:1845,408
DA:1846,408
DA:1847,1467
DA:1848,1467
DA:1849,1467
DA:1850,1467
DA:1851,1464
DA:1852,1464
DA:1853,1467
DA:1854,22
DA:1855,22
DA:1856,22
DA:1857,22
DA:1858,22
DA:1859,22
DA:1860,1467
DA:1861,22
DA:1862,22
DA:1863,22
DA:1864,22
DA:1865,22
DA:1866,22
DA:1867,1467
DA:1868,136
DA:1869,136
DA:1870,136
DA:1871,136
DA:1872,136
DA:1873,136
DA:1874,1467
DA:1875,81
DA:1876,81
DA:1877,81
DA:1878,81
DA:1879,81
DA:1880,81
DA:1881,1467
DA:1882,381
DA:1886,381
DA:1887,381
DA:1888,0
DA:1889,0
DA:1890,0
DA:1891,0
DA:1892,0
DA:1893,381
DA:1894,381
DA:1897,381
DA:1898,0
DA:1899,0
DA:1900,0
DA:1901,381
DA:1902,381
DA:1903,381
DA:1904,381
DA:1905,381
DA:1906,1467
DA:1907,223
DA:1908,1467
DA:1909,226
DA:1910,1467
DA:1911,88
DA:1912,1467
DA:1913,88
DA:1915,1467
DA:1916,27
DA:1917,1467
DA:1918,6
DA:1919,1467
DA:1920,6
DA:1921,1467
DA:1922,6
DA:1923,1467
DA:1924,6
DA:1925,1467
DA:1926,6
DA:1927,1467
DA:1928,7
DA:1929,1467
DA:1930,6
DA:1932,1467
DA:1933,65
DA:1934,1467
DA:1935,32
DA:1936,1467
DA:1937,1
DA:1939,1467
DA:1940,27
DA:1941,1467
DA:1942,2
DA:1943,2
DA:1944,1467
DA:1945,1467
DA:1946,408
DA:1947,408
DA:1949,408
DA:1950,408
DA:1951,408
DA:1954,1
DA:1955,744
DA:1956,744
DA:1965,1
DA:1966,234
DA:1967,234
DA:1968,234
DA:1969,234
DA:1970,567
DA:1971,567
DA:1972,567
DA:1973,567
DA:1975,567
DA:1976,567
DA:1977,117
DA:1978,567
DA:1979,113
DA:1980,448
DA:1981,337
DA:1982,337
DA:1983,567
DA:1984,567
DA:1985,234
DA:1986,234
DA:1987,234
DA:1990,1
DA:1991,117
DA:1992,117
DA:1993,117
DA:1994,117
DA:1995,117
DA:1996,117
DA:1997,117
DA:1998,117
DA:1999,117
DA:2000,117
DA:2001,117
DA:2002,117
DA:2003,117
DA:2006,1
DA:2007,70
DA:2008,70
DA:2009,70
DA:2010,70
DA:2011,156
DA:2012,156
DA:2013,156
DA:2014,156
DA:2015,156
DA:2016,156
DA:2017,156
DA:2018,156
DA:2019,6
DA:2020,6
DA:2021,6
DA:2022,6
DA:2023,156
DA:2024,156
DA:2025,156
DA:2026,156
DA:2027,156
DA:2028,70
DA:2029,70
DA:2030,70
DA:2032,1
DA:2033,207
DA:2034,207
DA:2035,206
DA:2036,206
DA:2037,792
DA:2038,792
DA:2039,792
DA:2040,792
DA:2049,792
DA:2050,792
DA:2051,304
DA:2052,304
DA:2053,70
DA:2054,70
DA:2055,70
DA:2056,70
DA:2057,234
DA:2058,234
DA:2059,234
DA:2060,234
DA:2061,234
DA:2063,488
DA:2064,488
DA:2065,774
DA:2066,140
DA:2067,140
DA:2068,140
DA:2069,140
DA:2070,140
DA:2071,140
DA:2072,792
DA:2073,74
DA:2074,74
DA:2075,74
DA:2076,792
DA:2077,16
DA:2078,16
DA:2079,16
DA:2080,792
DA:2081,94
DA:2082,94
DA:2083,94
DA:2084,94
DA:2085,94
DA:2086,94
DA:2087,792
DA:2088,118
DA:2089,118
DA:2090,118
DA:2091,118
DA:2092,118
DA:2093,118
DA:2094,792
DA:2095,7
DA:2096,7
DA:2097,7
DA:2098,7
[...]
DA:103,3786
DA:104,2504
DA:105,0
DA:106,0
DA:107,3786
DA:108,3786
DA:109,3786
DA:112,1
DA:113,1
DA:114,1
DA:117,1
DA:118,13244
DA:119,13244
DA:120,1571
DA:121,1571
DA:122,0
DA:123,0
DA:124,1571
DA:125,9360
DA:126,9360
DA:129,1
DA:130,1252
DA:131,1252
DA:132,31
DA:133,11
DA:134,0
DA:135,0
DA:136,1252
DA:137,0
DA:138,0
DA:139,0
DA:140,0
DA:141,0
DA:142,1221
DA:143,1221
DA:146,1
DA:147,963
DA:148,679
DA:149,679
DA:150,679
DA:151,679
DA:152,679
DA:153,284
DA:154,963
DA:155,963
DA:173,1
DA:175,1
DA:176,1
DA:177,1
DA:178,1
DA:179,1
DA:182,1
DA:183,1
DA:184,1
DA:187,1
DA:190,1
DA:191,1
DA:194,1
DA:195,1540
DA:196,1540
DA:197,1249
DA:198,1249
DA:199,1540
DA:200,1540
DA:201,1540
DA:202,1540
DA:203,1540
DA:212,1
DA:213,1562
DA:214,1562
DA:215,1536
DA:216,1536
LF:106
LH:93
BRDA:78,0,0,7886
BRDA:79,1,0,60
BRDA:79,2,0,7826
BRDA:80,3,0,2547
BRDA:80,4,0,2547
BRDA:82,5,0,2546
BRDA:82,6,0,142
BRDA:82,7,0,1
BRDA:83,8,0,0
BRDA:83,9,0,0
BRDA:83,10,0,0
BRDA:86,11,0,5280
BRDA:87,12,0,0
BRDA:87,13,0,0
BRDA:87,14,0,5280
BRDA:96,15,0,3786
BRDA:98,16,0,1556
BRDA:98,17,0,1556
BRDA:98,18,0,2230
BRDA:98,19,0,2232
BRDA:99,20,0,1554
BRDA:99,21,0,0
BRDA:100,22,0,1554
BRDA:100,23,0,0
BRDA:101,24,0,1554
BRDA:101,25,0,0
BRDA:103,26,0,1282
BRDA:103,27,0,2504
BRDA:104,28,0,0
BRDA:107,29,0,1554
BRDA:107,30,0,1554
BRDA:107,31,0,2232
BRDA:108,32,0,1550
BRDA:108,33,0,2236
BRDA:112,34,0,1282
BRDA:113,35,0,2504
BRDA:117,36,0,13244
BRDA:118,37,0,2313
BRDA:118,38,0,2
BRDA:118,39,0,10931
BRDA:119,40,0,1571
BRDA:119,41,0,1571
BRDA:121,42,0,0
BRDA:121,43,0,0
BRDA:124,44,0,9360
BRDA:129,45,0,1252
BRDA:130,46,0,0
BRDA:131,47,0,31
BRDA:132,48,0,20
BRDA:132,49,0,30
BRDA:132,50,0,11
BRDA:133,51,0,0
BRDA:135,52,0,1221
BRDA:136,53,0,0
BRDA:136,54,0,0
BRDA:141,55,0,1221
BRDA:146,56,0,963
BRDA:147,57,0,679
BRDA:147,58,0,679
BRDA:150,59,0,0
BRDA:152,60,0,560
BRDA:152,61,0,284
BRDA:154,62,0,0
BRDA:154,63,0,284
BRDA:194,64,0,1540
BRDA:196,65,0,1249
BRDA:199,66,0,291
BRDA:200,67,0,0
BRDA:201,68,0,0
BRDA:212,69,0,1562
BRDA:214,70,0,26
BRDA:214,71,0,1536
BRF:72
BRH:53
end_of_record
TN:
SF:src/semantics/validate.ts
FN:58,add
FN:79,suggest
FN:89,didYouMean
FN:95,validate
FN:119,validateVoltages
FN:152,validateScenarios
FN:233,validateFaults
FN:289,memberKeys
FN:295,validateElements
FN:370,validateElementShape
FN:416,validateStage
FN:604,rawCurveId
FN:617,validateDevices
FN:662,validateCombines
FN:696,validateGrades
FN:877,checkConditionReference
FN:925,validateUnits
FN:928,walk
FN:978,validateTimes
FN:1005,validateAnnotations
FN:1050,validatePoints
FN:1112,validateView
FN:1152,validatePage
FNF:23
FNH:23
FNDA:857,add
FNDA:20,suggest
FNDA:23,didYouMean
FNDA:622,validate
FNDA:622,validateVoltages
FNDA:622,validateScenarios
FNDA:622,validateFaults
FNDA:2434,memberKeys
FNDA:622,validateElements
FNDA:1200,validateElementShape
FNDA:1234,validateStage
FNDA:1234,rawCurveId
FNDA:622,validateDevices
FNDA:622,validateCombines
FNDA:622,validateGrades
FNDA:109,checkConditionReference
FNDA:622,validateUnits
FNDA:97422,walk
FNDA:622,validateTimes
FNDA:622,validateAnnotations
FNDA:622,validatePoints
FNDA:622,validateView
FNDA:622,validatePage
DA:15,1
DA:21,1
DA:22,1
DA:28,1
DA:29,1
DA:56,1
DA:58,857
DA:59,857
DA:60,857
DA:61,857
DA:62,857
DA:63,857
DA:64,857
DA:65,857
DA:66,857
DA:67,857
DA:68,857
DA:69,857
DA:70,857
DA:71,857
DA:72,857
DA:73,857
DA:74,857
DA:75,857
DA:76,857
DA:79,20
DA:80,20
DA:81,20
DA:82,20
DA:83,25
DA:84,25
DA:85,25
DA:86,20
DA:87,20
DA:89,1
DA:95,1
DA:96,622
DA:98,622
DA:99,622
DA:100,622
DA:101,622
DA:102,622
DA:103,622
DA:104,622
DA:105,622
DA:106,622
DA:107,622
DA:108,622
DA:109,622
DA:110,622
DA:112,622
DA:113,622
DA:119,622
DA:120,622
DA:121,622
DA:123,622
DA:124,851
DA:125,0
DA:126,0
DA:127,0
DA:128,0
DA:129,851
DA:131,622
DA:132,946
DA:133,2
DA:134,2
DA:135,2
DA:136,2
DA:137,2
DA:138,946
DA:139,622
DA:152,622
DA:153,622
DA:154,622
DA:161,622
DA:162,622
DA:163,3512
DA:164,130
DA:165,1619
DA:166,1
DA:167,1
DA:169,1
DA:170,1619
DA:171,129
DA:172,129
DA:173,3512
DA:175,622
DA:176,129
DA:177,1
DA:178,1
DA:179,1
DA:180,1
DA:181,1
DA:183,129
DA:184,227
DA:185,2
DA:186,2
DA:187,2
DA:188,2
DA:195,227
DA:196,11
DA:197,11
DA:198,11
DA:199,1
DA:200,1
DA:201,1
DA:202,1
DA:203,1
DA:204,11
DA:206,227
DA:207,227
DA:208,227
DA:209,227
DA:210,1135
DA:211,0
DA:212,0
DA:213,0
DA:214,0
DA:215,1135
DA:216,227
DA:218,129
DA:219,15
DA:220,1
DA:221,1
DA:222,1
DA:223,1
DA:224,15
DA:225,1
DA:226,1
DA:227,1
DA:228,1
DA:229,15
DA:230,128
DA:231,622
DA:233,622
DA:234,622
DA:235,622
DA:243,622
DA:244,622
DA:245,3512
DA:246,2157
DA:247,734
DA:248,734
DA:249,1
DA:250,1
DA:253,1
DA:254,734
DA:255,733
DA:256,733
DA:257,734
DA:258,460
DA:260,622
DA:261,733
DA:262,7
DA:263,7
DA:264,7
DA:265,7
DA:266,7
DA:267,733
DA:268,3
DA:269,3
DA:270,3
DA:271,3
DA:272,733
DA:273,717
DA:274,717
DA:275,717
DA:276,717
DA:277,733
DA:278,0
DA:279,0
DA:280,0
DA:281,0
DA:282,733
DA:283,622
DA:289,2434
DA:290,2434
DA:291,2434
DA:292,2434
DA:293,2434
DA:295,622
DA:296,622
DA:298,622
DA:300,946
DA:301,946
DA:302,1200
DA:303,1234
DA:312,1234
DA:313,1213
DA:314,1234
DA:315,8
DA:316,8
DA:318,8
DA:319,8
DA:320,1234
DA:321,1234
DA:322,311
DA:323,299
DA:331,1234
DA:332,1234
DA:333,1234
DA:334,1213
DA:335,1234
DA:336,2
DA:337,2
DA:339,2
DA:340,1234
DA:341,1206
DA:342,1206
DA:343,1234
DA:344,1200
DA:353,946
DA:354,946
DA:355,2
DA:356,2
DA:357,2
DA:358,2
DA:360,946
DA:361,1200
DA:362,1200
DA:363,946
DA:365,622
DA:366,0
DA:367,0
DA:368,622
DA:370,1200
DA:371,1200
DA:372,1200
DA:373,1200
DA:374,1200
DA:375,1200
DA:376,1200
DA:377,1200
DA:378,1200
DA:380,1200
DA:381,1
DA:382,1
DA:384,1
DA:385,1
DA:387,1200
DA:388,3
DA:389,3
DA:390,3
DA:391,3
DA:393,1200
DA:394,0
DA:395,0
DA:396,0
DA:397,0
DA:404,1200
DA:405,1
DA:406,1
DA:408,1
DA:409,1
DA:411,1200
DA:412,1234
DA:413,1234
DA:414,1200
DA:416,1234
DA:417,1234
DA:418,1234
DA:419,1234
DA:420,1234
DA:421,1234
DA:422,1234
DA:423,1234
DA:424,1234
DA:425,1234
DA:426,1234
DA:434,1234
DA:435,1
DA:436,1
DA:437,1
DA:438,1
DA:439,1234
DA:440,1
DA:441,1
DA:443,1
DA:444,1
DA:447,1234
DA:448,1234
DA:449,3
DA:450,3
DA:451,3
DA:452,3
DA:453,3
DA:456,1234
DA:457,8
DA:458,8
DA:459,8
DA:460,8
DA:461,1234
DA:462,1
DA:463,1
DA:464,1
DA:465,1
DA:466,1234
DA:467,2
DA:468,2
DA:469,2
DA:470,2
DA:473,1234
DA:474,1
DA:475,1
DA:476,1
DA:477,1
DA:492,1234
DA:493,14
DA:494,14
DA:496,14
DA:497,14
DA:499,1234
DA:500,1
DA:501,1
DA:503,1
DA:504,1
DA:510,1234
DA:511,1234
DA:512,1234
DA:513,1234
DA:514,111
DA:515,111
DA:516,0
DA:517,0
DA:518,0
DA:519,0
DA:520,0
DA:521,111
DA:524,1234
DA:525,939
DA:526,939
DA:527,939
DA:528,2
DA:529,2
DA:530,2
DA:531,2
DA:532,2
DA:533,939
DA:536,1234
DA:537,13
DA:538,13
DA:539,1
DA:540,1
DA:541,1
DA:542,1
DA:543,13
DA:544,30
DA:545,1
DA:546,1
DA:548,1
DA:549,1
DA:550,1
DA:551,30
DA:552,13
DA:553,0
DA:554,0
DA:556,0
DA:557,0
DA:558,13
DA:561,1234
DA:562,12
DA:563,12
DA:564,1
DA:565,1
DA:566,1
DA:567,12
DA:568,1
DA:569,1
DA:570,1
DA:571,12
DA:572,0
DA:573,0
DA:574,0
DA:575,12
DA:578,1234
DA:579,13
DA:580,13
DA:581,1
DA:582,1
DA:584,1
DA:585,1
DA:586,13
DA:587,1234
DA:588,1234
DA:589,0
DA:590,0
DA:591,0
DA:592,0
DA:593,0
DA:596,1234
DA:597,3
DA:598,3
DA:599,3
DA:600,3
DA:601,1234
DA:604,1234
DA:605,1234
DA:606,2322
DA:607,1205
DA:608,1205
DA:609,2322
DA:610,29
DA:611,29
DA:617,622
DA:620,622
DA:621,54
DA:622,1
DA:623,1
DA:624,1
DA:625,1
DA:626,1
DA:627,54
DA:629,622
DA:630,54
DA:631,54
DA:632,54
DA:633,54
DA:635,54
DA:636,1
DA:637,1
DA:638,1
DA:639,54
DA:640,6
DA:641,0
DA:642,0
DA:643,0
DA:644,6
DA:645,6
DA:646,54
DA:647,1
DA:648,1
DA:649,1
DA:650,54
DA:651,0
DA:652,0
DA:653,0
DA:654,0
DA:655,54
DA:656,622
DA:662,622
DA:663,622
DA:664,622
DA:666,622
DA:667,27
DA:668,0
DA:669,0
DA:670,0
DA:671,0
DA:672,27
DA:673,51
DA:674,51
DA:675,2
DA:676,2
DA:678,2
DA:679,2
DA:680,2
DA:681,49
DA:682,51
DA:683,2
DA:684,2
DA:686,2
DA:687,2
DA:688,51
DA:689,27
DA:690,622
DA:696,622
DA:697,622
DA:698,622
DA:699,622
DA:700,622
DA:702,622
DA:703,257
DA:705,257
DA:706,514
DA:707,1
DA:708,1
DA:709,1
DA:710,1
DA:711,514
DA:712,0
DA:713,0
DA:714,0
DA:715,0
DA:716,0
DA:717,513
DA:718,514
DA:719,6
DA:720,6
DA:721,6
DA:722,6
DA:723,6
DA:724,6
DA:725,6
DA:726,6
DA:727,6
DA:728,514
DA:730,257
DA:748,256
DA:749,2
DA:750,2
DA:752,2
DA:753,2
DA:755,256
DA:756,256
DA:757,256
DA:758,3
DA:759,3
DA:760,3
DA:761,3
DA:762,3
DA:763,256
DA:764,256
DA:766,257
DA:767,1
DA:768,1
DA:769,1
DA:770,257
DA:772,55
DA:773,1
DA:774,1
DA:775,1
DA:776,256
DA:777,4
DA:778,4
DA:779,4
DA:780,201
DA:781,2
DA:782,2
DA:783,2
DA:784,2
DA:785,2
DA:787,257
DA:788,1
DA:789,1
DA:791,1
DA:792,1
DA:794,257
DA:795,0
DA:796,0
DA:797,0
DA:798,0
DA:799,257
DA:800,0
DA:801,0
DA:802,0
DA:803,0
DA:804,257
DA:805,1
DA:806,1
DA:807,1
DA:808,1
DA:810,257
DA:811,6
DA:812,6
DA:814,6
DA:815,6
DA:817,257
DA:818,33
DA:819,2
DA:820,2
DA:821,2
DA:822,2
DA:823,33
DA:824,33
DA:825,1
DA:826,1
DA:827,1
DA:828,33
DA:829,33
DA:830,0
DA:831,0
DA:832,0
DA:833,0
DA:834,33
DA:835,33
DA:836,33
DA:837,0
DA:838,0
DA:840,0
DA:841,0
DA:842,33
DA:845,257
DA:846,257
DA:847,257
DA:848,104
DA:849,0
DA:850,0
DA:852,0
DA:853,0
DA:854,104
DA:855,257
DA:856,0
DA:857,0
DA:858,0
DA:859,0
DA:860,0
DA:861,257
DA:862,622
DA:877,109
DA:878,109
DA:879,109
DA:880,109
DA:881,109
DA:882,109
DA:883,109
DA:884,109
DA:885,109
DA:886,2
DA:887,2
DA:888,2
DA:889,2
DA:890,2
DA:891,2
DA:893,109
DA:894,1
DA:895,1
DA:896,1
DA:897,1
DA:898,1
DA:899,1
DA:900,109
DA:925,622
DA:926,622
DA:928,622
DA:929,97422
DA:930,97422
DA:932,27342
DA:941,27342
DA:942,97422
DA:943,97422
DA:944,1562
DA:945,1562
DA:946,4
DA:947,4
DA:948,4
DA:949,4
DA:950,4
DA:951,4
DA:952,1562
DA:953,2
DA:954,2
DA:955,2
DA:957,2
DA:958,2
DA:959,1558
DA:960,1558
DA:962,97422
DA:963,0
DA:964,0
DA:965,0
DA:966,0
DA:968,0
DA:969,0
DA:970,0
DA:971,0
DA:972,97422
DA:973,97422
DA:975,622
DA:976,622
DA:978,622
DA:979,622
DA:980,622
DA:981,3512
DA:982,927
DA:983,48
DA:984,48
DA:985,1
DA:986,1
DA:988,1
DA:989,48
DA:990,47
DA:991,47
DA:992,48
DA:993,22
DA:995,622
DA:996,47
DA:997,1
DA:998,1
DA:1000,1
DA:1001,1
DA:1002,47
DA:1003,622
DA:1005,622
DA:1006,622
DA:1008,622
DA:1009,3512
DA:1022,3512
DA:1023,3512
DA:1024,1
DA:1025,1
DA:1026,1
DA:1027,1
DA:1029,3512
DA:1030,1
DA:1031,1
DA:1033,1
DA:1034,1
DA:1036,3512
DA:1042,84
DA:1043,84
DA:1044,84
DA:1045,84
DA:1046,84
DA:1047,157
DA:1048,622
DA:1050,622
DA:1051,622
DA:1052,622
DA:1053,622
DA:1055,622
DA:1056,131
DA:1057,1
DA:1058,1
DA:1059,1
DA:1060,131
DA:1068,131
DA:1069,131
DA:1070,131
DA:1071,1
DA:1072,1
DA:1073,1
DA:1074,1
DA:1075,131
DA:1076,25
DA:1077,25
DA:1078,130
DA:1084,105
DA:1085,105
DA:1086,105
DA:1087,2
DA:1088,2
DA:1090,2
DA:1091,105
DA:1092,1
DA:1093,1
DA:1095,1
DA:1096,1
DA:1097,105
DA:1098,131
DA:1099,1
DA:1100,1
DA:1101,1
DA:1102,1
DA:1103,131
DA:1104,1
DA:1105,1
DA:1106,1
DA:1107,1
DA:1108,1
DA:1109,131
DA:1110,622
DA:1112,622
DA:1113,622
DA:1114,622
DA:1116,622
DA:1117,1
DA:1118,1
DA:1120,1
DA:1121,1
DA:1122,622
DA:1123,0
DA:1124,0
DA:1125,0
DA:1126,0
DA:1127,622
DA:1128,0
DA:1129,0
DA:1130,0
DA:1131,0
DA:1134,482
DA:1135,4
DA:1136,4
DA:1137,4
DA:1138,4
DA:1139,4
DA:1140,4
DA:1141,0
DA:1142,0
DA:1144,0
DA:1145,0
DA:1146,4
DA:1147,4
DA:1148,622
DA:1150,1
DA:1152,622
DA:1153,622
DA:1154,622
DA:1156,293
DA:1157,111
DA:1158,2
DA:1159,2
DA:1160,2
DA:1161,2
DA:1162,374
DA:1163,0
DA:1164,0
DA:1165,0
DA:1166,0
DA:1167,0
DA:1168,0
DA:1170,374
DA:1171,9
DA:1172,36
DA:1173,36
DA:1174,0
DA:1175,0
DA:1176,0
DA:1177,36
DA:1178,9
DA:1180,169
DA:1181,622
DA:1182,0
DA:1183,0
DA:1184,0
DA:1185,0
DA:1186,0
DA:1187,0
DA:1188,0
DA:1189,0
DA:1190,0
DA:1192,622
DA:1193,0
DA:1194,0
DA:1196,0
DA:1197,0
DA:1198,622
LF:826
LH:708
BRDA:58,0,0,857
BRDA:66,1,0,752
BRDA:79,2,0,20
BRDA:82,3,0,25
BRDA:84,4,0,12
BRDA:86,5,0,12
BRDA:86,6,0,8
BRDA:89,7,0,23
BRDA:89,8,0,14
BRDA:89,9,0,9
BRDA:95,10,0,622
BRDA:112,11,0,376
BRDA:112,12,0,310
BRDA:119,13,0,622
BRDA:123,14,0,851
BRDA:124,15,0,0
BRDA:131,16,0,946
BRDA:132,17,0,943
BRDA:132,18,0,2
BRDA:152,19,0,622
BRDA:162,20,0,0
BRDA:162,21,0,3512
BRDA:163,22,0,3382
BRDA:163,23,0,1619
BRDA:163,24,0,130
BRDA:165,25,0,1
BRDA:170,26,0,129
BRDA:171,27,0,0
BRDA:175,28,0,129
BRDA:176,29,0,1
BRDA:181,30,0,128
BRDA:183,31,0,227
BRDA:184,32,0,2
BRDA:187,33,0,0
BRDA:195,34,0,11
BRDA:195,35,0,11
BRDA:198,36,0,1
BRDA:209,37,0,1135
BRDA:210,38,0,727
BRDA:210,39,0,0
BRDA:216,40,0,128
BRDA:218,41,0,15
BRDA:219,42,0,1
BRDA:224,43,0,1
BRDA:229,44,0,128
BRDA:233,45,0,622
BRDA:244,46,0,0
BRDA:244,47,0,3512
BRDA:245,48,0,3387
BRDA:245,49,0,3052
BRDA:245,50,0,2157
BRDA:245,51,0,460
BRDA:246,52,0,734
BRDA:248,53,0,1
BRDA:254,54,0,733
BRDA:255,55,0,0
BRDA:257,56,0,460
BRDA:260,57,0,733
BRDA:261,58,0,601
BRDA:261,59,0,7
BRDA:267,60,0,3
BRDA:272,61,0,717
BRDA:272,62,0,717
BRDA:277,63,0,0
BRDA:289,64,0,2434
BRDA:291,65,0,9666
BRDA:295,66,0,622
BRDA:298,67,0,946
BRDA:301,68,0,1200
BRDA:302,69,0,1234
BRDA:312,70,0,1226
BRDA:312,71,0,1213
BRDA:313,72,0,1204
BRDA:313,73,0,9
BRDA:314,74,0,8
BRDA:316,75,0,0
BRDA:321,76,0,1226
BRDA:321,77,0,923
BRDA:321,78,0,311
BRDA:322,79,0,303
BRDA:322,80,0,12
BRDA:322,81,0,299
BRDA:323,82,0,291
BRDA:323,83,0,8
BRDA:331,84,0,1
BRDA:333,85,0,1226
BRDA:333,86,0,21
BRDA:333,87,0,1213
BRDA:335,88,0,7
BRDA:335,89,0,2
BRDA:340,90,0,1211
BRDA:340,91,0,1206
BRDA:353,92,0,671
BRDA:354,93,0,669
BRDA:354,94,0,2
BRDA:357,95,0,1
BRDA:360,96,0,1200
BRDA:365,97,0,0
BRDA:370,98,0,1200
BRDA:378,99,0,53
BRDA:378,100,0,41
BRDA:380,101,0,25
BRDA:380,102,0,1
BRDA:387,103,0,1175
BRDA:387,104,0,4
BRDA:387,105,0,3
BRDA:393,106,0,25
BRDA:393,107,0,0
BRDA:404,108,0,24
BRDA:404,109,0,1
BRDA:411,110,0,1234
BRDA:416,111,0,1234
BRDA:424,112,0,59
BRDA:424,113,0,1175
BRDA:434,114,0,112
BRDA:434,115,0,1
BRDA:439,116,0,1233
BRDA:439,117,0,1
BRDA:448,118,0,1203
BRDA:448,119,0,926
BRDA:448,120,0,3
BRDA:456,121,0,8
BRDA:461,122,0,1226
BRDA:461,123,0,278
BRDA:461,124,0,1
BRDA:466,125,0,1226
BRDA:466,126,0,278
BRDA:466,127,0,2
BRDA:466,128,0,2
BRDA:473,129,0,1217
BRDA:473,130,0,1
BRDA:492,131,0,14
BRDA:499,132,0,13
BRDA:499,133,0,1
BRDA:501,134,0,0
BRDA:511,135,0,1216
BRDA:511,136,0,1212
BRDA:511,137,0,111
BRDA:512,138,0,111
BRDA:513,139,0,111
BRDA:515,140,0,0
BRDA:524,141,0,942
BRDA:524,142,0,940
BRDA:524,143,0,939
BRDA:525,144,0,918
BRDA:525,145,0,21
BRDA:526,146,0,21
BRDA:527,147,0,2
BRDA:530,148,0,0
BRDA:536,149,0,1226
BRDA:536,150,0,13
BRDA:538,151,0,1
BRDA:543,152,0,30
BRDA:544,153,0,1
BRDA:552,154,0,0
BRDA:561,155,0,1226
BRDA:561,156,0,12
BRDA:563,157,0,1
BRDA:567,158,0,1
BRDA:571,159,0,0
BRDA:578,160,0,13
BRDA:578,161,0,13
BRDA:580,162,0,1
BRDA:587,163,0,4
BRDA:587,164,0,0
BRDA:588,165,0,0
BRDA:588,166,0,0
BRDA:596,167,0,1232
BRDA:596,168,0,3
BRDA:552,169,0,43
BRDA:604,170,0,1234
BRDA:605,171,0,2322
BRDA:606,172,0,1205
BRDA:607,173,0,0
BRDA:609,174,0,29
BRDA:617,175,0,622
BRDA:620,176,0,54
BRDA:621,177,0,37
BRDA:621,178,0,1
BRDA:624,179,0,0
BRDA:629,180,0,54
BRDA:632,181,0,29
BRDA:635,182,0,1
BRDA:639,183,0,6
BRDA:640,184,0,0
BRDA:640,185,0,0
BRDA:645,186,0,53
BRDA:645,187,0,48
BRDA:646,188,0,30
BRDA:646,189,0,1
BRDA:646,190,0,1
BRDA:650,191,0,47
BRDA:650,192,0,18
BRDA:650,193,0,0
BRDA:650,194,0,0
BRDA:662,195,0,622
BRDA:666,196,0,27
BRDA:667,197,0,0
BRDA:672,198,0,51
BRDA:674,199,0,50
BRDA:674,200,0,2
BRDA:680,201,0,49
BRDA:682,202,0,6
BRDA:682,203,0,2
BRDA:664,204,0,27
BRDA:696,205,0,622
BRDA:702,206,0,257
BRDA:705,207,0,514
BRDA:706,208,0,1
BRDA:710,209,0,513
BRDA:711,210,0,0
BRDA:716,211,0,513
BRDA:718,212,0,25
BRDA:718,213,0,6
BRDA:730,214,0,256
BRDA:748,215,0,2
BRDA:755,216,0,56
BRDA:755,217,0,200
BRDA:755,218,0,3
BRDA:757,219,0,3
BRDA:760,220,0,2
BRDA:760,221,0,1
BRDA:766,222,0,198
BRDA:766,223,0,1
BRDA:770,224,0,256
BRDA:770,225,0,55
BRDA:772,226,0,1
BRDA:776,227,0,201
BRDA:776,228,0,4
BRDA:780,229,0,197
BRDA:780,230,0,2
BRDA:787,231,0,33
BRDA:787,232,0,11
BRDA:787,233,0,1
BRDA:794,234,0,5
BRDA:794,235,0,0
BRDA:799,236,0,0
BRDA:799,237,0,0
BRDA:804,238,0,224
BRDA:804,239,0,38
BRDA:804,240,0,1
BRDA:810,241,0,33
BRDA:810,242,0,6
BRDA:817,243,0,33
BRDA:818,244,0,6
BRDA:818,245,0,2
BRDA:824,246,0,31
BRDA:824,247,0,1
BRDA:829,248,0,2
BRDA:829,249,0,1
BRDA:829,250,0,0
BRDA:836,251,0,0
BRDA:836,252,0,0
BRDA:847,253,0,234
BRDA:847,254,0,233
BRDA:847,255,0,233
BRDA:847,256,0,233
BRDA:847,257,0,104
BRDA:848,258,0,0
BRDA:855,259,0,234
BRDA:855,260,0,0
BRDA:855,261,0,0
BRDA:698,262,0,27
BRDA:720,263,0,8
BRDA:877,264,0,109
BRDA:885,265,0,2
BRDA:891,266,0,107
BRDA:893,267,0,36
BRDA:893,268,0,1
BRDA:896,269,0,0
BRDA:897,270,0,0
BRDA:925,271,0,622
BRDA:975,272,0,0
BRDA:928,273,0,97422
BRDA:929,274,0,95869
BRDA:929,275,0,65594
BRDA:929,276,0,31828
BRDA:930,277,0,4486
BRDA:930,278,0,14262
BRDA:930,279,0,27342
BRDA:942,280,0,7093
BRDA:942,281,0,7093
BRDA:943,282,0,2517
BRDA:943,283,0,1562
BRDA:945,284,0,4
BRDA:951,285,0,1558
BRDA:952,286,0,26
BRDA:952,287,0,2
BRDA:952,288,0,2
BRDA:958,289,0,1558
BRDA:960,290,0,25780
BRDA:962,291,0,1037
BRDA:962,292,0,82
BRDA:962,293,0,0
BRDA:971,294,0,25780
BRDA:972,295,0,82538
BRDA:972,296,0,25780
BRDA:948,297,0,38
BRDA:978,298,0,622
BRDA:980,299,0,0
BRDA:980,300,0,3512
BRDA:981,301,0,3490
BRDA:981,302,0,1136
BRDA:981,303,0,927
BRDA:981,304,0,22
BRDA:982,305,0,48
BRDA:984,306,0,1
BRDA:989,307,0,47
BRDA:990,308,0,0
BRDA:992,309,0,22
BRDA:995,310,0,47
BRDA:996,311,0,1
BRDA:1005,312,0,622
BRDA:1006,313,0,0
BRDA:1008,314,0,3512
BRDA:1009,315,0,3355
BRDA:1009,316,0,1471
BRDA:1009,317,0,157
BRDA:1022,318,0,75
BRDA:1022,319,0,82
BRDA:1023,320,0,75
BRDA:1023,321,0,75
BRDA:1023,322,0,1
BRDA:1023,323,0,2149
BRDA:1023,324,0,2089
BRDA:1023,325,0,1
BRDA:1027,326,0,157
BRDA:1029,327,0,82
BRDA:1029,328,0,75
BRDA:1029,329,0,82
BRDA:1029,330,0,2149
BRDA:1029,331,0,1
BRDA:1034,332,0,1854
BRDA:1034,333,0,157
BRDA:1036,334,0,75
BRDA:1036,335,0,2149
BRDA:1036,336,0,84
BRDA:1042,337,0,77
BRDA:1042,338,0,0
BRDA:1043,339,0,0
BRDA:1044,340,0,80
BRDA:1044,341,0,4
BRDA:1046,342,0,157
BRDA:1050,343,0,622
BRDA:1053,344,0,418
BRDA:1053,345,0,329
BRDA:1053,346,0,311
BRDA:1055,347,0,131
BRDA:1056,348,0,1
BRDA:1070,349,0,26
BRDA:1070,350,0,1
BRDA:1075,351,0,130
BRDA:1075,352,0,25
BRDA:1077,353,0,1
BRDA:1078,354,0,105
BRDA:1086,355,0,2
BRDA:1091,356,0,103
BRDA:1091,357,0,1
BRDA:1098,358,0,1
BRDA:1103,359,0,90
BRDA:1103,360,0,1
BRDA:1069,361,0,249
BRDA:1069,362,0,135
BRDA:1085,363,0,525
BRDA:1085,364,0,109
BRDA:1091,365,0,103
BRDA:1112,366,0,622
BRDA:1114,367,0,621
BRDA:1114,368,0,293
BRDA:1114,369,0,329
BRDA:1116,370,0,5
BRDA:1116,371,0,482
BRDA:1116,372,0,439
BRDA:1116,373,0,1
BRDA:1121,374,0,329
BRDA:1122,375,0,187
BRDA:1122,376,0,187
BRDA:1122,377,0,482
BRDA:1122,378,0,0
BRDA:1126,379,0,474
BRDA:1126,380,0,329
BRDA:1127,381,0,75
BRDA:1127,382,0,75
BRDA:1127,383,0,482
BRDA:1127,384,0,0
BRDA:1131,385,0,329
BRDA:1134,386,0,4
BRDA:1140,387,0,0
BRDA:1136,388,0,8
BRDA:1137,389,0,8
BRDA:1152,390,0,622
BRDA:1154,391,0,453
BRDA:1154,392,0,374
BRDA:1154,393,0,293
BRDA:1154,394,0,169
BRDA:1156,395,0,111
BRDA:1157,396,0,2
BRDA:1162,397,0,58
BRDA:1162,398,0,0
BRDA:1162,399,0,0
BRDA:1168,400,0,169
BRDA:1170,401,0,9
BRDA:1171,402,0,36
BRDA:1173,403,0,0
BRDA:1178,404,0,169
BRDA:1181,405,0,14
BRDA:1181,406,0,374
BRDA:1181,407,0,0
BRDA:1190,408,0,169
BRDA:1192,409,0,5
BRDA:1192,410,0,1
BRDA:1192,411,0,0
BRDA:1157,412,0,617
BRF:413
BRH:360
end_of_record
TN:
SF:src/semantics/xvoltage.ts
FN:51,projectCurrent
FN:69,levelKv
FN:82,faultCurrentAt
FNF:3
FNH:3
FNDA:3833,projectCurrent
FNDA:5490,levelKv
FNDA:3824,faultCurrentAt
DA:51,1
DA:52,3833
DA:53,3833
DA:54,3833
DA:55,3833
DA:56,3833
DA:57,3833
DA:58,1
DA:59,1
DA:60,1
DA:61,1
DA:62,1
DA:63,1
DA:64,2161
DA:65,2161
DA:66,2161
DA:69,1
DA:70,5490
DA:71,3832
DA:72,5490
DA:82,1
DA:83,3824
DA:84,3824
DA:85,3824
DA:86,3824
DA:87,3824
DA:88,3824
DA:89,3824
DA:90,3824
DA:91,3824
DA:92,3824
LF:31
LH:31
BRDA:51,0,0,3833
BRDA:56,1,0,2170
BRDA:56,2,0,3822
BRDA:56,3,0,1671
BRDA:56,4,0,2164
BRDA:56,5,0,2162
BRDA:57,6,0,2161
BRDA:57,7,0,3819
BRDA:57,8,0,1
BRDA:63,9,0,2161
BRDA:69,10,0,5490
BRDA:70,11,0,5476
BRDA:70,12,0,1673
BRDA:70,13,0,3832
BRDA:70,14,0,3817
BRDA:71,15,0,3815
BRDA:82,16,0,3824
BRDA:88,17,0,30
BRDA:88,18,0,3794
BRDA:88,19,0,164
BRDA:88,20,0,3630
BRDA:89,21,0,1662
BRF:22
BRH:22
end_of_record
