{"total": {"lines":{"total":10694,"covered":7620,"skipped":0,"pct":71.25},"statements":{"total":10694,"covered":7620,"skipped":0,"pct":71.25},"functions":{"total":369,"covered":322,"skipped":0,"pct":87.26},"branches":{"total":3509,"covered":2823,"skipped":0,"pct":80.45},"branchesTrue":{"total":0,"covered":0,"skipped":0,"pct":100}}
,"/home/mulhollandd/Documents/ops/time-grading-language/src/cli.ts": {"lines":{"total":147,"covered":0,"skipped":0,"pct":0},"functions":{"total":1,"covered":1,"skipped":0,"pct":100},"statements":{"total":147,"covered":0,"skipped":0,"pct":0},"branches":{"total":1,"covered":1,"skipped":0,"pct":100}}
,"/home/mulhollandd/Documents/ops/time-grading-language/src/examples.ts": {"lines":{"total":30,"covered":0,"skipped":0,"pct":0},"functions":{"total":1,"covered":1,"skipped":0,"pct":100},"statements":{"total":30,"covered":0,"skipped":0,"pct":0},"branches":{"total":1,"covered":1,"skipped":0,"pct":100}}
,"/home/mulhollandd/Documents/ops/time-grading-language/src/index.ts": {"lines":{"total":54,"covered":52,"skipped":0,"pct":96.29},"functions":{"total":3,"covered":3,"skipped":0,"pct":100},"statements":{"total":54,"covered":52,"skipped":0,"pct":96.29},"branches":{"total":14,"covered":10,"skipped":0,"pct":71.42}}
,"/home/mulhollandd/Documents/ops/time-grading-language/src/main.ts": {"lines":{"total":1,"covered":0,"skipped":0,"pct":0},"functions":{"total":1,"covered":0,"skipped":0,"pct":0},"statements":{"total":1,"covered":0,"skipped":0,"pct":0},"branches":{"total":1,"covered":0,"skipped":0,"pct":0}}
,"/home/mulhollandd/Documents/ops/time-grading-language/src/components/tc-app.ts": {"lines":{"total":561,"covered":0,"skipped":0,"pct":0},"functions":{"total":1,"covered":1,"skipped":0,"pct":100},"statements":{"total":561,"covered":0,"skipped":0,"pct":0},"branches":{"total":1,"covered":1,"skipped":0,"pct":100}}
,"/home/mulhollandd/Documents/ops/time-grading-language/src/components/tc-editor.ts": {"lines":{"total":147,"covered":0,"skipped":0,"pct":0},"functions":{"total":1,"covered":1,"skipped":0,"pct":100},"statements":{"total":147,"covered":0,"skipped":0,"pct":0},"branches":{"total":1,"covered":1,"skipped":0,"pct":100}}
,"/home/mulhollandd/Documents/ops/time-grading-language/src/components/tc-guide.ts": {"lines":{"total":132,"covered":0,"skipped":0,"pct":0},"functions":{"total":1,"covered":1,"skipped":0,"pct":100},"statements":{"total":132,"covered":0,"skipped":0,"pct":0},"branches":{"total":1,"covered":1,"skipped":0,"pct":100}}
,"/home/mulhollandd/Documents/ops/time-grading-language/src/components/tc-viewer.ts": {"lines":{"total":659,"covered":0,"skipped":0,"pct":0},"functions":{"total":1,"covered":1,"skipped":0,"pct":100},"statements":{"total":659,"covered":0,"skipped":0,"pct":0},"branches":{"total":1,"covered":1,"skipped":0,"pct":100}}
,"/home/mulhollandd/Documents/ops/time-grading-language/src/constants/catalog.ts": {"lines":{"total":89,"covered":85,"skipped":0,"pct":95.5},"functions":{"total":3,"covered":1,"skipped":0,"pct":33.33},"statements":{"total":89,"covered":85,"skipped":0,"pct":95.5},"branches":{"total":2,"covered":2,"skipped":0,"pct":100}}
,"/home/mulhollandd/Documents/ops/time-grading-language/src/constants/curves.ts": {"lines":{"total":100,"covered":100,"skipped":0,"pct":100},"functions":{"total":6,"covered":6,"skipped":0,"pct":100},"statements":{"total":100,"covered":100,"skipped":0,"pct":100},"branches":{"total":25,"covered":21,"skipped":0,"pct":84}}
,"/home/mulhollandd/Documents/ops/time-grading-language/src/constants/index.ts": {"lines":{"total":2,"covered":2,"skipped":0,"pct":100},"functions":{"total":0,"covered":0,"skipped":0,"pct":100},"statements":{"total":2,"covered":2,"skipped":0,"pct":100},"branches":{"total":0,"covered":0,"skipped":0,"pct":100}}
,"/home/mulhollandd/Documents/ops/time-grading-language/src/constants/sequence.ts": {"lines":{"total":43,"covered":43,"skipped":0,"pct":100},"functions":{"total":5,"covered":5,"skipped":0,"pct":100},"statements":{"total":43,"covered":43,"skipped":0,"pct":100},"branches":{"total":24,"covered":23,"skipped":0,"pct":95.83}}
,"/home/mulhollandd/Documents/ops/time-grading-language/src/editor/completions.ts": {"lines":{"total":240,"covered":144,"skipped":0,"pct":60},"functions":{"total":13,"covered":10,"skipped":0,"pct":76.92},"statements":{"total":240,"covered":144,"skipped":0,"pct":60},"branches":{"total":77,"covered":62,"skipped":0,"pct":80.51}}
,"/home/mulhollandd/Documents/ops/time-grading-language/src/editor/hover.ts": {"lines":{"total":76,"covered":36,"skipped":0,"pct":47.36},"functions":{"total":8,"covered":4,"skipped":0,"pct":50},"statements":{"total":76,"covered":36,"skipped":0,"pct":47.36},"branches":{"total":14,"covered":11,"skipped":0,"pct":78.57}}
,"/home/mulhollandd/Documents/ops/time-grading-language/src/editor/share.ts": {"lines":{"total":104,"covered":71,"skipped":0,"pct":68.26},"functions":{"total":14,"covered":8,"skipped":0,"pct":57.14},"statements":{"total":104,"covered":71,"skipped":0,"pct":68.26},"branches":{"total":35,"covered":32,"skipped":0,"pct":91.42}}
,"/home/mulhollandd/Documents/ops/time-grading-language/src/editor/snippets.ts": {"lines":{"total":84,"covered":82,"skipped":0,"pct":97.61},"functions":{"total":1,"covered":0,"skipped":0,"pct":0},"statements":{"total":84,"covered":82,"skipped":0,"pct":97.61},"branches":{"total":1,"covered":1,"skipped":0,"pct":100}}
,"/home/mulhollandd/Documents/ops/time-grading-language/src/export/export-pdf.ts": {"lines":{"total":232,"covered":57,"skipped":0,"pct":24.56},"functions":{"total":10,"covered":3,"skipped":0,"pct":30},"statements":{"total":232,"covered":57,"skipped":0,"pct":24.56},"branches":{"total":25,"covered":20,"skipped":0,"pct":80}}
,"/home/mulhollandd/Documents/ops/time-grading-language/src/export/export-png.ts": {"lines":{"total":66,"covered":5,"skipped":0,"pct":7.57},"functions":{"total":4,"covered":0,"skipped":0,"pct":0},"statements":{"total":66,"covered":5,"skipped":0,"pct":7.57},"branches":{"total":0,"covered":0,"skipped":0,"pct":100}}
,"/home/mulhollandd/Documents/ops/time-grading-language/src/export/exportable-svg.ts": {"lines":{"total":57,"covered":39,"skipped":0,"pct":68.42},"functions":{"total":4,"covered":3,"skipped":0,"pct":75},"statements":{"total":57,"covered":39,"skipped":0,"pct":68.42},"branches":{"total":8,"covered":3,"skipped":0,"pct":37.5}}
,"/home/mulhollandd/Documents/ops/time-grading-language/src/export/index.ts": {"lines":{"total":3,"covered":3,"skipped":0,"pct":100},"functions":{"total":0,"covered":0,"skipped":0,"pct":100},"statements":{"total":3,"covered":3,"skipped":0,"pct":100},"branches":{"total":0,"covered":0,"skipped":0,"pct":100}}
,"/home/mulhollandd/Documents/ops/time-grading-language/src/format/format.ts": {"lines":{"total":172,"covered":165,"skipped":0,"pct":95.93},"functions":{"total":7,"covered":7,"skipped":0,"pct":100},"statements":{"total":172,"covered":165,"skipped":0,"pct":95.93},"branches":{"total":108,"covered":101,"skipped":0,"pct":93.51}}
,"/home/mulhollandd/Documents/ops/time-grading-language/src/help/help-data.ts": {"lines":{"total":373,"covered":373,"skipped":0,"pct":100},"functions":{"total":2,"covered":2,"skipped":0,"pct":100},"statements":{"total":373,"covered":373,"skipped":0,"pct":100},"branches":{"total":9,"covered":9,"skipped":0,"pct":100}}
,"/home/mulhollandd/Documents/ops/time-grading-language/src/highlight/tc-highlight-style.ts": {"lines":{"total":64,"covered":0,"skipped":0,"pct":0},"functions":{"total":1,"covered":1,"skipped":0,"pct":100},"statements":{"total":64,"covered":0,"skipped":0,"pct":0},"branches":{"total":1,"covered":1,"skipped":0,"pct":100}}
,"/home/mulhollandd/Documents/ops/time-grading-language/src/highlight/tc-language.ts": {"lines":{"total":99,"covered":0,"skipped":0,"pct":0},"functions":{"total":1,"covered":1,"skipped":0,"pct":100},"statements":{"total":99,"covered":0,"skipped":0,"pct":0},"branches":{"total":1,"covered":1,"skipped":0,"pct":100}}
,"/home/mulhollandd/Documents/ops/time-grading-language/src/parser/ast.ts": {"lines":{"total":0,"covered":0,"skipped":0,"pct":100},"functions":{"total":0,"covered":0,"skipped":0,"pct":100},"statements":{"total":0,"covered":0,"skipped":0,"pct":100},"branches":{"total":0,"covered":0,"skipped":0,"pct":100}}
,"/home/mulhollandd/Documents/ops/time-grading-language/src/parser/index.ts": {"lines":{"total":2,"covered":2,"skipped":0,"pct":100},"functions":{"total":0,"covered":0,"skipped":0,"pct":100},"statements":{"total":2,"covered":2,"skipped":0,"pct":100},"branches":{"total":0,"covered":0,"skipped":0,"pct":100}}
,"/home/mulhollandd/Documents/ops/time-grading-language/src/parser/parser.ts": {"lines":{"total":2061,"covered":1788,"skipped":0,"pct":86.75},"functions":{"total":69,"covered":66,"skipped":0,"pct":95.65},"statements":{"total":2061,"covered":1788,"skipped":0,"pct":86.75},"branches":{"total":752,"covered":553,"skipped":0,"pct":73.53}}
,"/home/mulhollandd/Documents/ops/time-grading-language/src/renderer/index.ts": {"lines":{"total":5,"covered":5,"skipped":0,"pct":100},"functions":{"total":0,"covered":0,"skipped":0,"pct":100},"statements":{"total":5,"covered":5,"skipped":0,"pct":100},"branches":{"total":0,"covered":0,"skipped":0,"pct":100}}
,"/home/mulhollandd/Documents/ops/time-grading-language/src/renderer/labels.ts": {"lines":{"total":131,"covered":129,"skipped":0,"pct":98.47},"functions":{"total":15,"covered":14,"skipped":0,"pct":93.33},"statements":{"total":131,"covered":129,"skipped":0,"pct":98.47},"branches":{"total":79,"covered":75,"skipped":0,"pct":94.93}}
,"/home/mulhollandd/Documents/ops/time-grading-language/src/renderer/palette.ts": {"lines":{"total":65,"covered":51,"skipped":0,"pct":78.46},"functions":{"total":5,"covered":2,"skipped":0,"pct":40},"statements":{"total":65,"covered":51,"skipped":0,"pct":78.46},"branches":{"total":8,"covered":5,"skipped":0,"pct":62.5}}
,"/home/mulhollandd/Documents/ops/time-grading-language/src/renderer/scale.ts": {"lines":{"total":23,"covered":19,"skipped":0,"pct":82.6},"functions":{"total":4,"covered":3,"skipped":0,"pct":75},"statements":{"total":23,"covered":19,"skipped":0,"pct":82.6},"branches":{"total":7,"covered":6,"skipped":0,"pct":85.71}}
,"/home/mulhollandd/Documents/ops/time-grading-language/src/renderer/sheet.ts": {"lines":{"total":21,"covered":20,"skipped":0,"pct":95.23},"functions":{"total":2,"covered":2,"skipped":0,"pct":100},"statements":{"total":21,"covered":20,"skipped":0,"pct":95.23},"branches":{"total":17,"covered":15,"skipped":0,"pct":88.23}}
,"/home/mulhollandd/Documents/ops/time-grading-language/src/renderer/svg.ts": {"lines":{"total":2159,"covered":2029,"skipped":0,"pct":93.97},"functions":{"total":65,"covered":63,"skipped":0,"pct":96.92},"statements":{"total":2159,"covered":2029,"skipped":0,"pct":93.97},"branches":{"total":1058,"covered":852,"skipped":0,"pct":80.52}}
,"/home/mulhollandd/Documents/ops/time-grading-language/src/renderer/theme.ts": {"lines":{"total":49,"covered":49,"skipped":0,"pct":100},"functions":{"total":1,"covered":1,"skipped":0,"pct":100},"statements":{"total":49,"covered":49,"skipped":0,"pct":100},"branches":{"total":2,"covered":1,"skipped":0,"pct":50}}
,"/home/mulhollandd/Documents/ops/time-grading-language/src/renderer/ticks.ts": {"lines":{"total":68,"covered":61,"skipped":0,"pct":89.7},"functions":{"total":6,"covered":5,"skipped":0,"pct":83.33},"statements":{"total":68,"covered":61,"skipped":0,"pct":89.7},"branches":{"total":42,"covered":35,"skipped":0,"pct":83.33}}
,"/home/mulhollandd/Documents/ops/time-grading-language/src/semantics/combine.ts": {"lines":{"total":53,"covered":29,"skipped":0,"pct":54.71},"functions":{"total":4,"covered":3,"skipped":0,"pct":75},"statements":{"total":53,"covered":29,"skipped":0,"pct":54.71},"branches":{"total":15,"covered":12,"skipped":0,"pct":80}}
,"/home/mulhollandd/Documents/ops/time-grading-language/src/semantics/condition.ts": {"lines":{"total":64,"covered":62,"skipped":0,"pct":96.87},"functions":{"total":4,"covered":3,"skipped":0,"pct":75},"statements":{"total":64,"covered":62,"skipped":0,"pct":96.87},"branches":{"total":29,"covered":27,"skipped":0,"pct":93.1}}
,"/home/mulhollandd/Documents/ops/time-grading-language/src/semantics/curves.ts": {"lines":{"total":110,"covered":95,"skipped":0,"pct":86.36},"functions":{"total":12,"covered":11,"skipped":0,"pct":91.66},"statements":{"total":110,"covered":95,"skipped":0,"pct":86.36},"branches":{"total":66,"covered":41,"skipped":0,"pct":62.12}}
,"/home/mulhollandd/Documents/ops/time-grading-language/src/semantics/grades.ts": {"lines":{"total":613,"covered":504,"skipped":0,"pct":82.21},"functions":{"total":14,"covered":13,"skipped":0,"pct":92.85},"statements":{"total":613,"covered":504,"skipped":0,"pct":82.21},"branches":{"total":249,"covered":186,"skipped":0,"pct":74.69}}
,"/home/mulhollandd/Documents/ops/time-grading-language/src/semantics/index.ts": {"lines":{"total":9,"covered":9,"skipped":0,"pct":100},"functions":{"total":0,"covered":0,"skipped":0,"pct":100},"statements":{"total":9,"covered":9,"skipped":0,"pct":100},"branches":{"total":0,"covered":0,"skipped":0,"pct":100}}
,"/home/mulhollandd/Documents/ops/time-grading-language/src/semantics/model.ts": {"lines":{"total":471,"covered":459,"skipped":0,"pct":97.45},"functions":{"total":19,"covered":19,"skipped":0,"pct":100},"statements":{"total":471,"covered":459,"skipped":0,"pct":97.45},"branches":{"total":222,"covered":203,"skipped":0,"pct":91.44}}
,"/home/mulhollandd/Documents/ops/time-grading-language/src/semantics/quantity.ts": {"lines":{"total":123,"covered":123,"skipped":0,"pct":100},"functions":{"total":13,"covered":13,"skipped":0,"pct":100},"statements":{"total":123,"covered":123,"skipped":0,"pct":100},"branches":{"total":85,"covered":78,"skipped":0,"pct":91.76}}
,"/home/mulhollandd/Documents/ops/time-grading-language/src/semantics/solver.ts": {"lines":{"total":145,"covered":98,"skipped":0,"pct":67.58},"functions":{"total":6,"covered":5,"skipped":0,"pct":83.33},"statements":{"total":145,"covered":98,"skipped":0,"pct":67.58},"branches":{"total":30,"covered":18,"skipped":0,"pct":60}}
,"/home/mulhollandd/Documents/ops/time-grading-language/src/semantics/stages.ts": {"lines":{"total":45,"covered":45,"skipped":0,"pct":100},"functions":{"total":4,"covered":4,"skipped":0,"pct":100},"statements":{"total":45,"covered":45,"skipped":0,"pct":100},"branches":{"total":18,"covered":15,"skipped":0,"pct":83.33}}
,"/home/mulhollandd/Documents/ops/time-grading-language/src/semantics/units.ts": {"lines":{"total":106,"covered":93,"skipped":0,"pct":87.73},"functions":{"total":10,"covered":9,"skipped":0,"pct":90},"statements":{"total":106,"covered":93,"skipped":0,"pct":87.73},"branches":{"total":69,"covered":49,"skipped":0,"pct":71.01}}
,"/home/mulhollandd/Documents/ops/time-grading-language/src/semantics/validate.ts": {"lines":{"total":805,"covered":662,"skipped":0,"pct":82.23},"functions":{"total":24,"covered":23,"skipped":0,"pct":95.83},"statements":{"total":805,"covered":662,"skipped":0,"pct":82.23},"branches":{"total":388,"covered":327,"skipped":0,"pct":84.27}}
,"/home/mulhollandd/Documents/ops/time-grading-language/src/semantics/xvoltage.ts": {"lines":{"total":31,"covered":31,"skipped":0,"pct":100},"functions":{"total":3,"covered":3,"skipped":0,"pct":100},"statements":{"total":31,"covered":31,"skipped":0,"pct":100},"branches":{"total":22,"covered":22,"skipped":0,"pct":100}}
}
