{"total": {"lines":{"total":10674,"covered":9089,"skipped":0,"pct":85.15},"statements":{"total":10674,"covered":9089,"skipped":0,"pct":85.15},"functions":{"total":482,"covered":398,"skipped":0,"pct":82.57},"branches":{"total":4165,"covered":3388,"skipped":0,"pct":81.34},"branchesTrue":{"total":0,"covered":0,"skipped":0,"pct":100}}
,"/home/mulhollandd/Documents/ops/time-grading-language/src/cli.ts": {"lines":{"total":159,"covered":130,"skipped":0,"pct":81.76},"functions":{"total":5,"covered":5,"skipped":0,"pct":100},"statements":{"total":159,"covered":130,"skipped":0,"pct":81.76},"branches":{"total":83,"covered":69,"skipped":0,"pct":83.13}}
,"/home/mulhollandd/Documents/ops/time-grading-language/src/index.ts": {"lines":{"total":54,"covered":52,"skipped":0,"pct":96.29},"functions":{"total":3,"covered":3,"skipped":0,"pct":100},"statements":{"total":54,"covered":52,"skipped":0,"pct":96.29},"branches":{"total":14,"covered":10,"skipped":0,"pct":71.42}}
,"/home/mulhollandd/Documents/ops/time-grading-language/src/components/tc-app.ts": {"lines":{"total":561,"covered":367,"skipped":0,"pct":65.41},"functions":{"total":46,"covered":27,"skipped":0,"pct":58.69},"statements":{"total":561,"covered":367,"skipped":0,"pct":65.41},"branches":{"total":142,"covered":93,"skipped":0,"pct":65.49}}
,"/home/mulhollandd/Documents/ops/time-grading-language/src/components/tc-editor.ts": {"lines":{"total":147,"covered":97,"skipped":0,"pct":65.98},"functions":{"total":13,"covered":5,"skipped":0,"pct":38.46},"statements":{"total":147,"covered":97,"skipped":0,"pct":65.98},"branches":{"total":14,"covered":13,"skipped":0,"pct":92.85}}
,"/home/mulhollandd/Documents/ops/time-grading-language/src/components/tc-guide.ts": {"lines":{"total":132,"covered":102,"skipped":0,"pct":77.27},"functions":{"total":16,"covered":11,"skipped":0,"pct":68.75},"statements":{"total":132,"covered":102,"skipped":0,"pct":77.27},"branches":{"total":45,"covered":35,"skipped":0,"pct":77.77}}
,"/home/mulhollandd/Documents/ops/time-grading-language/src/components/tc-viewer.ts": {"lines":{"total":659,"covered":400,"skipped":0,"pct":60.69},"functions":{"total":40,"covered":24,"skipped":0,"pct":60},"statements":{"total":659,"covered":400,"skipped":0,"pct":60.69},"branches":{"total":157,"covered":79,"skipped":0,"pct":50.31}}
,"/home/mulhollandd/Documents/ops/time-grading-language/src/constants/catalog.ts": {"lines":{"total":89,"covered":85,"skipped":0,"pct":95.5},"functions":{"total":3,"covered":1,"skipped":0,"pct":33.33},"statements":{"total":89,"covered":85,"skipped":0,"pct":95.5},"branches":{"total":2,"covered":2,"skipped":0,"pct":100}}
,"/home/mulhollandd/Documents/ops/time-grading-language/src/constants/curves.ts": {"lines":{"total":100,"covered":100,"skipped":0,"pct":100},"functions":{"total":6,"covered":6,"skipped":0,"pct":100},"statements":{"total":100,"covered":100,"skipped":0,"pct":100},"branches":{"total":25,"covered":21,"skipped":0,"pct":84}}
,"/home/mulhollandd/Documents/ops/time-grading-language/src/constants/index.ts": {"lines":{"total":2,"covered":2,"skipped":0,"pct":100},"functions":{"total":0,"covered":0,"skipped":0,"pct":100},"statements":{"total":2,"covered":2,"skipped":0,"pct":100},"branches":{"total":0,"covered":0,"skipped":0,"pct":100}}
,"/home/mulhollandd/Documents/ops/time-grading-language/src/constants/sequence.ts": {"lines":{"total":43,"covered":43,"skipped":0,"pct":100},"functions":{"total":5,"covered":5,"skipped":0,"pct":100},"statements":{"total":43,"covered":43,"skipped":0,"pct":100},"branches":{"total":24,"covered":23,"skipped":0,"pct":95.83}}
,"/home/mulhollandd/Documents/ops/time-grading-language/src/editor/completions.ts": {"lines":{"total":240,"covered":207,"skipped":0,"pct":86.25},"functions":{"total":13,"covered":13,"skipped":0,"pct":100},"statements":{"total":240,"covered":207,"skipped":0,"pct":86.25},"branches":{"total":107,"covered":93,"skipped":0,"pct":86.91}}
,"/home/mulhollandd/Documents/ops/time-grading-language/src/editor/hover.ts": {"lines":{"total":78,"covered":44,"skipped":0,"pct":56.41},"functions":{"total":8,"covered":4,"skipped":0,"pct":50},"statements":{"total":78,"covered":44,"skipped":0,"pct":56.41},"branches":{"total":24,"covered":22,"skipped":0,"pct":91.66}}
,"/home/mulhollandd/Documents/ops/time-grading-language/src/editor/share.ts": {"lines":{"total":104,"covered":80,"skipped":0,"pct":76.92},"functions":{"total":14,"covered":10,"skipped":0,"pct":71.42},"statements":{"total":104,"covered":80,"skipped":0,"pct":76.92},"branches":{"total":43,"covered":36,"skipped":0,"pct":83.72}}
,"/home/mulhollandd/Documents/ops/time-grading-language/src/editor/snippets.ts": {"lines":{"total":81,"covered":81,"skipped":0,"pct":100},"functions":{"total":0,"covered":0,"skipped":0,"pct":100},"statements":{"total":81,"covered":81,"skipped":0,"pct":100},"branches":{"total":1,"covered":1,"skipped":0,"pct":100}}
,"/home/mulhollandd/Documents/ops/time-grading-language/src/export/export-pdf.ts": {"lines":{"total":232,"covered":57,"skipped":0,"pct":24.56},"functions":{"total":10,"covered":3,"skipped":0,"pct":30},"statements":{"total":232,"covered":57,"skipped":0,"pct":24.56},"branches":{"total":25,"covered":20,"skipped":0,"pct":80}}
,"/home/mulhollandd/Documents/ops/time-grading-language/src/export/export-png.ts": {"lines":{"total":66,"covered":5,"skipped":0,"pct":7.57},"functions":{"total":4,"covered":0,"skipped":0,"pct":0},"statements":{"total":66,"covered":5,"skipped":0,"pct":7.57},"branches":{"total":0,"covered":0,"skipped":0,"pct":100}}
,"/home/mulhollandd/Documents/ops/time-grading-language/src/export/exportable-svg.ts": {"lines":{"total":57,"covered":39,"skipped":0,"pct":68.42},"functions":{"total":4,"covered":3,"skipped":0,"pct":75},"statements":{"total":57,"covered":39,"skipped":0,"pct":68.42},"branches":{"total":10,"covered":6,"skipped":0,"pct":60}}
,"/home/mulhollandd/Documents/ops/time-grading-language/src/export/index.ts": {"lines":{"total":3,"covered":3,"skipped":0,"pct":100},"functions":{"total":0,"covered":0,"skipped":0,"pct":100},"statements":{"total":3,"covered":3,"skipped":0,"pct":100},"branches":{"total":0,"covered":0,"skipped":0,"pct":100}}
,"/home/mulhollandd/Documents/ops/time-grading-language/src/format/format.ts": {"lines":{"total":172,"covered":165,"skipped":0,"pct":95.93},"functions":{"total":7,"covered":7,"skipped":0,"pct":100},"statements":{"total":172,"covered":165,"skipped":0,"pct":95.93},"branches":{"total":111,"covered":104,"skipped":0,"pct":93.69}}
,"/home/mulhollandd/Documents/ops/time-grading-language/src/help/help-data.ts": {"lines":{"total":356,"covered":356,"skipped":0,"pct":100},"functions":{"total":2,"covered":2,"skipped":0,"pct":100},"statements":{"total":356,"covered":356,"skipped":0,"pct":100},"branches":{"total":9,"covered":9,"skipped":0,"pct":100}}
,"/home/mulhollandd/Documents/ops/time-grading-language/src/highlight/tc-highlight-style.ts": {"lines":{"total":64,"covered":64,"skipped":0,"pct":100},"functions":{"total":0,"covered":0,"skipped":0,"pct":100},"statements":{"total":64,"covered":64,"skipped":0,"pct":100},"branches":{"total":0,"covered":0,"skipped":0,"pct":100}}
,"/home/mulhollandd/Documents/ops/time-grading-language/src/highlight/tc-language.ts": {"lines":{"total":98,"covered":87,"skipped":0,"pct":88.77},"functions":{"total":4,"covered":3,"skipped":0,"pct":75},"statements":{"total":98,"covered":87,"skipped":0,"pct":88.77},"branches":{"total":47,"covered":43,"skipped":0,"pct":91.48}}
,"/home/mulhollandd/Documents/ops/time-grading-language/src/parser/ast.ts": {"lines":{"total":0,"covered":0,"skipped":0,"pct":100},"functions":{"total":0,"covered":0,"skipped":0,"pct":100},"statements":{"total":0,"covered":0,"skipped":0,"pct":100},"branches":{"total":0,"covered":0,"skipped":0,"pct":100}}
,"/home/mulhollandd/Documents/ops/time-grading-language/src/parser/index.ts": {"lines":{"total":2,"covered":2,"skipped":0,"pct":100},"functions":{"total":0,"covered":0,"skipped":0,"pct":100},"statements":{"total":2,"covered":2,"skipped":0,"pct":100},"branches":{"total":0,"covered":0,"skipped":0,"pct":100}}
,"/home/mulhollandd/Documents/ops/time-grading-language/src/parser/parser.ts": {"lines":{"total":2061,"covered":1848,"skipped":0,"pct":89.66},"functions":{"total":69,"covered":67,"skipped":0,"pct":97.1},"statements":{"total":2061,"covered":1848,"skipped":0,"pct":89.66},"branches":{"total":793,"covered":635,"skipped":0,"pct":80.07}}
,"/home/mulhollandd/Documents/ops/time-grading-language/src/renderer/index.ts": {"lines":{"total":5,"covered":5,"skipped":0,"pct":100},"functions":{"total":0,"covered":0,"skipped":0,"pct":100},"statements":{"total":5,"covered":5,"skipped":0,"pct":100},"branches":{"total":0,"covered":0,"skipped":0,"pct":100}}
,"/home/mulhollandd/Documents/ops/time-grading-language/src/renderer/labels.ts": {"lines":{"total":131,"covered":129,"skipped":0,"pct":98.47},"functions":{"total":15,"covered":14,"skipped":0,"pct":93.33},"statements":{"total":131,"covered":129,"skipped":0,"pct":98.47},"branches":{"total":79,"covered":75,"skipped":0,"pct":94.93}}
,"/home/mulhollandd/Documents/ops/time-grading-language/src/renderer/palette.ts": {"lines":{"total":65,"covered":51,"skipped":0,"pct":78.46},"functions":{"total":5,"covered":2,"skipped":0,"pct":40},"statements":{"total":65,"covered":51,"skipped":0,"pct":78.46},"branches":{"total":9,"covered":7,"skipped":0,"pct":77.77}}
,"/home/mulhollandd/Documents/ops/time-grading-language/src/renderer/scale.ts": {"lines":{"total":23,"covered":19,"skipped":0,"pct":82.6},"functions":{"total":4,"covered":3,"skipped":0,"pct":75},"statements":{"total":23,"covered":19,"skipped":0,"pct":82.6},"branches":{"total":7,"covered":6,"skipped":0,"pct":85.71}}
,"/home/mulhollandd/Documents/ops/time-grading-language/src/renderer/sheet.ts": {"lines":{"total":21,"covered":20,"skipped":0,"pct":95.23},"functions":{"total":2,"covered":2,"skipped":0,"pct":100},"statements":{"total":21,"covered":20,"skipped":0,"pct":95.23},"branches":{"total":17,"covered":15,"skipped":0,"pct":88.23}}
,"/home/mulhollandd/Documents/ops/time-grading-language/src/renderer/svg.ts": {"lines":{"total":2159,"covered":2043,"skipped":0,"pct":94.62},"functions":{"total":65,"covered":63,"skipped":0,"pct":96.92},"statements":{"total":2159,"covered":2043,"skipped":0,"pct":94.62},"branches":{"total":1080,"covered":878,"skipped":0,"pct":81.29}}
,"/home/mulhollandd/Documents/ops/time-grading-language/src/renderer/theme.ts": {"lines":{"total":49,"covered":49,"skipped":0,"pct":100},"functions":{"total":1,"covered":1,"skipped":0,"pct":100},"statements":{"total":49,"covered":49,"skipped":0,"pct":100},"branches":{"total":2,"covered":1,"skipped":0,"pct":50}}
,"/home/mulhollandd/Documents/ops/time-grading-language/src/renderer/ticks.ts": {"lines":{"total":68,"covered":61,"skipped":0,"pct":89.7},"functions":{"total":6,"covered":5,"skipped":0,"pct":83.33},"statements":{"total":68,"covered":61,"skipped":0,"pct":89.7},"branches":{"total":42,"covered":35,"skipped":0,"pct":83.33}}
,"/home/mulhollandd/Documents/ops/time-grading-language/src/semantics/combine.ts": {"lines":{"total":53,"covered":29,"skipped":0,"pct":54.71},"functions":{"total":4,"covered":3,"skipped":0,"pct":75},"statements":{"total":53,"covered":29,"skipped":0,"pct":54.71},"branches":{"total":15,"covered":12,"skipped":0,"pct":80}}
,"/home/mulhollandd/Documents/ops/time-grading-language/src/semantics/condition.ts": {"lines":{"total":61,"covered":61,"skipped":0,"pct":100},"functions":{"total":3,"covered":3,"skipped":0,"pct":100},"statements":{"total":61,"covered":61,"skipped":0,"pct":100},"branches":{"total":29,"covered":27,"skipped":0,"pct":93.1}}
,"/home/mulhollandd/Documents/ops/time-grading-language/src/semantics/curves.ts": {"lines":{"total":110,"covered":95,"skipped":0,"pct":86.36},"functions":{"total":12,"covered":11,"skipped":0,"pct":91.66},"statements":{"total":110,"covered":95,"skipped":0,"pct":86.36},"branches":{"total":68,"covered":45,"skipped":0,"pct":66.17}}
,"/home/mulhollandd/Documents/ops/time-grading-language/src/semantics/grades.ts": {"lines":{"total":613,"covered":520,"skipped":0,"pct":84.82},"functions":{"total":14,"covered":14,"skipped":0,"pct":100},"statements":{"total":613,"covered":520,"skipped":0,"pct":84.82},"branches":{"total":263,"covered":208,"skipped":0,"pct":79.08}}
,"/home/mulhollandd/Documents/ops/time-grading-language/src/semantics/index.ts": {"lines":{"total":9,"covered":9,"skipped":0,"pct":100},"functions":{"total":0,"covered":0,"skipped":0,"pct":100},"statements":{"total":9,"covered":9,"skipped":0,"pct":100},"branches":{"total":0,"covered":0,"skipped":0,"pct":100}}
,"/home/mulhollandd/Documents/ops/time-grading-language/src/semantics/model.ts": {"lines":{"total":471,"covered":463,"skipped":0,"pct":98.3},"functions":{"total":19,"covered":19,"skipped":0,"pct":100},"statements":{"total":471,"covered":463,"skipped":0,"pct":98.3},"branches":{"total":231,"covered":213,"skipped":0,"pct":92.2}}
,"/home/mulhollandd/Documents/ops/time-grading-language/src/semantics/quantity.ts": {"lines":{"total":123,"covered":123,"skipped":0,"pct":100},"functions":{"total":13,"covered":13,"skipped":0,"pct":100},"statements":{"total":123,"covered":123,"skipped":0,"pct":100},"branches":{"total":85,"covered":78,"skipped":0,"pct":91.76}}
,"/home/mulhollandd/Documents/ops/time-grading-language/src/semantics/solver.ts": {"lines":{"total":145,"covered":119,"skipped":0,"pct":82.06},"functions":{"total":7,"covered":7,"skipped":0,"pct":100},"statements":{"total":145,"covered":119,"skipped":0,"pct":82.06},"branches":{"total":37,"covered":25,"skipped":0,"pct":67.56}}
,"/home/mulhollandd/Documents/ops/time-grading-language/src/semantics/stages.ts": {"lines":{"total":45,"covered":45,"skipped":0,"pct":100},"functions":{"total":4,"covered":4,"skipped":0,"pct":100},"statements":{"total":45,"covered":45,"skipped":0,"pct":100},"branches":{"total":18,"covered":15,"skipped":0,"pct":83.33}}
,"/home/mulhollandd/Documents/ops/time-grading-language/src/semantics/units.ts": {"lines":{"total":106,"covered":93,"skipped":0,"pct":87.73},"functions":{"total":10,"covered":9,"skipped":0,"pct":90},"statements":{"total":106,"covered":93,"skipped":0,"pct":87.73},"branches":{"total":72,"covered":53,"skipped":0,"pct":73.61}}
,"/home/mulhollandd/Documents/ops/time-grading-language/src/semantics/validate.ts": {"lines":{"total":826,"covered":708,"skipped":0,"pct":85.71},"functions":{"total":23,"covered":23,"skipped":0,"pct":100},"statements":{"total":826,"covered":708,"skipped":0,"pct":85.71},"branches":{"total":413,"covered":359,"skipped":0,"pct":86.92}}
,"/home/mulhollandd/Documents/ops/time-grading-language/src/semantics/xvoltage.ts": {"lines":{"total":31,"covered":31,"skipped":0,"pct":100},"functions":{"total":3,"covered":3,"skipped":0,"pct":100},"statements":{"total":31,"covered":31,"skipped":0,"pct":100},"branches":{"total":22,"covered":22,"skipped":0,"pct":100}}
}
